{"/home/runner/work/the-last-dance/the-last-dance/scripts/trending/lib.ts": {"path":"/home/runner/work/the-last-dance/the-last-dance/scripts/trending/lib.ts","statementMap":{"0":{"start":{"line":13,"column":13},"end":{"line":13,"column":23}},"1":{"start":{"line":313,"column":13},"end":{"line":313,"column":27}},"2":{"start":{"line":267,"column":13},"end":{"line":267,"column":27}},"3":{"start":{"line":129,"column":13},"end":{"line":129,"column":34}},"4":{"start":{"line":72,"column":13},"end":{"line":72,"column":29}},"5":{"start":{"line":199,"column":13},"end":{"line":199,"column":25}},"6":{"start":{"line":83,"column":13},"end":{"line":83,"column":29}},"7":{"start":{"line":96,"column":13},"end":{"line":96,"column":25}},"8":{"start":{"line":10,"column":19},"end":{"line":10,"column":null}},"9":{"start":{"line":11,"column":31},"end":{"line":11,"column":null}},"10":{"start":{"line":13,"column":23},"end":{"line":45,"column":null}},"11":{"start":{"line":72,"column":29},"end":{"line":75,"column":null}},"12":{"start":{"line":73,"column":21},"end":{"line":73,"column":null}},"13":{"start":{"line":74,"column":4},"end":{"line":74,"column":null}},"14":{"start":{"line":74,"column":40},"end":{"line":74,"column":null}},"15":{"start":{"line":83,"column":29},"end":{"line":88,"column":null}},"16":{"start":{"line":84,"column":20},"end":{"line":84,"column":null}},"17":{"start":{"line":85,"column":4},"end":{"line":85,"column":null}},"18":{"start":{"line":85,"column":31},"end":{"line":85,"column":null}},"19":{"start":{"line":86,"column":20},"end":{"line":86,"column":null}},"20":{"start":{"line":87,"column":4},"end":{"line":87,"column":null}},"21":{"start":{"line":96,"column":25},"end":{"line":104,"column":null}},"22":{"start":{"line":97,"column":20},"end":{"line":97,"column":null}},"23":{"start":{"line":98,"column":4},"end":{"line":98,"column":null}},"24":{"start":{"line":98,"column":30},"end":{"line":98,"column":null}},"25":{"start":{"line":99,"column":21},"end":{"line":99,"column":null}},"26":{"start":{"line":99,"column":47},"end":{"line":99,"column":null}},"27":{"start":{"line":100,"column":21},"end":{"line":100,"column":null}},"28":{"start":{"line":102,"column":23},"end":{"line":102,"column":null}},"29":{"start":{"line":103,"column":4},"end":{"line":103,"column":null}},"30":{"start":{"line":107,"column":26},"end":{"line":107,"column":null}},"31":{"start":{"line":108,"column":29},"end":{"line":108,"column":null}},"32":{"start":{"line":110,"column":26},"end":{"line":110,"column":null}},"33":{"start":{"line":112,"column":26},"end":{"line":121,"column":null}},"34":{"start":{"line":129,"column":34},"end":{"line":136,"column":null}},"35":{"start":{"line":130,"column":19},"end":{"line":131,"column":null}},"36":{"start":{"line":131,"column":8},"end":{"line":131,"column":null}},"37":{"start":{"line":133,"column":4},"end":{"line":133,"column":null}},"38":{"start":{"line":133,"column":31},"end":{"line":133,"column":62}},"39":{"start":{"line":133,"column":62},"end":{"line":133,"column":null}},"40":{"start":{"line":134,"column":23},"end":{"line":134,"column":null}},"41":{"start":{"line":135,"column":4},"end":{"line":135,"column":null}},"42":{"start":{"line":138,"column":20},"end":{"line":146,"column":null}},"43":{"start":{"line":147,"column":24},"end":{"line":147,"column":null}},"44":{"start":{"line":149,"column":27},"end":{"line":156,"column":null}},"45":{"start":{"line":157,"column":27},"end":{"line":157,"column":null}},"46":{"start":{"line":159,"column":25},"end":{"line":166,"column":null}},"47":{"start":{"line":167,"column":28},"end":{"line":169,"column":null}},"48":{"start":{"line":171,"column":25},"end":{"line":178,"column":null}},"49":{"start":{"line":179,"column":28},"end":{"line":179,"column":null}},"50":{"start":{"line":181,"column":34},"end":{"line":181,"column":null}},"51":{"start":{"line":188,"column":21},"end":{"line":196,"column":null}},"52":{"start":{"line":193,"column":19},"end":{"line":193,"column":null}},"53":{"start":{"line":194,"column":4},"end":{"line":194,"column":null}},"54":{"start":{"line":194,"column":25},"end":{"line":194,"column":null}},"55":{"start":{"line":195,"column":4},"end":{"line":195,"column":null}},"56":{"start":{"line":199,"column":25},"end":{"line":262,"column":null}},"57":{"start":{"line":201,"column":8},"end":{"line":209,"column":null}},"58":{"start":{"line":201,"column":69},"end":{"line":209,"column":null}},"59":{"start":{"line":211,"column":8},"end":{"line":219,"column":null}},"60":{"start":{"line":211,"column":74},"end":{"line":219,"column":null}},"61":{"start":{"line":221,"column":8},"end":{"line":229,"column":null}},"62":{"start":{"line":221,"column":91},"end":{"line":229,"column":null}},"63":{"start":{"line":231,"column":8},"end":{"line":239,"column":null}},"64":{"start":{"line":231,"column":79},"end":{"line":239,"column":null}},"65":{"start":{"line":244,"column":8},"end":{"line":261,"column":null}},"66":{"start":{"line":247,"column":29},"end":{"line":247,"column":null}},"67":{"start":{"line":248,"column":34},"end":{"line":248,"column":null}},"68":{"start":{"line":249,"column":31},"end":{"line":250,"column":null}},"69":{"start":{"line":250,"column":20},"end":{"line":250,"column":null}},"70":{"start":{"line":252,"column":16},"end":{"line":260,"column":null}},"71":{"start":{"line":267,"column":27},"end":{"line":274,"column":null}},"72":{"start":{"line":268,"column":18},"end":{"line":268,"column":null}},"73":{"start":{"line":269,"column":4},"end":{"line":272,"column":null}},"74":{"start":{"line":270,"column":25},"end":{"line":270,"column":null}},"75":{"start":{"line":271,"column":8},"end":{"line":271,"column":null}},"76":{"start":{"line":271,"column":54},"end":{"line":271,"column":null}},"77":{"start":{"line":273,"column":4},"end":{"line":273,"column":null}},"78":{"start":{"line":276,"column":21},"end":{"line":289,"column":null}},"79":{"start":{"line":277,"column":4},"end":{"line":289,"column":null}},"80":{"start":{"line":313,"column":27},"end":{"line":364,"column":null}},"81":{"start":{"line":317,"column":18},"end":{"line":325,"column":null}},"82":{"start":{"line":327,"column":4},"end":{"line":345,"column":null}},"83":{"start":{"line":328,"column":8},"end":{"line":343,"column":null}},"84":{"start":{"line":347,"column":4},"end":{"line":353,"column":null}},"85":{"start":{"line":348,"column":8},"end":{"line":348,"column":null}},"86":{"start":{"line":349,"column":8},"end":{"line":350,"column":null}},"87":{"start":{"line":350,"column":12},"end":{"line":350,"column":null}},"88":{"start":{"line":352,"column":8},"end":{"line":352,"column":null}},"89":{"start":{"line":355,"column":4},"end":{"line":361,"column":null}},"90":{"start":{"line":356,"column":8},"end":{"line":356,"column":null}},"91":{"start":{"line":357,"column":8},"end":{"line":358,"column":null}},"92":{"start":{"line":358,"column":12},"end":{"line":358,"column":null}},"93":{"start":{"line":360,"column":8},"end":{"line":360,"column":null}},"94":{"start":{"line":363,"column":4},"end":{"line":363,"column":null}}},"fnMap":{"0":{"name":"(anonymous_12)","decl":{"start":{"line":72,"column":29},"end":{"line":72,"column":30}},"loc":{"start":{"line":72,"column":81},"end":{"line":75,"column":null}}},"1":{"name":"(anonymous_13)","decl":{"start":{"line":74,"column":27},"end":{"line":74,"column":28}},"loc":{"start":{"line":74,"column":40},"end":{"line":74,"column":null}}},"2":{"name":"(anonymous_14)","decl":{"start":{"line":83,"column":29},"end":{"line":83,"column":30}},"loc":{"start":{"line":83,"column":90},"end":{"line":88,"column":null}}},"3":{"name":"(anonymous_15)","decl":{"start":{"line":96,"column":25},"end":{"line":96,"column":26}},"loc":{"start":{"line":96,"column":44},"end":{"line":104,"column":null}}},"4":{"name":"(anonymous_16)","decl":{"start":{"line":99,"column":34},"end":{"line":99,"column":35}},"loc":{"start":{"line":99,"column":47},"end":{"line":99,"column":null}}},"5":{"name":"(anonymous_17)","decl":{"start":{"line":129,"column":34},"end":{"line":129,"column":35}},"loc":{"start":{"line":129,"column":35},"end":{"line":136,"column":null}}},"6":{"name":"(anonymous_18)","decl":{"start":{"line":130,"column":45},"end":{"line":130,"column":46}},"loc":{"start":{"line":131,"column":8},"end":{"line":131,"column":null}}},"7":{"name":"(anonymous_19)","decl":{"start":{"line":133,"column":20},"end":{"line":133,"column":21}},"loc":{"start":{"line":133,"column":31},"end":{"line":133,"column":62}}},"8":{"name":"(anonymous_20)","decl":{"start":{"line":188,"column":21},"end":{"line":188,"column":null}},"loc":{"start":{"line":191,"column":4},"end":{"line":196,"column":null}}},"9":{"name":"(anonymous_21)","decl":{"start":{"line":200,"column":8},"end":{"line":200,"column":9}},"loc":{"start":{"line":201,"column":8},"end":{"line":209,"column":null}}},"10":{"name":"(anonymous_22)","decl":{"start":{"line":201,"column":59},"end":{"line":201,"column":60}},"loc":{"start":{"line":201,"column":69},"end":{"line":209,"column":null}}},"11":{"name":"(anonymous_23)","decl":{"start":{"line":210,"column":11},"end":{"line":210,"column":12}},"loc":{"start":{"line":211,"column":8},"end":{"line":219,"column":null}}},"12":{"name":"(anonymous_24)","decl":{"start":{"line":211,"column":60},"end":{"line":211,"column":61}},"loc":{"start":{"line":211,"column":74},"end":{"line":219,"column":null}}},"13":{"name":"(anonymous_25)","decl":{"start":{"line":220,"column":12},"end":{"line":220,"column":13}},"loc":{"start":{"line":221,"column":8},"end":{"line":229,"column":null}}},"14":{"name":"(anonymous_26)","decl":{"start":{"line":221,"column":76},"end":{"line":221,"column":77}},"loc":{"start":{"line":221,"column":91},"end":{"line":229,"column":null}}},"15":{"name":"(anonymous_27)","decl":{"start":{"line":230,"column":12},"end":{"line":230,"column":13}},"loc":{"start":{"line":231,"column":8},"end":{"line":239,"column":null}}},"16":{"name":"(anonymous_28)","decl":{"start":{"line":231,"column":68},"end":{"line":231,"column":69}},"loc":{"start":{"line":231,"column":79},"end":{"line":239,"column":null}}},"17":{"name":"(anonymous_29)","decl":{"start":{"line":243,"column":18},"end":{"line":243,"column":19}},"loc":{"start":{"line":244,"column":8},"end":{"line":261,"column":null}}},"18":{"name":"(anonymous_30)","decl":{"start":{"line":246,"column":17},"end":{"line":246,"column":18}},"loc":{"start":{"line":246,"column":18},"end":{"line":261,"column":null}}},"19":{"name":"(anonymous_31)","decl":{"start":{"line":249,"column":56},"end":{"line":249,"column":57}},"loc":{"start":{"line":250,"column":20},"end":{"line":250,"column":null}}},"20":{"name":"(anonymous_32)","decl":{"start":{"line":267,"column":27},"end":{"line":267,"column":70}},"loc":{"start":{"line":267,"column":70},"end":{"line":274,"column":null}}},"21":{"name":"(anonymous_33)","decl":{"start":{"line":276,"column":21},"end":{"line":276,"column":22}},"loc":{"start":{"line":277,"column":4},"end":{"line":289,"column":null}}},"22":{"name":"(anonymous_34)","decl":{"start":{"line":313,"column":27},"end":{"line":313,"column":null}},"loc":{"start":{"line":315,"column":72},"end":{"line":364,"column":null}}},"23":{"name":"(anonymous_35)","decl":{"start":{"line":327,"column":19},"end":{"line":327,"column":20}},"loc":{"start":{"line":327,"column":27},"end":{"line":345,"column":null}}},"24":{"name":"(anonymous_36)","decl":{"start":{"line":349,"column":30},"end":{"line":349,"column":31}},"loc":{"start":{"line":350,"column":12},"end":{"line":350,"column":null}}},"25":{"name":"(anonymous_37)","decl":{"start":{"line":357,"column":28},"end":{"line":357,"column":29}},"loc":{"start":{"line":358,"column":12},"end":{"line":358,"column":null}}}},"branchMap":{"0":{"loc":{"start":{"line":72,"column":44},"end":{"line":72,"column":81}},"type":"default-arg","locations":[{"start":{"line":72,"column":65},"end":{"line":72,"column":81}}]},"1":{"loc":{"start":{"line":73,"column":22},"end":{"line":73,"column":31}},"type":"binary-expr","locations":[{"start":{"line":73,"column":22},"end":{"line":73,"column":30}},{"start":{"line":73,"column":30},"end":{"line":73,"column":31}}]},"2":{"loc":{"start":{"line":83,"column":74},"end":{"line":83,"column":90}},"type":"default-arg","locations":[{"start":{"line":83,"column":89},"end":{"line":83,"column":90}}]},"3":{"loc":{"start":{"line":84,"column":31},"end":{"line":84,"column":null}},"type":"binary-expr","locations":[{"start":{"line":84,"column":31},"end":{"line":84,"column":44}},{"start":{"line":84,"column":44},"end":{"line":84,"column":null}}]},"4":{"loc":{"start":{"line":85,"column":4},"end":{"line":85,"column":null}},"type":"if","locations":[{"start":{"line":85,"column":4},"end":{"line":85,"column":null}}]},"5":{"loc":{"start":{"line":97,"column":51},"end":{"line":97,"column":68}},"type":"binary-expr","locations":[{"start":{"line":97,"column":51},"end":{"line":97,"column":60}},{"start":{"line":97,"column":64},"end":{"line":97,"column":68}}]},"6":{"loc":{"start":{"line":98,"column":4},"end":{"line":98,"column":null}},"type":"if","locations":[{"start":{"line":98,"column":4},"end":{"line":98,"column":null}}]},"7":{"loc":{"start":{"line":100,"column":45},"end":{"line":100,"column":null}},"type":"cond-expr","locations":[{"start":{"line":100,"column":56},"end":{"line":100,"column":75}},{"start":{"line":100,"column":78},"end":{"line":100,"column":null}}]},"8":{"loc":{"start":{"line":130,"column":20},"end":{"line":130,"column":38}},"type":"binary-expr","locations":[{"start":{"line":130,"column":20},"end":{"line":130,"column":37}},{"start":{"line":130,"column":37},"end":{"line":130,"column":38}}]},"9":{"loc":{"start":{"line":131,"column":9},"end":{"line":131,"column":63}},"type":"cond-expr","locations":[{"start":{"line":131,"column":37},"end":{"line":131,"column":46}},{"start":{"line":131,"column":46},"end":{"line":131,"column":63}}]},"10":{"loc":{"start":{"line":131,"column":46},"end":{"line":131,"column":63}},"type":"binary-expr","locations":[{"start":{"line":131,"column":46},"end":{"line":131,"column":61}},{"start":{"line":131,"column":61},"end":{"line":131,"column":63}}]},"11":{"loc":{"start":{"line":133,"column":4},"end":{"line":133,"column":null}},"type":"if","locations":[{"start":{"line":133,"column":4},"end":{"line":133,"column":null}}]},"12":{"loc":{"start":{"line":134,"column":24},"end":{"line":134,"column":49}},"type":"binary-expr","locations":[{"start":{"line":134,"column":24},"end":{"line":134,"column":43}},{"start":{"line":134,"column":43},"end":{"line":134,"column":49}}]},"13":{"loc":{"start":{"line":134,"column":49},"end":{"line":134,"column":null}},"type":"binary-expr","locations":[{"start":{"line":134,"column":49},"end":{"line":134,"column":82}},{"start":{"line":134,"column":82},"end":{"line":134,"column":null}}]},"14":{"loc":{"start":{"line":194,"column":4},"end":{"line":194,"column":null}},"type":"if","locations":[{"start":{"line":194,"column":4},"end":{"line":194,"column":null}}]},"15":{"loc":{"start":{"line":202,"column":19},"end":{"line":202,"column":null}},"type":"binary-expr","locations":[{"start":{"line":202,"column":19},"end":{"line":202,"column":28}},{"start":{"line":202,"column":32},"end":{"line":202,"column":null}}]},"16":{"loc":{"start":{"line":203,"column":17},"end":{"line":203,"column":82}},"type":"binary-expr","locations":[{"start":{"line":203,"column":17},"end":{"line":203,"column":24}},{"start":{"line":203,"column":28},"end":{"line":203,"column":82}}]},"17":{"loc":{"start":{"line":205,"column":25},"end":{"line":205,"column":41}},"type":"binary-expr","locations":[{"start":{"line":205,"column":25},"end":{"line":205,"column":35}},{"start":{"line":205,"column":39},"end":{"line":205,"column":41}}]},"18":{"loc":{"start":{"line":205,"column":52},"end":{"line":205,"column":74}},"type":"binary-expr","locations":[{"start":{"line":205,"column":52},"end":{"line":205,"column":68}},{"start":{"line":205,"column":72},"end":{"line":205,"column":74}}]},"19":{"loc":{"start":{"line":206,"column":25},"end":{"line":206,"column":45}},"type":"binary-expr","locations":[{"start":{"line":206,"column":25},"end":{"line":206,"column":35}},{"start":{"line":206,"column":39},"end":{"line":206,"column":45}}]},"20":{"loc":{"start":{"line":206,"column":45},"end":{"line":206,"column":null}},"type":"binary-expr","locations":[{"start":{"line":206,"column":45},"end":{"line":206,"column":61}},{"start":{"line":206,"column":65},"end":{"line":206,"column":null}}]},"21":{"loc":{"start":{"line":208,"column":19},"end":{"line":208,"column":33}},"type":"binary-expr","locations":[{"start":{"line":208,"column":19},"end":{"line":208,"column":28}},{"start":{"line":208,"column":32},"end":{"line":208,"column":33}}]},"22":{"loc":{"start":{"line":212,"column":19},"end":{"line":212,"column":null}},"type":"binary-expr","locations":[{"start":{"line":212,"column":19},"end":{"line":212,"column":32}},{"start":{"line":212,"column":36},"end":{"line":212,"column":null}}]},"23":{"loc":{"start":{"line":213,"column":17},"end":{"line":213,"column":null}},"type":"binary-expr","locations":[{"start":{"line":213,"column":17},"end":{"line":213,"column":28}},{"start":{"line":213,"column":32},"end":{"line":213,"column":null}}]},"24":{"loc":{"start":{"line":215,"column":25},"end":{"line":215,"column":63}},"type":"binary-expr","locations":[{"start":{"line":215,"column":25},"end":{"line":215,"column":57}},{"start":{"line":215,"column":61},"end":{"line":215,"column":63}}]},"25":{"loc":{"start":{"line":215,"column":77},"end":{"line":215,"column":105}},"type":"binary-expr","locations":[{"start":{"line":215,"column":77},"end":{"line":215,"column":99}},{"start":{"line":215,"column":103},"end":{"line":215,"column":105}}]},"26":{"loc":{"start":{"line":216,"column":25},"end":{"line":216,"column":67}},"type":"binary-expr","locations":[{"start":{"line":216,"column":25},"end":{"line":216,"column":57}},{"start":{"line":216,"column":61},"end":{"line":216,"column":67}}]},"27":{"loc":{"start":{"line":216,"column":67},"end":{"line":216,"column":null}},"type":"binary-expr","locations":[{"start":{"line":216,"column":67},"end":{"line":216,"column":89}},{"start":{"line":216,"column":93},"end":{"line":216,"column":null}}]},"28":{"loc":{"start":{"line":218,"column":19},"end":{"line":218,"column":40}},"type":"binary-expr","locations":[{"start":{"line":218,"column":19},"end":{"line":218,"column":35}},{"start":{"line":218,"column":39},"end":{"line":218,"column":40}}]},"29":{"loc":{"start":{"line":222,"column":19},"end":{"line":222,"column":null}},"type":"binary-expr","locations":[{"start":{"line":222,"column":19},"end":{"line":222,"column":29}},{"start":{"line":222,"column":33},"end":{"line":222,"column":null}}]},"30":{"loc":{"start":{"line":223,"column":42},"end":{"line":223,"column":64}},"type":"binary-expr","locations":[{"start":{"line":223,"column":42},"end":{"line":223,"column":56}},{"start":{"line":223,"column":60},"end":{"line":223,"column":64}}]},"31":{"loc":{"start":{"line":225,"column":25},"end":{"line":225,"column":41}},"type":"binary-expr","locations":[{"start":{"line":225,"column":25},"end":{"line":225,"column":35}},{"start":{"line":225,"column":39},"end":{"line":225,"column":41}}]},"32":{"loc":{"start":{"line":225,"column":53},"end":{"line":225,"column":76}},"type":"binary-expr","locations":[{"start":{"line":225,"column":53},"end":{"line":225,"column":70}},{"start":{"line":225,"column":74},"end":{"line":225,"column":76}}]},"33":{"loc":{"start":{"line":226,"column":25},"end":{"line":226,"column":45}},"type":"binary-expr","locations":[{"start":{"line":226,"column":25},"end":{"line":226,"column":35}},{"start":{"line":226,"column":39},"end":{"line":226,"column":45}}]},"34":{"loc":{"start":{"line":226,"column":45},"end":{"line":226,"column":null}},"type":"binary-expr","locations":[{"start":{"line":226,"column":45},"end":{"line":226,"column":62}},{"start":{"line":226,"column":66},"end":{"line":226,"column":null}}]},"35":{"loc":{"start":{"line":227,"column":33},"end":{"line":227,"column":58}},"type":"binary-expr","locations":[{"start":{"line":227,"column":33},"end":{"line":227,"column":49}},{"start":{"line":227,"column":53},"end":{"line":227,"column":58}}]},"36":{"loc":{"start":{"line":228,"column":18},"end":{"line":228,"column":null}},"type":"binary-expr","locations":[{"start":{"line":228,"column":18},"end":{"line":228,"column":32}},{"start":{"line":228,"column":36},"end":{"line":228,"column":null}}]},"37":{"loc":{"start":{"line":232,"column":41},"end":{"line":232,"column":65}},"type":"binary-expr","locations":[{"start":{"line":232,"column":41},"end":{"line":232,"column":57}},{"start":{"line":232,"column":61},"end":{"line":232,"column":65}}]},"38":{"loc":{"start":{"line":233,"column":17},"end":{"line":233,"column":null}},"type":"binary-expr","locations":[{"start":{"line":233,"column":17},"end":{"line":233,"column":30}},{"start":{"line":233,"column":34},"end":{"line":233,"column":null}}]},"39":{"loc":{"start":{"line":235,"column":25},"end":{"line":235,"column":52}},"type":"binary-expr","locations":[{"start":{"line":235,"column":25},"end":{"line":235,"column":46}},{"start":{"line":235,"column":50},"end":{"line":235,"column":52}}]},"40":{"loc":{"start":{"line":236,"column":24},"end":{"line":236,"column":null}},"type":"binary-expr","locations":[{"start":{"line":236,"column":24},"end":{"line":236,"column":45}},{"start":{"line":236,"column":49},"end":{"line":236,"column":null}}]},"41":{"loc":{"start":{"line":238,"column":19},"end":{"line":238,"column":35}},"type":"binary-expr","locations":[{"start":{"line":238,"column":19},"end":{"line":238,"column":30}},{"start":{"line":238,"column":34},"end":{"line":238,"column":35}}]},"42":{"loc":{"start":{"line":247,"column":29},"end":{"line":247,"column":null}},"type":"binary-expr","locations":[{"start":{"line":247,"column":29},"end":{"line":247,"column":77}},{"start":{"line":247,"column":81},"end":{"line":247,"column":null}}]},"43":{"loc":{"start":{"line":247,"column":30},"end":{"line":247,"column":55}},"type":"binary-expr","locations":[{"start":{"line":247,"column":30},"end":{"line":247,"column":50}},{"start":{"line":247,"column":54},"end":{"line":247,"column":55}}]},"44":{"loc":{"start":{"line":248,"column":34},"end":{"line":248,"column":null}},"type":"binary-expr","locations":[{"start":{"line":248,"column":34},"end":{"line":248,"column":66}},{"start":{"line":248,"column":66},"end":{"line":248,"column":null}}]},"45":{"loc":{"start":{"line":249,"column":32},"end":{"line":249,"column":49}},"type":"binary-expr","locations":[{"start":{"line":249,"column":32},"end":{"line":249,"column":44}},{"start":{"line":249,"column":48},"end":{"line":249,"column":49}}]},"46":{"loc":{"start":{"line":250,"column":20},"end":{"line":250,"column":null}},"type":"cond-expr","locations":[{"start":{"line":250,"column":48},"end":{"line":250,"column":57}},{"start":{"line":250,"column":57},"end":{"line":250,"column":null}}]},"47":{"loc":{"start":{"line":250,"column":57},"end":{"line":250,"column":null}},"type":"binary-expr","locations":[{"start":{"line":250,"column":57},"end":{"line":250,"column":72}},{"start":{"line":250,"column":72},"end":{"line":250,"column":null}}]},"48":{"loc":{"start":{"line":253,"column":27},"end":{"line":253,"column":null}},"type":"cond-expr","locations":[{"start":{"line":253,"column":34},"end":{"line":253,"column":76}},{"start":{"line":253,"column":76},"end":{"line":253,"column":null}}]},"49":{"loc":{"start":{"line":253,"column":46},"end":{"line":253,"column":65}},"type":"binary-expr","locations":[{"start":{"line":253,"column":46},"end":{"line":253,"column":57}},{"start":{"line":253,"column":61},"end":{"line":253,"column":65}}]},"50":{"loc":{"start":{"line":253,"column":76},"end":{"line":253,"column":null}},"type":"binary-expr","locations":[{"start":{"line":253,"column":76},"end":{"line":253,"column":87}},{"start":{"line":253,"column":91},"end":{"line":253,"column":null}}]},"51":{"loc":{"start":{"line":254,"column":25},"end":{"line":254,"column":null}},"type":"binary-expr","locations":[{"start":{"line":254,"column":25},"end":{"line":254,"column":39}},{"start":{"line":254,"column":43},"end":{"line":254,"column":null}}]},"52":{"loc":{"start":{"line":256,"column":33},"end":{"line":256,"column":53}},"type":"binary-expr","locations":[{"start":{"line":256,"column":33},"end":{"line":256,"column":47}},{"start":{"line":256,"column":51},"end":{"line":256,"column":53}}]},"53":{"loc":{"start":{"line":257,"column":33},"end":{"line":257,"column":56}},"type":"binary-expr","locations":[{"start":{"line":257,"column":33},"end":{"line":257,"column":47}},{"start":{"line":257,"column":51},"end":{"line":257,"column":56}}]},"54":{"loc":{"start":{"line":258,"column":31},"end":{"line":258,"column":67}},"type":"binary-expr","locations":[{"start":{"line":258,"column":31},"end":{"line":258,"column":47}},{"start":{"line":258,"column":51},"end":{"line":258,"column":67}}]},"55":{"loc":{"start":{"line":271,"column":8},"end":{"line":271,"column":null}},"type":"if","locations":[{"start":{"line":271,"column":8},"end":{"line":271,"column":null}}]},"56":{"loc":{"start":{"line":271,"column":12},"end":{"line":271,"column":52}},"type":"binary-expr","locations":[{"start":{"line":271,"column":12},"end":{"line":271,"column":25}},{"start":{"line":271,"column":25},"end":{"line":271,"column":52}}]},"57":{"loc":{"start":{"line":315,"column":19},"end":{"line":315,"column":37}},"type":"default-arg","locations":[{"start":{"line":315,"column":35},"end":{"line":315,"column":37}}]},"58":{"loc":{"start":{"line":315,"column":39},"end":{"line":315,"column":55}},"type":"default-arg","locations":[{"start":{"line":315,"column":53},"end":{"line":315,"column":55}}]},"59":{"loc":{"start":{"line":347,"column":4},"end":{"line":353,"column":null}},"type":"if","locations":[{"start":{"line":347,"column":4},"end":{"line":353,"column":null}}]},"60":{"loc":{"start":{"line":355,"column":4},"end":{"line":361,"column":null}},"type":"if","locations":[{"start":{"line":355,"column":4},"end":{"line":361,"column":null}}]}},"s":{"0":0,"1":1,"2":1,"3":4,"4":2,"5":13,"6":3,"7":3,"8":1,"9":1,"10":1,"11":1,"12":5,"13":5,"14":125,"15":1,"16":5,"17":5,"18":1,"19":4,"20":4,"21":1,"22":3,"23":3,"24":1,"25":2,"26":2,"27":2,"28":2,"29":2,"30":1,"31":1,"32":1,"33":1,"34":1,"35":6,"36":3,"37":6,"38":3,"39":1,"40":5,"41":5,"42":1,"43":1,"44":1,"45":1,"46":1,"47":1,"48":1,"49":1,"50":1,"51":1,"52":13,"53":13,"54":6,"55":7,"56":1,"57":4,"58":2,"59":3,"60":1,"61":2,"62":1,"63":2,"64":1,"65":2,"66":1,"67":1,"68":1,"69":1,"70":1,"71":1,"72":1,"73":1,"74":3,"75":3,"76":3,"77":1,"78":1,"79":1,"80":1,"81":1,"82":1,"83":1,"84":1,"85":1,"86":1,"87":1,"88":1,"89":1,"90":1,"91":1,"92":1,"93":1,"94":1},"f":{"0":5,"1":125,"2":5,"3":3,"4":2,"5":6,"6":3,"7":3,"8":13,"9":4,"10":2,"11":3,"12":1,"13":2,"14":1,"15":2,"16":1,"17":2,"18":1,"19":1,"20":1,"21":1,"22":1,"23":1,"24":1,"25":1},"b":{"0":[5],"1":[5,0],"2":[5],"3":[5,0],"4":[1],"5":[3,3],"6":[1],"7":[1,1],"8":[6,3],"9":[1,2],"10":[2,0],"11":[1],"12":[5,0],"13":[5,1],"14":[6],"15":[2,1],"16":[2,2],"17":[2,1],"18":[2,1],"19":[2,1],"20":[2,1],"21":[2,2],"22":[1,0],"23":[1,0],"24":[1,0],"25":[1,0],"26":[1,0],"27":[1,0],"28":[1,0],"29":[1,0],"30":[1,0],"31":[1,0],"32":[1,0],"33":[1,0],"34":[1,0],"35":[1,0],"36":[1,0],"37":[1,0],"38":[1,0],"39":[1,0],"40":[1,0],"41":[1,0],"42":[1,0],"43":[1,0],"44":[1,0],"45":[1,0],"46":[0,1],"47":[1,0],"48":[1,0],"49":[1,0],"50":[0,0],"51":[1,0],"52":[1,0],"53":[1,0],"54":[1,0],"55":[3],"56":[3,1],"57":[0],"58":[0],"59":[1],"60":[1]}}
,"/home/runner/work/the-last-dance/the-last-dance/src/components/Avatar/index.tsx": {"path":"/home/runner/work/the-last-dance/the-last-dance/src/components/Avatar/index.tsx","statementMap":{"0":{"start":{"line":33,"column":0},"end":{"line":33,"column":15}},"1":{"start":{"line":1,"column":19},"end":{"line":1,"column":null}},"2":{"start":{"line":2,"column":18},"end":{"line":2,"column":null}},"3":{"start":{"line":21,"column":15},"end":{"line":31,"column":null}},"4":{"start":{"line":33,"column":15},"end":{"line":33,"column":null}}},"fnMap":{"0":{"name":"(anonymous_2)","decl":{"start":{"line":21,"column":15},"end":{"line":21,"column":16}},"loc":{"start":{"line":21,"column":54},"end":{"line":31,"column":null}}}},"branchMap":{},"s":{"0":1,"1":1,"2":1,"3":1,"4":1},"f":{"0":1},"b":{}}
,"/home/runner/work/the-last-dance/the-last-dance/src/components/BackgroundImage/index.tsx": {"path":"/home/runner/work/the-last-dance/the-last-dance/src/components/BackgroundImage/index.tsx","statementMap":{"0":{"start":{"line":47,"column":0},"end":{"line":47,"column":15}},"1":{"start":{"line":1,"column":18},"end":{"line":1,"column":null}},"2":{"start":{"line":2,"column":19},"end":{"line":2,"column":null}},"3":{"start":{"line":3,"column":28},"end":{"line":3,"column":null}},"4":{"start":{"line":11,"column":24},"end":{"line":45,"column":null}},"5":{"start":{"line":47,"column":15},"end":{"line":47,"column":null}}},"fnMap":{"0":{"name":"(anonymous_2)","decl":{"start":{"line":11,"column":24},"end":{"line":11,"column":null}},"loc":{"start":{"line":11,"column":24},"end":{"line":45,"column":null}}}},"branchMap":{},"s":{"0":6,"1":3,"2":3,"3":3,"4":3,"5":3},"f":{"0":6},"b":{}}
,"/home/runner/work/the-last-dance/the-last-dance/src/components/Blog/ArticlePanel/index.tsx": {"path":"/home/runner/work/the-last-dance/the-last-dance/src/components/Blog/ArticlePanel/index.tsx","statementMap":{"0":{"start":{"line":70,"column":0},"end":{"line":70,"column":15}},"1":{"start":{"line":1,"column":18},"end":{"line":1,"column":null}},"2":{"start":{"line":2,"column":61},"end":{"line":2,"column":null}},"3":{"start":{"line":3,"column":47},"end":{"line":3,"column":null}},"4":{"start":{"line":4,"column":29},"end":{"line":4,"column":null}},"5":{"start":{"line":5,"column":23},"end":{"line":5,"column":null}},"6":{"start":{"line":6,"column":26},"end":{"line":6,"column":null}},"7":{"start":{"line":7,"column":24},"end":{"line":7,"column":null}},"8":{"start":{"line":8,"column":24},"end":{"line":8,"column":null}},"9":{"start":{"line":9,"column":19},"end":{"line":9,"column":null}},"10":{"start":{"line":10,"column":24},"end":{"line":10,"column":null}},"11":{"start":{"line":11,"column":24},"end":{"line":11,"column":null}},"12":{"start":{"line":12,"column":20},"end":{"line":12,"column":null}},"13":{"start":{"line":25,"column":17},"end":{"line":41,"column":null}},"14":{"start":{"line":26,"column":33},"end":{"line":26,"column":null}},"15":{"start":{"line":50,"column":21},"end":{"line":69,"column":null}},"16":{"start":{"line":70,"column":15},"end":{"line":70,"column":null}}},"fnMap":{"0":{"name":"(anonymous_2)","decl":{"start":{"line":25,"column":17},"end":{"line":25,"column":18}},"loc":{"start":{"line":25,"column":37},"end":{"line":41,"column":null}}},"1":{"name":"(anonymous_3)","decl":{"start":{"line":50,"column":21},"end":{"line":50,"column":22}},"loc":{"start":{"line":50,"column":41},"end":{"line":69,"column":null}}}},"branchMap":{},"s":{"0":2,"1":1,"2":1,"3":1,"4":1,"5":1,"6":1,"7":1,"8":1,"9":1,"10":1,"11":1,"12":1,"13":1,"14":2,"15":1,"16":1},"f":{"0":2,"1":2},"b":{}}
,"/home/runner/work/the-last-dance/the-last-dance/src/components/Blog/AsidePanel/index.tsx": {"path":"/home/runner/work/the-last-dance/the-last-dance/src/components/Blog/AsidePanel/index.tsx","statementMap":{"0":{"start":{"line":21,"column":0},"end":{"line":21,"column":15}},"1":{"start":{"line":1,"column":19},"end":{"line":1,"column":null}},"2":{"start":{"line":2,"column":31},"end":{"line":2,"column":null}},"3":{"start":{"line":3,"column":31},"end":{"line":3,"column":null}},"4":{"start":{"line":11,"column":19},"end":{"line":19,"column":null}},"5":{"start":{"line":21,"column":15},"end":{"line":21,"column":null}}},"fnMap":{"0":{"name":"(anonymous_2)","decl":{"start":{"line":11,"column":19},"end":{"line":11,"column":null}},"loc":{"start":{"line":11,"column":19},"end":{"line":19,"column":null}}}},"branchMap":{},"s":{"0":1,"1":1,"2":1,"3":1,"4":1,"5":1},"f":{"0":1},"b":{}}
,"/home/runner/work/the-last-dance/the-last-dance/src/components/Blog/NavList/index.tsx": {"path":"/home/runner/work/the-last-dance/the-last-dance/src/components/Blog/NavList/index.tsx","statementMap":{"0":{"start":{"line":75,"column":0},"end":{"line":75,"column":15}},"1":{"start":{"line":1,"column":19},"end":{"line":1,"column":null}},"2":{"start":{"line":2,"column":33},"end":{"line":2,"column":null}},"3":{"start":{"line":3,"column":17},"end":{"line":3,"column":null}},"4":{"start":{"line":27,"column":16},"end":{"line":73,"column":null}},"5":{"start":{"line":28,"column":4},"end":{"line":28,"column":null}},"6":{"start":{"line":28,"column":15},"end":{"line":28,"column":null}},"7":{"start":{"line":30,"column":4},"end":{"line":30,"column":null}},"8":{"start":{"line":30,"column":49},"end":{"line":30,"column":null}},"9":{"start":{"line":31,"column":4},"end":{"line":31,"column":null}},"10":{"start":{"line":31,"column":53},"end":{"line":31,"column":null}},"11":{"start":{"line":52,"column":43},"end":{"line":54,"column":null}},"12":{"start":{"line":55,"column":24},"end":{"line":56,"column":null}},"13":{"start":{"line":75,"column":15},"end":{"line":75,"column":null}}},"fnMap":{"0":{"name":"(anonymous_2)","decl":{"start":{"line":27,"column":16},"end":{"line":27,"column":17}},"loc":{"start":{"line":27,"column":61},"end":{"line":73,"column":null}}},"1":{"name":"(anonymous_3)","decl":{"start":{"line":43,"column":20},"end":{"line":43,"column":null}},"loc":{"start":{"line":50,"column":24},"end":{"line":68,"column":null}}}},"branchMap":{"0":{"loc":{"start":{"line":28,"column":4},"end":{"line":28,"column":null}},"type":"if","locations":[{"start":{"line":28,"column":4},"end":{"line":28,"column":null}}]},"1":{"loc":{"start":{"line":30,"column":4},"end":{"line":30,"column":null}},"type":"if","locations":[{"start":{"line":30,"column":4},"end":{"line":30,"column":null}}]},"2":{"loc":{"start":{"line":30,"column":8},"end":{"line":30,"column":49}},"type":"binary-expr","locations":[{"start":{"line":30,"column":8},"end":{"line":30,"column":20}},{"start":{"line":30,"column":20},"end":{"line":30,"column":49}}]},"3":{"loc":{"start":{"line":31,"column":4},"end":{"line":31,"column":null}},"type":"if","locations":[{"start":{"line":31,"column":4},"end":{"line":31,"column":null}}]},"4":{"loc":{"start":{"line":31,"column":8},"end":{"line":31,"column":53}},"type":"binary-expr","locations":[{"start":{"line":31,"column":8},"end":{"line":31,"column":22}},{"start":{"line":31,"column":22},"end":{"line":31,"column":53}}]},"5":{"loc":{"start":{"line":52,"column":43},"end":{"line":54,"column":null}},"type":"cond-expr","locations":[{"start":{"line":53,"column":30},"end":{"line":53,"column":null}},{"start":{"line":54,"column":30},"end":{"line":54,"column":null}}]},"6":{"loc":{"start":{"line":59,"column":43},"end":{"line":59,"column":80}},"type":"cond-expr","locations":[{"start":{"line":59,"column":56},"end":{"line":59,"column":69}},{"start":{"line":59,"column":72},"end":{"line":59,"column":80}}]},"7":{"loc":{"start":{"line":60,"column":47},"end":{"line":60,"column":null}},"type":"cond-expr","locations":[{"start":{"line":60,"column":60},"end":{"line":60,"column":75}},{"start":{"line":60,"column":78},"end":{"line":60,"column":null}}]},"8":{"loc":{"start":{"line":62,"column":37},"end":{"line":62,"column":null}},"type":"cond-expr","locations":[{"start":{"line":62,"column":50},"end":{"line":62,"column":66}},{"start":{"line":62,"column":66},"end":{"line":62,"column":null}}]},"9":{"loc":{"start":{"line":63,"column":65},"end":{"line":63,"column":102}},"type":"cond-expr","locations":[{"start":{"line":63,"column":78},"end":{"line":63,"column":91}},{"start":{"line":63,"column":94},"end":{"line":63,"column":102}}]}},"s":{"0":3,"1":1,"2":1,"3":1,"4":1,"5":3,"6":1,"7":2,"8":0,"9":2,"10":0,"11":2,"12":2,"13":1},"f":{"0":3,"1":2},"b":{"0":[1],"1":[0],"2":[2,1],"3":[0],"4":[2,1],"5":[1,1],"6":[1,1],"7":[1,1],"8":[1,1],"9":[1,1]}}
,"/home/runner/work/the-last-dance/the-last-dance/src/components/Blog/PostByline/index.tsx": {"path":"/home/runner/work/the-last-dance/the-last-dance/src/components/Blog/PostByline/index.tsx","statementMap":{"0":{"start":{"line":72,"column":0},"end":{"line":72,"column":15}},"1":{"start":{"line":1,"column":18},"end":{"line":1,"column":null}},"2":{"start":{"line":2,"column":17},"end":{"line":2,"column":null}},"3":{"start":{"line":3,"column":24},"end":{"line":3,"column":null}},"4":{"start":{"line":4,"column":27},"end":{"line":4,"column":null}},"5":{"start":{"line":5,"column":40},"end":{"line":5,"column":null}},"6":{"start":{"line":6,"column":19},"end":{"line":6,"column":null}},"7":{"start":{"line":25,"column":26},"end":{"line":70,"column":null}},"8":{"start":{"line":26,"column":27},"end":{"line":26,"column":null}},"9":{"start":{"line":27,"column":29},"end":{"line":27,"column":null}},"10":{"start":{"line":29,"column":4},"end":{"line":69,"column":null}},"11":{"start":{"line":52,"column":8},"end":{"line":68,"column":null}},"12":{"start":{"line":67,"column":24},"end":{"line":67,"column":null}},"13":{"start":{"line":72,"column":15},"end":{"line":72,"column":null}}},"fnMap":{"0":{"name":"(anonymous_2)","decl":{"start":{"line":25,"column":26},"end":{"line":25,"column":27}},"loc":{"start":{"line":25,"column":27},"end":{"line":70,"column":null}}},"1":{"name":"(anonymous_3)","decl":{"start":{"line":29,"column":25},"end":{"line":29,"column":null}},"loc":{"start":{"line":29,"column":25},"end":{"line":69,"column":7}}},"2":{"name":"(anonymous_5)","decl":{"start":{"line":67,"column":18},"end":{"line":67,"column":24}},"loc":{"start":{"line":67,"column":24},"end":{"line":67,"column":null}}}},"branchMap":{"0":{"loc":{"start":{"line":33,"column":32},"end":{"line":33,"column":55}},"type":"binary-expr","locations":[{"start":{"line":33,"column":32},"end":{"line":33,"column":42}},{"start":{"line":33,"column":42},"end":{"line":33,"column":55}}]},"1":{"loc":{"start":{"line":34,"column":17},"end":{"line":48,"column":null}},"type":"cond-expr","locations":[{"start":{"line":35,"column":20},"end":{"line":48,"column":null}},{"start":{"line":48,"column":20},"end":{"line":48,"column":null}}]}},"s":{"0":0,"1":0,"2":0,"3":0,"4":0,"5":0,"6":0,"7":0,"8":0,"9":0,"10":0,"11":0,"12":0,"13":0},"f":{"0":0,"1":0,"2":0},"b":{"0":[0,0],"1":[0,0]}}
,"/home/runner/work/the-last-dance/the-last-dance/src/components/Blog/PostList/index.tsx": {"path":"/home/runner/work/the-last-dance/the-last-dance/src/components/Blog/PostList/index.tsx","statementMap":{"0":{"start":{"line":54,"column":0},"end":{"line":54,"column":15}},"1":{"start":{"line":1,"column":19},"end":{"line":1,"column":null}},"2":{"start":{"line":2,"column":17},"end":{"line":2,"column":null}},"3":{"start":{"line":24,"column":17},"end":{"line":53,"column":null}},"4":{"start":{"line":25,"column":4},"end":{"line":25,"column":null}},"5":{"start":{"line":25,"column":16},"end":{"line":25,"column":null}},"6":{"start":{"line":27,"column":4},"end":{"line":27,"column":null}},"7":{"start":{"line":27,"column":41},"end":{"line":27,"column":null}},"8":{"start":{"line":28,"column":4},"end":{"line":28,"column":null}},"9":{"start":{"line":28,"column":49},"end":{"line":28,"column":null}},"10":{"start":{"line":43,"column":20},"end":{"line":43,"column":36}},"11":{"start":{"line":54,"column":15},"end":{"line":54,"column":null}}},"fnMap":{"0":{"name":"(anonymous_2)","decl":{"start":{"line":24,"column":17},"end":{"line":24,"column":18}},"loc":{"start":{"line":24,"column":50},"end":{"line":53,"column":null}}},"1":{"name":"(anonymous_3)","decl":{"start":{"line":33,"column":16},"end":{"line":33,"column":null}},"loc":{"start":{"line":43,"column":20},"end":{"line":43,"column":36}}}},"branchMap":{"0":{"loc":{"start":{"line":25,"column":4},"end":{"line":25,"column":null}},"type":"if","locations":[{"start":{"line":25,"column":4},"end":{"line":25,"column":null}}]},"1":{"loc":{"start":{"line":27,"column":4},"end":{"line":27,"column":null}},"type":"if","locations":[{"start":{"line":27,"column":4},"end":{"line":27,"column":null}}]},"2":{"loc":{"start":{"line":27,"column":8},"end":{"line":27,"column":41}},"type":"binary-expr","locations":[{"start":{"line":27,"column":8},"end":{"line":27,"column":16}},{"start":{"line":27,"column":16},"end":{"line":27,"column":41}}]},"3":{"loc":{"start":{"line":28,"column":4},"end":{"line":28,"column":null}},"type":"if","locations":[{"start":{"line":28,"column":4},"end":{"line":28,"column":null}}]},"4":{"loc":{"start":{"line":28,"column":8},"end":{"line":28,"column":49}},"type":"binary-expr","locations":[{"start":{"line":28,"column":8},"end":{"line":28,"column":20}},{"start":{"line":28,"column":20},"end":{"line":28,"column":49}}]},"5":{"loc":{"start":{"line":43,"column":47},"end":{"line":43,"column":null}},"type":"cond-expr","locations":[{"start":{"line":43,"column":72},"end":{"line":43,"column":87}},{"start":{"line":43,"column":90},"end":{"line":43,"column":null}}]}},"s":{"0":3,"1":1,"2":1,"3":1,"4":3,"5":1,"6":2,"7":0,"8":2,"9":0,"10":2,"11":1},"f":{"0":3,"1":2},"b":{"0":[1],"1":[0],"2":[2,2],"3":[0],"4":[2,2],"5":[2,0]}}
,"/home/runner/work/the-last-dance/the-last-dance/src/components/Blog/StarCounter/index.tsx": {"path":"/home/runner/work/the-last-dance/the-last-dance/src/components/Blog/StarCounter/index.tsx","statementMap":{"0":{"start":{"line":56,"column":0},"end":{"line":56,"column":15}},"1":{"start":{"line":1,"column":18},"end":{"line":1,"column":null}},"2":{"start":{"line":2,"column":30},"end":{"line":2,"column":null}},"3":{"start":{"line":3,"column":24},"end":{"line":3,"column":null}},"4":{"start":{"line":4,"column":27},"end":{"line":4,"column":null}},"5":{"start":{"line":5,"column":26},"end":{"line":5,"column":null}},"6":{"start":{"line":6,"column":20},"end":{"line":6,"column":null}},"7":{"start":{"line":7,"column":19},"end":{"line":7,"column":null}},"8":{"start":{"line":14,"column":20},"end":{"line":54,"column":null}},"9":{"start":{"line":15,"column":37},"end":{"line":15,"column":null}},"10":{"start":{"line":16,"column":33},"end":{"line":16,"column":null}},"11":{"start":{"line":56,"column":15},"end":{"line":56,"column":null}}},"fnMap":{"0":{"name":"(anonymous_2)","decl":{"start":{"line":14,"column":20},"end":{"line":14,"column":null}},"loc":{"start":{"line":14,"column":20},"end":{"line":54,"column":null}}}},"branchMap":{},"s":{"0":3,"1":1,"2":1,"3":1,"4":1,"5":1,"6":1,"7":1,"8":1,"9":3,"10":3,"11":1},"f":{"0":3},"b":{}}
,"/home/runner/work/the-last-dance/the-last-dance/src/components/Blog/ViewCounter/index.tsx": {"path":"/home/runner/work/the-last-dance/the-last-dance/src/components/Blog/ViewCounter/index.tsx","statementMap":{"0":{"start":{"line":73,"column":0},"end":{"line":73,"column":15}},"1":{"start":{"line":1,"column":18},"end":{"line":1,"column":null}},"2":{"start":{"line":2,"column":19},"end":{"line":2,"column":null}},"3":{"start":{"line":3,"column":25},"end":{"line":3,"column":null}},"4":{"start":{"line":4,"column":26},"end":{"line":4,"column":null}},"5":{"start":{"line":5,"column":24},"end":{"line":5,"column":null}},"6":{"start":{"line":6,"column":30},"end":{"line":6,"column":null}},"7":{"start":{"line":7,"column":24},"end":{"line":7,"column":null}},"8":{"start":{"line":8,"column":20},"end":{"line":8,"column":null}},"9":{"start":{"line":16,"column":20},"end":{"line":71,"column":null}},"10":{"start":{"line":17,"column":37},"end":{"line":17,"column":null}},"11":{"start":{"line":18,"column":33},"end":{"line":18,"column":null}},"12":{"start":{"line":73,"column":15},"end":{"line":73,"column":null}}},"fnMap":{"0":{"name":"(anonymous_2)","decl":{"start":{"line":16,"column":20},"end":{"line":16,"column":21}},"loc":{"start":{"line":16,"column":47},"end":{"line":71,"column":null}}}},"branchMap":{"0":{"loc":{"start":{"line":31,"column":25},"end":{"line":31,"column":null}},"type":"cond-expr","locations":[{"start":{"line":31,"column":31},"end":{"line":31,"column":43}},{"start":{"line":31,"column":43},"end":{"line":31,"column":null}}]},"1":{"loc":{"start":{"line":33,"column":37},"end":{"line":33,"column":null}},"type":"cond-expr","locations":[{"start":{"line":33,"column":43},"end":{"line":33,"column":51}},{"start":{"line":33,"column":51},"end":{"line":33,"column":null}}]},"2":{"loc":{"start":{"line":43,"column":21},"end":{"line":43,"column":null}},"type":"cond-expr","locations":[{"start":{"line":43,"column":27},"end":{"line":43,"column":65}},{"start":{"line":43,"column":65},"end":{"line":43,"column":null}}]},"3":{"loc":{"start":{"line":46,"column":13},"end":{"line":46,"column":null}},"type":"binary-expr","locations":[{"start":{"line":46,"column":13},"end":{"line":46,"column":null}}]}},"s":{"0":8,"1":3,"2":3,"3":3,"4":3,"5":3,"6":3,"7":3,"8":3,"9":3,"10":9,"11":9,"12":3},"f":{"0":9},"b":{"0":[7,2],"1":[7,2],"2":[7,2],"3":[9]}}
,"/home/runner/work/the-last-dance/the-last-dance/src/components/ControlButtons/index.tsx": {"path":"/home/runner/work/the-last-dance/the-last-dance/src/components/ControlButtons/index.tsx","statementMap":{"0":{"start":{"line":81,"column":0},"end":{"line":81,"column":15}},"1":{"start":{"line":1,"column":24},"end":{"line":1,"column":null}},"2":{"start":{"line":2,"column":19},"end":{"line":2,"column":null}},"3":{"start":{"line":3,"column":42},"end":{"line":3,"column":null}},"4":{"start":{"line":4,"column":20},"end":{"line":4,"column":null}},"5":{"start":{"line":25,"column":23},"end":{"line":79,"column":null}},"6":{"start":{"line":26,"column":33},"end":{"line":26,"column":null}},"7":{"start":{"line":81,"column":15},"end":{"line":81,"column":null}}},"fnMap":{"0":{"name":"(anonymous_2)","decl":{"start":{"line":25,"column":23},"end":{"line":25,"column":24}},"loc":{"start":{"line":25,"column":104},"end":{"line":79,"column":null}}}},"branchMap":{"0":{"loc":{"start":{"line":41,"column":76},"end":{"line":41,"column":null}},"type":"cond-expr","locations":[{"start":{"line":41,"column":90},"end":{"line":41,"column":108}},{"start":{"line":41,"column":111},"end":{"line":41,"column":null}}]},"1":{"loc":{"start":{"line":67,"column":26},"end":{"line":67,"column":null}},"type":"binary-expr","locations":[{"start":{"line":67,"column":26},"end":{"line":67,"column":38}},{"start":{"line":67,"column":38},"end":{"line":67,"column":null}}]},"2":{"loc":{"start":{"line":72,"column":20},"end":{"line":72,"column":null}},"type":"cond-expr","locations":[{"start":{"line":72,"column":31},"end":{"line":72,"column":62}},{"start":{"line":72,"column":65},"end":{"line":72,"column":null}}]}},"s":{"0":11,"1":3,"2":3,"3":3,"4":3,"5":3,"6":11,"7":3},"f":{"0":11},"b":{"0":[0,11],"1":[11,4],"2":[7,4]}}
,"/home/runner/work/the-last-dance/the-last-dance/src/components/CookieConsent/index.tsx": {"path":"/home/runner/work/the-last-dance/the-last-dance/src/components/CookieConsent/index.tsx","statementMap":{"0":{"start":{"line":13,"column":13},"end":{"line":13,"column":35}},"1":{"start":{"line":23,"column":13},"end":{"line":23,"column":30}},"2":{"start":{"line":123,"column":0},"end":{"line":123,"column":15}},"3":{"start":{"line":1,"column":18},"end":{"line":1,"column":null}},"4":{"start":{"line":2,"column":24},"end":{"line":2,"column":null}},"5":{"start":{"line":3,"column":17},"end":{"line":3,"column":null}},"6":{"start":{"line":4,"column":25},"end":{"line":4,"column":null}},"7":{"start":{"line":5,"column":20},"end":{"line":5,"column":null}},"8":{"start":{"line":6,"column":19},"end":{"line":6,"column":null}},"9":{"start":{"line":13,"column":35},"end":{"line":13,"column":null}},"10":{"start":{"line":23,"column":30},"end":{"line":28,"column":null}},"11":{"start":{"line":23,"column":58},"end":{"line":28,"column":null}},"12":{"start":{"line":40,"column":22},"end":{"line":121,"column":null}},"13":{"start":{"line":41,"column":30},"end":{"line":41,"column":null}},"14":{"start":{"line":42,"column":42},"end":{"line":42,"column":null}},"15":{"start":{"line":44,"column":4},"end":{"line":54,"column":null}},"16":{"start":{"line":47,"column":8},"end":{"line":53,"column":null}},"17":{"start":{"line":48,"column":12},"end":{"line":48,"column":null}},"18":{"start":{"line":56,"column":19},"end":{"line":64,"column":null}},"19":{"start":{"line":57,"column":8},"end":{"line":61,"column":null}},"20":{"start":{"line":58,"column":12},"end":{"line":58,"column":null}},"21":{"start":{"line":62,"column":8},"end":{"line":62,"column":null}},"22":{"start":{"line":63,"column":8},"end":{"line":63,"column":null}},"23":{"start":{"line":66,"column":25},"end":{"line":66,"column":null}},"24":{"start":{"line":66,"column":49},"end":{"line":66,"column":68}},"25":{"start":{"line":67,"column":25},"end":{"line":67,"column":null}},"26":{"start":{"line":67,"column":49},"end":{"line":67,"column":67}},"27":{"start":{"line":71,"column":4},"end":{"line":78,"column":null}},"28":{"start":{"line":72,"column":8},"end":{"line":72,"column":null}},"29":{"start":{"line":72,"column":26},"end":{"line":72,"column":null}},"30":{"start":{"line":73,"column":26},"end":{"line":75,"column":null}},"31":{"start":{"line":74,"column":12},"end":{"line":74,"column":null}},"32":{"start":{"line":74,"column":40},"end":{"line":74,"column":null}},"33":{"start":{"line":76,"column":8},"end":{"line":76,"column":null}},"34":{"start":{"line":77,"column":8},"end":{"line":77,"column":null}},"35":{"start":{"line":77,"column":21},"end":{"line":77,"column":null}},"36":{"start":{"line":80,"column":4},"end":{"line":80,"column":null}},"37":{"start":{"line":80,"column":22},"end":{"line":80,"column":null}},"38":{"start":{"line":123,"column":15},"end":{"line":123,"column":null}}},"fnMap":{"0":{"name":"(anonymous_5)","decl":{"start":{"line":23,"column":30},"end":{"line":23,"column":31}},"loc":{"start":{"line":23,"column":58},"end":{"line":28,"column":null}}},"1":{"name":"(anonymous_6)","decl":{"start":{"line":40,"column":22},"end":{"line":40,"column":null}},"loc":{"start":{"line":40,"column":22},"end":{"line":121,"column":null}}},"2":{"name":"(anonymous_7)","decl":{"start":{"line":44,"column":20},"end":{"line":44,"column":null}},"loc":{"start":{"line":44,"column":20},"end":{"line":54,"column":7}}},"3":{"name":"(anonymous_8)","decl":{"start":{"line":56,"column":37},"end":{"line":56,"column":38}},"loc":{"start":{"line":56,"column":38},"end":{"line":64,"column":7}}},"4":{"name":"(anonymous_9)","decl":{"start":{"line":66,"column":43},"end":{"line":66,"column":49}},"loc":{"start":{"line":66,"column":49},"end":{"line":66,"column":68}}},"5":{"name":"(anonymous_10)","decl":{"start":{"line":67,"column":43},"end":{"line":67,"column":49}},"loc":{"start":{"line":67,"column":49},"end":{"line":67,"column":67}}},"6":{"name":"(anonymous_11)","decl":{"start":{"line":71,"column":20},"end":{"line":71,"column":null}},"loc":{"start":{"line":71,"column":20},"end":{"line":78,"column":7}}},"7":{"name":"(anonymous_12)","decl":{"start":{"line":73,"column":26},"end":{"line":73,"column":27}},"loc":{"start":{"line":73,"column":27},"end":{"line":75,"column":null}}},"8":{"name":"(anonymous_13)","decl":{"start":{"line":77,"column":15},"end":{"line":77,"column":21}},"loc":{"start":{"line":77,"column":21},"end":{"line":77,"column":null}}}},"branchMap":{"0":{"loc":{"start":{"line":72,"column":8},"end":{"line":72,"column":null}},"type":"if","locations":[{"start":{"line":72,"column":8},"end":{"line":72,"column":null}}]},"1":{"loc":{"start":{"line":74,"column":12},"end":{"line":74,"column":null}},"type":"if","locations":[{"start":{"line":74,"column":12},"end":{"line":74,"column":null}}]},"2":{"loc":{"start":{"line":80,"column":4},"end":{"line":80,"column":null}},"type":"if","locations":[{"start":{"line":80,"column":4},"end":{"line":80,"column":null}}]}},"s":{"0":4,"1":0,"2":8,"3":1,"4":1,"5":1,"6":1,"7":1,"8":1,"9":1,"10":1,"11":3,"12":1,"13":17,"14":17,"15":17,"16":8,"17":8,"18":17,"19":3,"20":3,"21":3,"22":3,"23":17,"24":1,"25":17,"26":2,"27":17,"28":17,"29":11,"30":6,"31":1,"32":1,"33":6,"34":6,"35":6,"36":17,"37":11,"38":1},"f":{"0":3,"1":17,"2":8,"3":3,"4":1,"5":2,"6":17,"7":1,"8":6},"b":{"0":[11],"1":[1],"2":[11]}}
,"/home/runner/work/the-last-dance/the-last-dance/src/components/CountDown/index.tsx": {"path":"/home/runner/work/the-last-dance/the-last-dance/src/components/CountDown/index.tsx","statementMap":{"0":{"start":{"line":134,"column":0},"end":{"line":134,"column":15}},"1":{"start":{"line":1,"column":18},"end":{"line":1,"column":null}},"2":{"start":{"line":2,"column":19},"end":{"line":2,"column":null}},"3":{"start":{"line":3,"column":20},"end":{"line":3,"column":null}},"4":{"start":{"line":4,"column":24},"end":{"line":4,"column":null}},"5":{"start":{"line":28,"column":26},"end":{"line":53,"column":null}},"6":{"start":{"line":33,"column":23},"end":{"line":33,"column":null}},"7":{"start":{"line":34,"column":18},"end":{"line":34,"column":null}},"8":{"start":{"line":35,"column":19},"end":{"line":35,"column":null}},"9":{"start":{"line":36,"column":17},"end":{"line":36,"column":null}},"10":{"start":{"line":37,"column":18},"end":{"line":37,"column":null}},"11":{"start":{"line":38,"column":20},"end":{"line":38,"column":null}},"12":{"start":{"line":39,"column":20},"end":{"line":39,"column":null}},"13":{"start":{"line":41,"column":4},"end":{"line":50,"column":null}},"14":{"start":{"line":42,"column":8},"end":{"line":49,"column":null}},"15":{"start":{"line":52,"column":4},"end":{"line":52,"column":null}},"16":{"start":{"line":61,"column":18},"end":{"line":132,"column":null}},"17":{"start":{"line":62,"column":45},"end":{"line":62,"column":null}},"18":{"start":{"line":63,"column":28},"end":{"line":70,"column":null}},"19":{"start":{"line":82,"column":4},"end":{"line":87,"column":null}},"20":{"start":{"line":83,"column":8},"end":{"line":83,"column":null}},"21":{"start":{"line":84,"column":22},"end":{"line":84,"column":null}},"22":{"start":{"line":84,"column":40},"end":{"line":84,"column":82}},"23":{"start":{"line":86,"column":8},"end":{"line":86,"column":null}},"24":{"start":{"line":86,"column":21},"end":{"line":86,"column":null}},"25":{"start":{"line":94,"column":18},"end":{"line":96,"column":null}},"26":{"start":{"line":134,"column":15},"end":{"line":134,"column":null}}},"fnMap":{"0":{"name":"(anonymous_2)","decl":{"start":{"line":28,"column":26},"end":{"line":28,"column":null}},"loc":{"start":{"line":31,"column":39},"end":{"line":53,"column":null}}},"1":{"name":"(anonymous_3)","decl":{"start":{"line":61,"column":18},"end":{"line":61,"column":19}},"loc":{"start":{"line":61,"column":57},"end":{"line":132,"column":null}}},"2":{"name":"(anonymous_4)","decl":{"start":{"line":82,"column":20},"end":{"line":82,"column":null}},"loc":{"start":{"line":82,"column":20},"end":{"line":87,"column":7}}},"3":{"name":"(anonymous_5)","decl":{"start":{"line":84,"column":34},"end":{"line":84,"column":40}},"loc":{"start":{"line":84,"column":40},"end":{"line":84,"column":82}}},"4":{"name":"(anonymous_6)","decl":{"start":{"line":86,"column":15},"end":{"line":86,"column":21}},"loc":{"start":{"line":86,"column":21},"end":{"line":86,"column":null}}}},"branchMap":{"0":{"loc":{"start":{"line":31,"column":4},"end":{"line":31,"column":39}},"type":"default-arg","locations":[{"start":{"line":31,"column":25},"end":{"line":31,"column":39}}]},"1":{"loc":{"start":{"line":41,"column":4},"end":{"line":50,"column":null}},"type":"if","locations":[{"start":{"line":41,"column":4},"end":{"line":50,"column":null}}]},"2":{"loc":{"start":{"line":43,"column":19},"end":{"line":43,"column":null}},"type":"cond-expr","locations":[{"start":{"line":43,"column":32},"end":{"line":43,"column":43}},{"start":{"line":43,"column":46},"end":{"line":43,"column":null}}]},"3":{"loc":{"start":{"line":44,"column":20},"end":{"line":44,"column":null}},"type":"cond-expr","locations":[{"start":{"line":44,"column":34},"end":{"line":44,"column":46}},{"start":{"line":44,"column":49},"end":{"line":44,"column":null}}]},"4":{"loc":{"start":{"line":45,"column":18},"end":{"line":45,"column":null}},"type":"cond-expr","locations":[{"start":{"line":45,"column":30},"end":{"line":45,"column":40}},{"start":{"line":45,"column":43},"end":{"line":45,"column":null}}]},"5":{"loc":{"start":{"line":46,"column":19},"end":{"line":46,"column":null}},"type":"cond-expr","locations":[{"start":{"line":46,"column":32},"end":{"line":46,"column":43}},{"start":{"line":46,"column":46},"end":{"line":46,"column":null}}]},"6":{"loc":{"start":{"line":47,"column":21},"end":{"line":47,"column":null}},"type":"cond-expr","locations":[{"start":{"line":47,"column":36},"end":{"line":47,"column":49}},{"start":{"line":47,"column":52},"end":{"line":47,"column":null}}]},"7":{"loc":{"start":{"line":48,"column":21},"end":{"line":48,"column":null}},"type":"cond-expr","locations":[{"start":{"line":48,"column":36},"end":{"line":48,"column":49}},{"start":{"line":48,"column":52},"end":{"line":48,"column":null}}]},"8":{"loc":{"start":{"line":129,"column":13},"end":{"line":129,"column":24}},"type":"binary-expr","locations":[{"start":{"line":129,"column":13},"end":{"line":129,"column":24}}]}},"s":{"0":8,"1":3,"2":3,"3":3,"4":3,"5":3,"6":8,"7":8,"8":8,"9":8,"10":8,"11":8,"12":8,"13":8,"14":5,"15":8,"16":3,"17":13,"18":13,"19":13,"20":6,"21":6,"22":2,"23":6,"24":6,"25":13,"26":3},"f":{"0":8,"1":13,"2":6,"3":2,"4":6},"b":{"0":[8],"1":[5],"2":[5,0],"3":[5,0],"4":[2,3],"5":[2,3],"6":[2,3],"7":[2,3],"8":[13]}}
,"/home/runner/work/the-last-dance/the-last-dance/src/components/CryptoPrice/index.tsx": {"path":"/home/runner/work/the-last-dance/the-last-dance/src/components/CryptoPrice/index.tsx","statementMap":{"0":{"start":{"line":50,"column":0},"end":{"line":50,"column":15}},"1":{"start":{"line":1,"column":18},"end":{"line":1,"column":null}},"2":{"start":{"line":2,"column":33},"end":{"line":2,"column":null}},"3":{"start":{"line":3,"column":19},"end":{"line":3,"column":null}},"4":{"start":{"line":4,"column":26},"end":{"line":4,"column":null}},"5":{"start":{"line":5,"column":19},"end":{"line":5,"column":null}},"6":{"start":{"line":6,"column":24},"end":{"line":6,"column":null}},"7":{"start":{"line":7,"column":20},"end":{"line":7,"column":null}},"8":{"start":{"line":14,"column":20},"end":{"line":48,"column":null}},"9":{"start":{"line":15,"column":37},"end":{"line":15,"column":null}},"10":{"start":{"line":16,"column":47},"end":{"line":16,"column":null}},"11":{"start":{"line":50,"column":15},"end":{"line":50,"column":null}}},"fnMap":{"0":{"name":"(anonymous_2)","decl":{"start":{"line":14,"column":20},"end":{"line":14,"column":null}},"loc":{"start":{"line":14,"column":20},"end":{"line":48,"column":null}}}},"branchMap":{"0":{"loc":{"start":{"line":29,"column":38},"end":{"line":29,"column":89}},"type":"cond-expr","locations":[{"start":{"line":29,"column":66},"end":{"line":29,"column":86}},{"start":{"line":29,"column":86},"end":{"line":29,"column":89}}]},"1":{"loc":{"start":{"line":29,"column":45},"end":{"line":29,"column":66}},"type":"binary-expr","locations":[{"start":{"line":29,"column":45},"end":{"line":29,"column":60}},{"start":{"line":29,"column":60},"end":{"line":29,"column":66}}]},"2":{"loc":{"start":{"line":29,"column":66},"end":{"line":29,"column":86}},"type":"binary-expr","locations":[{"start":{"line":29,"column":66},"end":{"line":29,"column":81}},{"start":{"line":29,"column":81},"end":{"line":29,"column":86}}]},"3":{"loc":{"start":{"line":42,"column":41},"end":{"line":42,"column":null}},"type":"binary-expr","locations":[{"start":{"line":42,"column":41},"end":{"line":42,"column":66}},{"start":{"line":42,"column":66},"end":{"line":42,"column":null}}]}},"s":{"0":5,"1":2,"2":2,"3":2,"4":2,"5":2,"6":2,"7":2,"8":2,"9":5,"10":5,"11":2},"f":{"0":5},"b":{"0":[5,0],"1":[5,0],"2":[5,0],"3":[5,0]}}
,"/home/runner/work/the-last-dance/the-last-dance/src/components/Date/index.tsx": {"path":"/home/runner/work/the-last-dance/the-last-dance/src/components/Date/index.tsx","statementMap":{"0":{"start":{"line":31,"column":0},"end":{"line":31,"column":15}},"1":{"start":{"line":1,"column":18},"end":{"line":1,"column":null}},"2":{"start":{"line":2,"column":24},"end":{"line":2,"column":null}},"3":{"start":{"line":3,"column":19},"end":{"line":3,"column":null}},"4":{"start":{"line":16,"column":22},"end":{"line":29,"column":null}},"5":{"start":{"line":17,"column":27},"end":{"line":17,"column":null}},"6":{"start":{"line":31,"column":15},"end":{"line":31,"column":null}}},"fnMap":{"0":{"name":"(anonymous_2)","decl":{"start":{"line":16,"column":22},"end":{"line":16,"column":23}},"loc":{"start":{"line":16,"column":38},"end":{"line":29,"column":null}}}},"branchMap":{},"s":{"0":1,"1":1,"2":1,"3":1,"4":1,"5":1,"6":1},"f":{"0":1},"b":{}}
,"/home/runner/work/the-last-dance/the-last-dance/src/components/DeploymentStatus/index.tsx": {"path":"/home/runner/work/the-last-dance/the-last-dance/src/components/DeploymentStatus/index.tsx","statementMap":{"0":{"start":{"line":95,"column":0},"end":{"line":95,"column":15}},"1":{"start":{"line":1,"column":18},"end":{"line":1,"column":null}},"2":{"start":{"line":2,"column":19},"end":{"line":2,"column":null}},"3":{"start":{"line":3,"column":19},"end":{"line":3,"column":null}},"4":{"start":{"line":4,"column":20},"end":{"line":4,"column":null}},"5":{"start":{"line":5,"column":24},"end":{"line":5,"column":null}},"6":{"start":{"line":6,"column":26},"end":{"line":6,"column":null}},"7":{"start":{"line":7,"column":26},"end":{"line":7,"column":null}},"8":{"start":{"line":8,"column":33},"end":{"line":8,"column":null}},"9":{"start":{"line":11,"column":12},"end":{"line":11,"column":63}},"10":{"start":{"line":13,"column":24},"end":{"line":13,"column":null}},"11":{"start":{"line":21,"column":28},"end":{"line":32,"column":null}},"12":{"start":{"line":26,"column":28},"end":{"line":26,"column":null}},"13":{"start":{"line":27,"column":4},"end":{"line":31,"column":null}},"14":{"start":{"line":40,"column":25},"end":{"line":93,"column":null}},"15":{"start":{"line":41,"column":39},"end":{"line":41,"column":null}},"16":{"start":{"line":46,"column":45},"end":{"line":46,"column":null}},"17":{"start":{"line":48,"column":19},"end":{"line":48,"column":null}},"18":{"start":{"line":49,"column":21},"end":{"line":49,"column":null}},"19":{"start":{"line":50,"column":24},"end":{"line":50,"column":null}},"20":{"start":{"line":51,"column":22},"end":{"line":51,"column":null}},"21":{"start":{"line":95,"column":15},"end":{"line":95,"column":null}}},"fnMap":{"0":{"name":"(anonymous_2)","decl":{"start":{"line":21,"column":28},"end":{"line":21,"column":null}},"loc":{"start":{"line":21,"column":28},"end":{"line":32,"column":null}}},"1":{"name":"(anonymous_3)","decl":{"start":{"line":40,"column":25},"end":{"line":40,"column":null}},"loc":{"start":{"line":40,"column":25},"end":{"line":93,"column":null}}}},"branchMap":{"0":{"loc":{"start":{"line":29,"column":19},"end":{"line":29,"column":null}},"type":"binary-expr","locations":[{"start":{"line":29,"column":19},"end":{"line":29,"column":29}},{"start":{"line":29,"column":29},"end":{"line":29,"column":null}}]},"1":{"loc":{"start":{"line":71,"column":37},"end":{"line":71,"column":null}},"type":"cond-expr","locations":[{"start":{"line":71,"column":46},"end":{"line":71,"column":69}},{"start":{"line":71,"column":69},"end":{"line":71,"column":null}}]},"2":{"loc":{"start":{"line":72,"column":55},"end":{"line":72,"column":99}},"type":"cond-expr","locations":[{"start":{"line":72,"column":64},"end":{"line":72,"column":92}},{"start":{"line":72,"column":95},"end":{"line":72,"column":99}}]},"3":{"loc":{"start":{"line":84,"column":39},"end":{"line":86,"column":null}},"type":"cond-expr","locations":[{"start":{"line":85,"column":34},"end":{"line":85,"column":null}},{"start":{"line":86,"column":34},"end":{"line":86,"column":null}}]}},"s":{"0":7,"1":3,"2":3,"3":3,"4":3,"5":3,"6":3,"7":3,"8":3,"9":3,"10":3,"11":3,"12":10,"13":10,"14":3,"15":10,"16":10,"17":10,"18":10,"19":10,"20":10,"21":3},"f":{"0":10,"1":10},"b":{"0":[10,4],"1":[1,9],"2":[1,9],"3":[1,9]}}
,"/home/runner/work/the-last-dance/the-last-dance/src/components/Dialog/index.tsx": {"path":"/home/runner/work/the-last-dance/the-last-dance/src/components/Dialog/index.tsx","statementMap":{"0":{"start":{"line":125,"column":0},"end":{"line":125,"column":15}},"1":{"start":{"line":1,"column":33},"end":{"line":1,"column":null}},"2":{"start":{"line":2,"column":19},"end":{"line":2,"column":null}},"3":{"start":{"line":3,"column":20},"end":{"line":3,"column":null}},"4":{"start":{"line":47,"column":15},"end":{"line":123,"column":null}},"5":{"start":{"line":60,"column":8},"end":{"line":60,"column":null}},"6":{"start":{"line":62,"column":21},"end":{"line":62,"column":null}},"7":{"start":{"line":66,"column":4},"end":{"line":73,"column":null}},"8":{"start":{"line":67,"column":8},"end":{"line":67,"column":null}},"9":{"start":{"line":67,"column":31},"end":{"line":67,"column":null}},"10":{"start":{"line":68,"column":26},"end":{"line":70,"column":null}},"11":{"start":{"line":69,"column":12},"end":{"line":69,"column":null}},"12":{"start":{"line":69,"column":40},"end":{"line":69,"column":null}},"13":{"start":{"line":71,"column":8},"end":{"line":71,"column":null}},"14":{"start":{"line":72,"column":8},"end":{"line":72,"column":null}},"15":{"start":{"line":72,"column":21},"end":{"line":72,"column":null}},"16":{"start":{"line":125,"column":15},"end":{"line":125,"column":null}}},"fnMap":{"0":{"name":"(anonymous_2)","decl":{"start":{"line":47,"column":15},"end":{"line":47,"column":16}},"loc":{"start":{"line":47,"column":16},"end":{"line":123,"column":null}}},"1":{"name":"(anonymous_3)","decl":{"start":{"line":66,"column":20},"end":{"line":66,"column":null}},"loc":{"start":{"line":66,"column":20},"end":{"line":73,"column":7}}},"2":{"name":"(anonymous_4)","decl":{"start":{"line":68,"column":26},"end":{"line":68,"column":27}},"loc":{"start":{"line":68,"column":27},"end":{"line":70,"column":null}}},"3":{"name":"(anonymous_5)","decl":{"start":{"line":72,"column":15},"end":{"line":72,"column":21}},"loc":{"start":{"line":72,"column":21},"end":{"line":72,"column":null}}}},"branchMap":{"0":{"loc":{"start":{"line":55,"column":8},"end":{"line":55,"column":22}},"type":"default-arg","locations":[{"start":{"line":55,"column":17},"end":{"line":55,"column":22}}]},"1":{"loc":{"start":{"line":56,"column":8},"end":{"line":56,"column":20}},"type":"default-arg","locations":[{"start":{"line":56,"column":15},"end":{"line":56,"column":20}}]},"2":{"loc":{"start":{"line":57,"column":8},"end":{"line":57,"column":22}},"type":"default-arg","locations":[{"start":{"line":57,"column":17},"end":{"line":57,"column":22}}]},"3":{"loc":{"start":{"line":67,"column":8},"end":{"line":67,"column":null}},"type":"if","locations":[{"start":{"line":67,"column":8},"end":{"line":67,"column":null}}]},"4":{"loc":{"start":{"line":67,"column":12},"end":{"line":67,"column":31}},"type":"binary-expr","locations":[{"start":{"line":67,"column":12},"end":{"line":67,"column":21}},{"start":{"line":67,"column":21},"end":{"line":67,"column":31}}]},"5":{"loc":{"start":{"line":69,"column":12},"end":{"line":69,"column":null}},"type":"if","locations":[{"start":{"line":69,"column":12},"end":{"line":69,"column":null}}]},"6":{"loc":{"start":{"line":97,"column":24},"end":{"line":97,"column":null}},"type":"cond-expr","locations":[{"start":{"line":97,"column":36},"end":{"line":97,"column":43}},{"start":{"line":97,"column":43},"end":{"line":97,"column":null}}]},"7":{"loc":{"start":{"line":99,"column":29},"end":{"line":99,"column":null}},"type":"cond-expr","locations":[{"start":{"line":99,"column":37},"end":{"line":99,"column":49}},{"start":{"line":99,"column":49},"end":{"line":99,"column":null}}]},"8":{"loc":{"start":{"line":104,"column":16},"end":{"line":104,"column":null}},"type":"cond-expr","locations":[{"start":{"line":104,"column":23},"end":{"line":104,"column":34}},{"start":{"line":104,"column":37},"end":{"line":104,"column":null}}]},"9":{"loc":{"start":{"line":105,"column":16},"end":{"line":105,"column":null}},"type":"cond-expr","locations":[{"start":{"line":105,"column":30},"end":{"line":105,"column":44}},{"start":{"line":105,"column":47},"end":{"line":105,"column":null}}]},"10":{"loc":{"start":{"line":106,"column":16},"end":{"line":106,"column":null}},"type":"cond-expr","locations":[{"start":{"line":106,"column":28},"end":{"line":106,"column":44}},{"start":{"line":106,"column":47},"end":{"line":106,"column":null}}]},"11":{"loc":{"start":{"line":107,"column":16},"end":{"line":107,"column":null}},"type":"cond-expr","locations":[{"start":{"line":107,"column":24},"end":{"line":107,"column":36}},{"start":{"line":107,"column":39},"end":{"line":107,"column":null}}]}},"s":{"0":17,"1":3,"2":3,"3":3,"4":3,"5":17,"6":17,"7":17,"8":14,"9":13,"10":1,"11":1,"12":1,"13":1,"14":1,"15":1,"16":3},"f":{"0":17,"1":14,"2":1,"3":1},"b":{"0":[9],"1":[11],"2":[17],"3":[13],"4":[14,11],"5":[1],"6":[8,9],"7":[1,16],"8":[14,3],"9":[7,10],"10":[8,9],"11":[0,17]}}
,"/home/runner/work/the-last-dance/the-last-dance/src/components/Dock/index.tsx": {"path":"/home/runner/work/the-last-dance/the-last-dance/src/components/Dock/index.tsx","statementMap":{"0":{"start":{"line":72,"column":0},"end":{"line":72,"column":15}},"1":{"start":{"line":1,"column":18},"end":{"line":1,"column":null}},"2":{"start":{"line":2,"column":21},"end":{"line":2,"column":null}},"3":{"start":{"line":3,"column":17},"end":{"line":3,"column":null}},"4":{"start":{"line":4,"column":26},"end":{"line":4,"column":null}},"5":{"start":{"line":5,"column":26},"end":{"line":5,"column":null}},"6":{"start":{"line":6,"column":17},"end":{"line":6,"column":null}},"7":{"start":{"line":7,"column":19},"end":{"line":7,"column":null}},"8":{"start":{"line":8,"column":20},"end":{"line":8,"column":null}},"9":{"start":{"line":9,"column":24},"end":{"line":9,"column":null}},"10":{"start":{"line":15,"column":13},"end":{"line":70,"column":null}},"11":{"start":{"line":16,"column":33},"end":{"line":16,"column":null}},"12":{"start":{"line":17,"column":33},"end":{"line":17,"column":null}},"13":{"start":{"line":18,"column":25},"end":{"line":18,"column":null}},"14":{"start":{"line":19,"column":25},"end":{"line":19,"column":null}},"15":{"start":{"line":19,"column":31},"end":{"line":19,"column":null}},"16":{"start":{"line":26,"column":38},"end":{"line":26,"column":null}},"17":{"start":{"line":29,"column":37},"end":{"line":29,"column":null}},"18":{"start":{"line":31,"column":28},"end":{"line":33,"column":52}},"19":{"start":{"line":34,"column":38},"end":{"line":34,"column":null}},"20":{"start":{"line":35,"column":24},"end":{"line":44,"column":null}},"21":{"start":{"line":72,"column":15},"end":{"line":72,"column":null}}},"fnMap":{"0":{"name":"(anonymous_2)","decl":{"start":{"line":15,"column":13},"end":{"line":15,"column":null}},"loc":{"start":{"line":15,"column":13},"end":{"line":70,"column":null}}},"1":{"name":"(anonymous_3)","decl":{"start":{"line":19,"column":25},"end":{"line":19,"column":31}},"loc":{"start":{"line":19,"column":31},"end":{"line":19,"column":null}}},"2":{"name":"(anonymous_4)","decl":{"start":{"line":25,"column":30},"end":{"line":25,"column":31}},"loc":{"start":{"line":25,"column":63},"end":{"line":65,"column":null}}}},"branchMap":{"0":{"loc":{"start":{"line":29,"column":37},"end":{"line":29,"column":null}},"type":"binary-expr","locations":[{"start":{"line":29,"column":37},"end":{"line":29,"column":59}},{"start":{"line":29,"column":63},"end":{"line":29,"column":null}}]},"1":{"loc":{"start":{"line":31,"column":28},"end":{"line":33,"column":52}},"type":"cond-expr","locations":[{"start":{"line":32,"column":34},"end":{"line":32,"column":82}},{"start":{"line":33,"column":34},"end":{"line":33,"column":52}}]},"2":{"loc":{"start":{"line":34,"column":38},"end":{"line":34,"column":null}},"type":"cond-expr","locations":[{"start":{"line":34,"column":45},"end":{"line":34,"column":67}},{"start":{"line":34,"column":67},"end":{"line":34,"column":null}}]},"3":{"loc":{"start":{"line":45,"column":47},"end":{"line":45,"column":null}},"type":"cond-expr","locations":[{"start":{"line":45,"column":76},"end":{"line":45,"column":91}},{"start":{"line":45,"column":94},"end":{"line":45,"column":null}}]},"4":{"loc":{"start":{"line":45,"column":47},"end":{"line":45,"column":76}},"type":"binary-expr","locations":[{"start":{"line":45,"column":47},"end":{"line":45,"column":68}},{"start":{"line":45,"column":68},"end":{"line":45,"column":76}}]},"5":{"loc":{"start":{"line":49,"column":42},"end":{"line":49,"column":null}},"type":"binary-expr","locations":[{"start":{"line":49,"column":42},"end":{"line":49,"column":77}},{"start":{"line":49,"column":81},"end":{"line":49,"column":null}}]}},"s":{"0":6,"1":3,"2":3,"3":3,"4":3,"5":3,"6":3,"7":3,"8":3,"9":3,"10":3,"11":6,"12":6,"13":6,"14":6,"15":0,"16":30,"17":30,"18":30,"19":30,"20":30,"21":3},"f":{"0":6,"1":0,"2":30},"b":{"0":[30,0],"1":[0,30],"2":[24,6],"3":[6,24],"4":[30,24],"5":[30,30]}}
,"/home/runner/work/the-last-dance/the-last-dance/src/components/Dock/Icon/index.tsx": {"path":"/home/runner/work/the-last-dance/the-last-dance/src/components/Dock/Icon/index.tsx","statementMap":{"0":{"start":{"line":34,"column":0},"end":{"line":34,"column":15}},"1":{"start":{"line":1,"column":18},"end":{"line":1,"column":null}},"2":{"start":{"line":2,"column":18},"end":{"line":2,"column":null}},"3":{"start":{"line":19,"column":13},"end":{"line":32,"column":null}},"4":{"start":{"line":34,"column":15},"end":{"line":34,"column":null}}},"fnMap":{"0":{"name":"(anonymous_2)","decl":{"start":{"line":19,"column":13},"end":{"line":19,"column":14}},"loc":{"start":{"line":19,"column":41},"end":{"line":32,"column":null}}}},"branchMap":{},"s":{"0":31,"1":4,"2":4,"3":4,"4":4},"f":{"0":31},"b":{}}
,"/home/runner/work/the-last-dance/the-last-dance/src/components/ErrorBoundary/index.tsx": {"path":"/home/runner/work/the-last-dance/the-last-dance/src/components/ErrorBoundary/index.tsx","statementMap":{"0":{"start":{"line":74,"column":0},"end":{"line":74,"column":15}},"1":{"start":{"line":1,"column":18},"end":{"line":1,"column":null}},"2":{"start":{"line":2,"column":17},"end":{"line":2,"column":null}},"3":{"start":{"line":3,"column":33},"end":{"line":3,"column":null}},"4":{"start":{"line":4,"column":27},"end":{"line":4,"column":null}},"5":{"start":{"line":5,"column":16},"end":{"line":5,"column":null}},"6":{"start":{"line":6,"column":19},"end":{"line":6,"column":null}},"7":{"start":{"line":7,"column":19},"end":{"line":7,"column":null}},"8":{"start":{"line":8,"column":19},"end":{"line":8,"column":null}},"9":{"start":{"line":12,"column":8},"end":{"line":12,"column":null}},"10":{"start":{"line":13,"column":8},"end":{"line":15,"column":null}},"11":{"start":{"line":19,"column":8},"end":{"line":19,"column":null}},"12":{"start":{"line":32,"column":8},"end":{"line":32,"column":null}},"13":{"start":{"line":36,"column":8},"end":{"line":68,"column":null}},"14":{"start":{"line":70,"column":8},"end":{"line":70,"column":null}},"15":{"start":{"line":74,"column":15},"end":{"line":74,"column":null}}},"fnMap":{"0":{"name":"(anonymous_2)","decl":{"start":{"line":11,"column":4},"end":{"line":11,"column":16}},"loc":{"start":{"line":11,"column":57},"end":{"line":16,"column":null}}},"1":{"name":"(anonymous_3)","decl":{"start":{"line":18,"column":4},"end":{"line":18,"column":11}},"loc":{"start":{"line":18,"column":50},"end":{"line":20,"column":null}}},"2":{"name":"(anonymous_4)","decl":{"start":{"line":31,"column":4},"end":{"line":31,"column":22}},"loc":{"start":{"line":31,"column":59},"end":{"line":33,"column":null}}},"3":{"name":"(anonymous_5)","decl":{"start":{"line":35,"column":4},"end":{"line":35,"column":13}},"loc":{"start":{"line":35,"column":13},"end":{"line":71,"column":null}}}},"branchMap":{"0":{"loc":{"start":{"line":36,"column":8},"end":{"line":68,"column":null}},"type":"if","locations":[{"start":{"line":36,"column":8},"end":{"line":68,"column":null}}]}},"s":{"0":3,"1":1,"2":1,"3":1,"4":1,"5":1,"6":1,"7":1,"8":1,"9":6,"10":5,"11":4,"12":2,"13":9,"14":5,"15":1},"f":{"0":6,"1":4,"2":2,"3":9},"b":{"0":[4]}}
,"/home/runner/work/the-last-dance/the-last-dance/src/components/GoogleAdsense/index.tsx": {"path":"/home/runner/work/the-last-dance/the-last-dance/src/components/GoogleAdsense/index.tsx","statementMap":{"0":{"start":{"line":13,"column":13},"end":{"line":13,"column":31}},"1":{"start":{"line":56,"column":0},"end":{"line":56,"column":15}},"2":{"start":{"line":1,"column":19},"end":{"line":1,"column":null}},"3":{"start":{"line":2,"column":26},"end":{"line":2,"column":null}},"4":{"start":{"line":13,"column":31},"end":{"line":13,"column":null}},"5":{"start":{"line":26,"column":35},"end":{"line":54,"column":null}},"6":{"start":{"line":27,"column":15},"end":{"line":27,"column":null}},"7":{"start":{"line":29,"column":4},"end":{"line":29,"column":null}},"8":{"start":{"line":29,"column":26},"end":{"line":29,"column":null}},"9":{"start":{"line":56,"column":15},"end":{"line":56,"column":null}}},"fnMap":{"0":{"name":"(anonymous_4)","decl":{"start":{"line":26,"column":35},"end":{"line":26,"column":36}},"loc":{"start":{"line":26,"column":80},"end":{"line":54,"column":null}}}},"branchMap":{"0":{"loc":{"start":{"line":26,"column":38},"end":{"line":26,"column":72}},"type":"default-arg","locations":[{"start":{"line":26,"column":47},"end":{"line":26,"column":72}}]},"1":{"loc":{"start":{"line":29,"column":4},"end":{"line":29,"column":null}},"type":"if","locations":[{"start":{"line":29,"column":4},"end":{"line":29,"column":null}}]}},"s":{"0":0,"1":3,"2":1,"3":1,"4":1,"5":1,"6":3,"7":3,"8":3,"9":1},"f":{"0":3},"b":{"0":[2],"1":[3]}}
,"/home/runner/work/the-last-dance/the-last-dance/src/components/GridLayoutControl/index.tsx": {"path":"/home/runner/work/the-last-dance/the-last-dance/src/components/GridLayoutControl/index.tsx","statementMap":{"0":{"start":{"line":24,"column":0},"end":{"line":24,"column":15}},"1":{"start":{"line":1,"column":34},"end":{"line":1,"column":null}},"2":{"start":{"line":2,"column":19},"end":{"line":2,"column":null}},"3":{"start":{"line":15,"column":26},"end":{"line":22,"column":null}},"4":{"start":{"line":24,"column":15},"end":{"line":24,"column":null}}},"fnMap":{"0":{"name":"(anonymous_2)","decl":{"start":{"line":15,"column":26},"end":{"line":15,"column":27}},"loc":{"start":{"line":15,"column":70},"end":{"line":22,"column":null}}}},"branchMap":{"0":{"loc":{"start":{"line":15,"column":29},"end":{"line":15,"column":61}},"type":"default-arg","locations":[{"start":{"line":15,"column":41},"end":{"line":15,"column":61}}]}},"s":{"0":2,"1":1,"2":1,"3":1,"4":1},"f":{"0":2},"b":{"0":[1]}}
,"/home/runner/work/the-last-dance/the-last-dance/src/components/Heating/index.tsx": {"path":"/home/runner/work/the-last-dance/the-last-dance/src/components/Heating/index.tsx","statementMap":{"0":{"start":{"line":46,"column":0},"end":{"line":46,"column":15}},"1":{"start":{"line":1,"column":23},"end":{"line":1,"column":null}},"2":{"start":{"line":2,"column":19},"end":{"line":2,"column":null}},"3":{"start":{"line":3,"column":26},"end":{"line":3,"column":null}},"4":{"start":{"line":4,"column":20},"end":{"line":4,"column":null}},"5":{"start":{"line":5,"column":34},"end":{"line":5,"column":null}},"6":{"start":{"line":6,"column":24},"end":{"line":6,"column":null}},"7":{"start":{"line":12,"column":16},"end":{"line":44,"column":null}},"8":{"start":{"line":13,"column":37},"end":{"line":13,"column":null}},"9":{"start":{"line":14,"column":33},"end":{"line":14,"column":null}},"10":{"start":{"line":46,"column":15},"end":{"line":46,"column":null}}},"fnMap":{"0":{"name":"(anonymous_2)","decl":{"start":{"line":12,"column":16},"end":{"line":12,"column":null}},"loc":{"start":{"line":12,"column":16},"end":{"line":44,"column":null}}}},"branchMap":{},"s":{"0":6,"1":3,"2":3,"3":3,"4":3,"5":3,"6":3,"7":3,"8":7,"9":7,"10":3},"f":{"0":7},"b":{}}
[...]
,"column":null}},"38":{"start":{"line":109,"column":4},"end":{"line":111,"column":null}},"39":{"start":{"line":110,"column":8},"end":{"line":110,"column":null}},"40":{"start":{"line":113,"column":4},"end":{"line":121,"column":null}},"41":{"start":{"line":114,"column":21},"end":{"line":114,"column":null}},"42":{"start":{"line":115,"column":8},"end":{"line":115,"column":null}},"43":{"start":{"line":116,"column":8},"end":{"line":116,"column":null}},"44":{"start":{"line":118,"column":8},"end":{"line":118,"column":null}},"45":{"start":{"line":119,"column":8},"end":{"line":119,"column":null}},"46":{"start":{"line":120,"column":8},"end":{"line":120,"column":null}}},"fnMap":{"0":{"name":"(anonymous_2)","decl":{"start":{"line":36,"column":20},"end":{"line":36,"column":27}},"loc":{"start":{"line":36,"column":27},"end":{"line":85,"column":null}}},"1":{"name":"(anonymous_3)","decl":{"start":{"line":70,"column":13},"end":{"line":70,"column":14}},"loc":{"start":{"line":70,"column":14},"end":{"line":81,"column":null}}},"2":{"name":"(anonymous_4)","decl":{"start":{"line":82,"column":16},"end":{"line":82,"column":17}},"loc":{"start":{"line":82,"column":26},"end":{"line":82,"column":49}}},"3":{"name":"handler","decl":{"start":{"line":95,"column":40},"end":{"line":95,"column":48}},"loc":{"start":{"line":95,"column":103},"end":{"line":122,"column":null}}}},"branchMap":{"0":{"loc":{"start":{"line":49,"column":4},"end":{"line":51,"column":null}},"type":"if","locations":[{"start":{"line":49,"column":4},"end":{"line":51,"column":null}}]},"1":{"loc":{"start":{"line":56,"column":34},"end":{"line":56,"column":null}},"type":"binary-expr","locations":[{"start":{"line":56,"column":34},"end":{"line":56,"column":76}},{"start":{"line":56,"column":76},"end":{"line":56,"column":null}}]},"2":{"loc":{"start":{"line":57,"column":4},"end":{"line":59,"column":null}},"type":"if","locations":[{"start":{"line":57,"column":4},"end":{"line":59,"column":null}}]},"3":{"loc":{"start":{"line":62,"column":4},"end":{"line":64,"column":null}},"type":"if","locations":[{"start":{"line":62,"column":4},"end":{"line":64,"column":null}}]},"4":{"loc":{"start":{"line":71,"column":28},"end":{"line":71,"column":null}},"type":"binary-expr","locations":[{"start":{"line":71,"column":28},"end":{"line":71,"column":82}},{"start":{"line":71,"column":82},"end":{"line":71,"column":null}}]},"5":{"loc":{"start":{"line":72,"column":31},"end":{"line":72,"column":null}},"type":"cond-expr","locations":[{"start":{"line":72,"column":41},"end":{"line":72,"column":61}},{"start":{"line":72,"column":61},"end":{"line":72,"column":null}}]},"6":{"loc":{"start":{"line":74,"column":23},"end":{"line":74,"column":null}},"type":"binary-expr","locations":[{"start":{"line":74,"column":23},"end":{"line":74,"column":75}},{"start":{"line":74,"column":75},"end":{"line":74,"column":null}}]},"7":{"loc":{"start":{"line":76,"column":29},"end":{"line":76,"column":null}},"type":"binary-expr","locations":[{"start":{"line":76,"column":29},"end":{"line":76,"column":82}},{"start":{"line":76,"column":82},"end":{"line":76,"column":null}}]},"8":{"loc":{"start":{"line":77,"column":22},"end":{"line":77,"column":null}},"type":"binary-expr","locations":[{"start":{"line":77,"column":22},"end":{"line":77,"column":73}},{"start":{"line":77,"column":73},"end":{"line":77,"column":null}}]},"9":{"loc":{"start":{"line":79,"column":20},"end":{"line":79,"column":null}},"type":"cond-expr","locations":[{"start":{"line":79,"column":72},"end":{"line":79,"column":112}},{"start":{"line":79,"column":112},"end":{"line":79,"column":null}}]},"10":{"loc":{"start":{"line":79,"column":20},"end":{"line":79,"column":72}},"type":"binary-expr","locations":[{"start":{"line":79,"column":20},"end":{"line":79,"column":34}},{"start":{"line":79,"column":34},"end":{"line":79,"column":72}}]},"11":{"loc":{"start":{"line":82,"column":26},"end":{"line":82,"column":49}},"type":"binary-expr","locations":[{"start":{"line":82,"column":26},"end":{"line":82,"column":36}},{"start":{"line":82,"column":40},"end":{"line":82,"column":49}}]},"12":{"loc":{"start":{"line":97,"column":4},"end":{"line":99,"column":null}},"type":"if","locations":[{"start":{"line":97,"column":4},"end":{"line":99,"column":null}}]},"13":{"loc":{"start":{"line":105,"column":4},"end":{"line":107,"column":null}},"type":"if","locations":[{"start":{"line":105,"column":4},"end":{"line":107,"column":null}}]},"14":{"loc":{"start":{"line":105,"column":8},"end":{"line":105,"column":43}},"type":"binary-expr","locations":[{"start":{"line":105,"column":8},"end":{"line":105,"column":17}},{"start":{"line":105,"column":17},"end":{"line":105,"column":43}}]},"15":{"loc":{"start":{"line":109,"column":4},"end":{"line":111,"column":null}},"type":"if","locations":[{"start":{"line":109,"column":4},"end":{"line":111,"column":null}}]}},"s":{"0":3,"1":1,"2":1,"3":1,"4":1,"5":1,"6":1,"7":1,"8":2,"9":2,"10":2,"11":2,"12":2,"13":2,"14":2,"15":2,"16":0,"17":2,"18":2,"19":0,"20":2,"21":2,"22":0,"23":2,"24":2,"25":2,"26":2,"27":2,"28":2,"29":2,"30":2,"31":1,"32":3,"33":0,"34":3,"35":3,"36":3,"37":0,"38":3,"39":1,"40":2,"41":2,"42":2,"43":2,"44":0,"45":0,"46":0},"f":{"0":2,"1":2,"2":2,"3":3},"b":{"0":[0],"1":[2,2],"2":[0],"3":[0],"4":[2,1],"5":[1,1],"6":[2,0],"7":[2,1],"8":[2,0],"9":[1,1],"10":[2,1],"11":[2,1],"12":[0],"13":[0],"14":[3,3],"15":[1]}}
,"/home/runner/work/the-last-dance/the-last-dance/src/pages/api/weather.ts": {"path":"/home/runner/work/the-last-dance/the-last-dance/src/pages/api/weather.ts","statementMap":{"0":{"start":{"line":146,"column":0},"end":{"line":146,"column":15}},"1":{"start":{"line":3,"column":20},"end":{"line":3,"column":null}},"2":{"start":{"line":4,"column":22},"end":{"line":4,"column":null}},"3":{"start":{"line":5,"column":40},"end":{"line":5,"column":null}},"4":{"start":{"line":6,"column":32},"end":{"line":6,"column":null}},"5":{"start":{"line":7,"column":31},"end":{"line":7,"column":null}},"6":{"start":{"line":8,"column":48},"end":{"line":8,"column":null}},"7":{"start":{"line":17,"column":50},"end":{"line":39,"column":null}},"8":{"start":{"line":42,"column":50},"end":{"line":64,"column":null}},"9":{"start":{"line":66,"column":21},"end":{"line":74,"column":null}},"10":{"start":{"line":66,"column":53},"end":{"line":74,"column":null}},"11":{"start":{"line":81,"column":23},"end":{"line":137,"column":null}},"12":{"start":{"line":82,"column":18},"end":{"line":82,"column":null}},"13":{"start":{"line":84,"column":19},"end":{"line":84,"column":null}},"14":{"start":{"line":85,"column":4},"end":{"line":85,"column":null}},"15":{"start":{"line":86,"column":4},"end":{"line":86,"column":null}},"16":{"start":{"line":87,"column":4},"end":{"line":87,"column":null}},"17":{"start":{"line":88,"column":4},"end":{"line":88,"column":null}},"18":{"start":{"line":90,"column":19},"end":{"line":90,"column":null}},"19":{"start":{"line":91,"column":4},"end":{"line":93,"column":null}},"20":{"start":{"line":92,"column":8},"end":{"line":92,"column":null}},"21":{"start":{"line":94,"column":16},"end":{"line":94,"column":null}},"22":{"start":{"line":95,"column":4},"end":{"line":97,"column":null}},"23":{"start":{"line":96,"column":8},"end":{"line":96,"column":null}},"24":{"start":{"line":98,"column":18},"end":{"line":98,"column":39}},"25":{"start":{"line":99,"column":4},"end":{"line":102,"column":null}},"26":{"start":{"line":100,"column":8},"end":{"line":100,"column":null}},"27":{"start":{"line":101,"column":8},"end":{"line":101,"column":null}},"28":{"start":{"line":104,"column":24},"end":{"line":104,"column":null}},"29":{"start":{"line":105,"column":4},"end":{"line":105,"column":null}},"30":{"start":{"line":106,"column":4},"end":{"line":106,"column":null}},"31":{"start":{"line":107,"column":4},"end":{"line":109,"column":null}},"32":{"start":{"line":112,"column":24},"end":{"line":112,"column":null}},"33":{"start":{"line":113,"column":4},"end":{"line":115,"column":null}},"34":{"start":{"line":114,"column":8},"end":{"line":114,"column":null}},"35":{"start":{"line":116,"column":21},"end":{"line":116,"column":null}},"36":{"start":{"line":117,"column":4},"end":{"line":119,"column":null}},"37":{"start":{"line":118,"column":8},"end":{"line":118,"column":null}},"38":{"start":{"line":120,"column":20},"end":{"line":120,"column":41}},"39":{"start":{"line":121,"column":4},"end":{"line":124,"column":null}},"40":{"start":{"line":122,"column":8},"end":{"line":122,"column":null}},"41":{"start":{"line":123,"column":8},"end":{"line":123,"column":null}},"42":{"start":{"line":126,"column":4},"end":{"line":136,"column":null}},"43":{"start":{"line":146,"column":15},"end":{"line":218,"column":null}},"44":{"start":{"line":148,"column":4},"end":{"line":150,"column":null}},"45":{"start":{"line":149,"column":8},"end":{"line":149,"column":null}},"46":{"start":{"line":152,"column":22},"end":{"line":152,"column":null}},"47":{"start":{"line":153,"column":28},"end":{"line":153,"column":null}},"48":{"start":{"line":156,"column":4},"end":{"line":158,"column":null}},"49":{"start":{"line":157,"column":8},"end":{"line":157,"column":null}},"50":{"start":{"line":161,"column":24},"end":{"line":164,"column":null}},"51":{"start":{"line":163,"column":23},"end":{"line":163,"column":null}},"52":{"start":{"line":166,"column":4},"end":{"line":168,"column":null}},"53":{"start":{"line":167,"column":8},"end":{"line":167,"column":null}},"54":{"start":{"line":170,"column":4},"end":{"line":172,"column":null}},"55":{"start":{"line":171,"column":8},"end":{"line":171,"column":null}},"56":{"start":{"line":174,"column":26},"end":{"line":174,"column":null}},"57":{"start":{"line":174,"column":55},"end":{"line":174,"column":null}},"58":{"start":{"line":176,"column":4},"end":{"line":178,"column":null}},"59":{"start":{"line":177,"column":8},"end":{"line":177,"column":null}},"60":{"start":{"line":197,"column":4},"end":{"line":217,"column":null}},"61":{"start":{"line":198,"column":24},"end":{"line":198,"column":null}},"62":{"start":{"line":198,"column":75},"end":{"line":198,"column":null}},"63":{"start":{"line":199,"column":24},"end":{"line":201,"column":null}},"64":{"start":{"line":200,"column":79},"end":{"line":200,"column":null}},"65":{"start":{"line":201,"column":29},"end":{"line":201,"column":41}},"66":{"start":{"line":203,"column":8},"end":{"line":209,"column":null}},"67":{"start":{"line":204,"column":12},"end":{"line":206,"column":null}},"68":{"start":{"line":205,"column":16},"end":{"line":205,"column":null}},"69":{"start":{"line":205,"column":50},"end":{"line":205,"column":null}},"70":{"start":{"line":207,"column":12},"end":{"line":207,"column":null}},"71":{"start":{"line":208,"column":12},"end":{"line":208,"column":null}},"72":{"start":{"line":211,"column":8},"end":{"line":211,"column":null}},"73":{"start":{"line":212,"column":8},"end":{"line":212,"column":null}},"74":{"start":{"line":214,"column":8},"end":{"line":214,"column":null}},"75":{"start":{"line":215,"column":8},"end":{"line":215,"column":null}},"76":{"start":{"line":216,"column":8},"end":{"line":216,"column":null}}},"fnMap":{"0":{"name":"(anonymous_2)","decl":{"start":{"line":66,"column":21},"end":{"line":66,"column":22}},"loc":{"start":{"line":66,"column":53},"end":{"line":74,"column":null}}},"1":{"name":"(anonymous_3)","decl":{"start":{"line":81,"column":23},"end":{"line":81,"column":30}},"loc":{"start":{"line":81,"column":30},"end":{"line":137,"column":null}}},"2":{"name":"handler","decl":{"start":{"line":146,"column":40},"end":{"line":146,"column":48}},"loc":{"start":{"line":146,"column":106},"end":{"line":218,"column":null}}},"3":{"name":"(anonymous_5)","decl":{"start":{"line":163,"column":13},"end":{"line":163,"column":14}},"loc":{"start":{"line":163,"column":23},"end":{"line":163,"column":null}}},"4":{"name":"(anonymous_6)","decl":{"start":{"line":174,"column":45},"end":{"line":174,"column":46}},"loc":{"start":{"line":174,"column":55},"end":{"line":174,"column":null}}},"5":{"name":"(anonymous_7)","decl":{"start":{"line":198,"column":65},"end":{"line":198,"column":66}},"loc":{"start":{"line":198,"column":75},"end":{"line":198,"column":null}}},"6":{"name":"(anonymous_8)","decl":{"start":{"line":200,"column":20},"end":{"line":200,"column":21}},"loc":{"start":{"line":200,"column":79},"end":{"line":200,"column":null}}},"7":{"name":"(anonymous_9)","decl":{"start":{"line":201,"column":17},"end":{"line":201,"column":18}},"loc":{"start":{"line":201,"column":29},"end":{"line":201,"column":41}}},"8":{"name":"(anonymous_10)","decl":{"start":{"line":204,"column":28},"end":{"line":204,"column":29}},"loc":{"start":{"line":204,"column":29},"end":{"line":206,"column":null}}}},"branchMap":{"0":{"loc":{"start":{"line":82,"column":19},"end":{"line":82,"column":44}},"type":"binary-expr","locations":[{"start":{"line":82,"column":19},"end":{"line":82,"column":37}},{"start":{"line":82,"column":41},"end":{"line":82,"column":44}}]},"1":{"loc":{"start":{"line":91,"column":4},"end":{"line":93,"column":null}},"type":"if","locations":[{"start":{"line":91,"column":4},"end":{"line":93,"column":null}}]},"2":{"loc":{"start":{"line":95,"column":4},"end":{"line":97,"column":null}},"type":"if","locations":[{"start":{"line":95,"column":4},"end":{"line":97,"column":null}}]},"3":{"loc":{"start":{"line":99,"column":4},"end":{"line":102,"column":null}},"type":"if","locations":[{"start":{"line":99,"column":4},"end":{"line":102,"column":null}}]},"4":{"loc":{"start":{"line":113,"column":4},"end":{"line":115,"column":null}},"type":"if","locations":[{"start":{"line":113,"column":4},"end":{"line":115,"column":null}}]},"5":{"loc":{"start":{"line":117,"column":4},"end":{"line":119,"column":null}},"type":"if","locations":[{"start":{"line":117,"column":4},"end":{"line":119,"column":null}}]},"6":{"loc":{"start":{"line":121,"column":4},"end":{"line":124,"column":null}},"type":"if","locations":[{"start":{"line":121,"column":4},"end":{"line":124,"column":null}}]},"7":{"loc":{"start":{"line":128,"column":14},"end":{"line":128,"column":null}},"type":"binary-expr","locations":[{"start":{"line":128,"column":14},"end":{"line":128,"column":53}},{"start":{"line":128,"column":57},"end":{"line":128,"column":null}}]},"8":{"loc":{"start":{"line":133,"column":18},"end":{"line":135,"column":null}},"type":"cond-expr","locations":[{"start":{"line":134,"column":14},"end":{"line":134,"column":71}},{"start":{"line":135,"column":14},"end":{"line":135,"column":null}}]},"9":{"loc":{"start":{"line":148,"column":4},"end":{"line":150,"column":null}},"type":"if","locations":[{"start":{"line":148,"column":4},"end":{"line":150,"column":null}}]},"10":{"loc":{"start":{"line":153,"column":12},"end":{"line":153,"column":23}},"type":"default-arg","locations":[{"start":{"line":153,"column":21},"end":{"line":153,"column":23}}]},"11":{"loc":{"start":{"line":156,"column":4},"end":{"line":158,"column":null}},"type":"if","locations":[{"start":{"line":156,"column":4},"end":{"line":158,"column":null}}]},"12":{"loc":{"start":{"line":156,"column":8},"end":{"line":156,"column":47}},"type":"binary-expr","locations":[{"start":{"line":156,"column":8},"end":{"line":156,"column":19}},{"start":{"line":156,"column":19},"end":{"line":156,"column":47}}]},"13":{"loc":{"start":{"line":166,"column":4},"end":{"line":168,"column":null}},"type":"if","locations":[{"start":{"line":166,"column":4},"end":{"line":168,"column":null}}]},"14":{"loc":{"start":{"line":170,"column":4},"end":{"line":172,"column":null}},"type":"if","locations":[{"start":{"line":170,"column":4},"end":{"line":172,"column":null}}]},"15":{"loc":{"start":{"line":176,"column":4},"end":{"line":178,"column":null}},"type":"if","locations":[{"start":{"line":176,"column":4},"end":{"line":178,"column":null}}]},"16":{"loc":{"start":{"line":203,"column":8},"end":{"line":209,"column":null}},"type":"if","locations":[{"start":{"line":203,"column":8},"end":{"line":209,"column":null}}]},"17":{"loc":{"start":{"line":205,"column":16},"end":{"line":205,"column":null}},"type":"if","locations":[{"start":{"line":205,"column":16},"end":{"line":205,"column":null}}]}},"s":{"0":5,"1":1,"2":1,"3":1,"4":1,"5":1,"6":1,"7":1,"8":1,"9":1,"10":0,"11":1,"12":7,"13":7,"14":7,"15":7,"16":7,"17":7,"18":7,"19":4,"20":0,"21":4,"22":4,"23":1,"24":3,"25":3,"26":0,"27":0,"28":3,"29":3,"30":3,"31":3,"32":3,"33":3,"34":0,"35":3,"36":3,"37":0,"38":3,"39":3,"40":0,"41":0,"42":3,"43":1,"44":5,"45":0,"46":5,"47":5,"48":5,"49":0,"50":5,"51":7,"52":5,"53":0,"54":5,"55":0,"56":5,"57":7,"58":5,"59":0,"60":5,"61":5,"62":7,"63":5,"64":7,"65":3,"66":5,"67":2,"68":3,"69":3,"70":2,"71":2,"72":3,"73":3,"74":0,"75":0,"76":0},"f":{"0":0,"1":7,"2":5,"3":7,"4":7,"5":7,"6":7,"7":3,"8":3},"b":{"0":[7,0],"1":[0],"2":[1],"3":[0],"4":[0],"5":[0],"6":[0],"7":[3,1],"8":[2,1],"9":[0],"10":[0],"11":[0],"12":[5,5],"13":[0],"14":[0],"15":[0],"16":[2],"17":[3]}}
,"/home/runner/work/the-last-dance/the-last-dance/src/pages/api/xrp.ts": {"path":"/home/runner/work/the-last-dance/the-last-dance/src/pages/api/xrp.ts","statementMap":{"0":{"start":{"line":14,"column":0},"end":{"line":14,"column":15}},"1":{"start":{"line":2,"column":20},"end":{"line":2,"column":null}},"2":{"start":{"line":3,"column":22},"end":{"line":3,"column":null}},"3":{"start":{"line":4,"column":40},"end":{"line":4,"column":null}},"4":{"start":{"line":5,"column":31},"end":{"line":5,"column":null}},"5":{"start":{"line":6,"column":35},"end":{"line":6,"column":null}},"6":{"start":{"line":14,"column":15},"end":{"line":60,"column":null}},"7":{"start":{"line":15,"column":4},"end":{"line":59,"column":null}},"8":{"start":{"line":17,"column":25},"end":{"line":25,"column":null}},"9":{"start":{"line":28,"column":8},"end":{"line":30,"column":null}},"10":{"start":{"line":29,"column":12},"end":{"line":29,"column":null}},"11":{"start":{"line":37,"column":23},"end":{"line":37,"column":null}},"12":{"start":{"line":38,"column":8},"end":{"line":40,"column":null}},"13":{"start":{"line":39,"column":12},"end":{"line":39,"column":null}},"14":{"start":{"line":42,"column":22},"end":{"line":42,"column":null}},"15":{"start":{"line":43,"column":26},"end":{"line":43,"column":59}},"16":{"start":{"line":44,"column":32},"end":{"line":44,"column":85}},"17":{"start":{"line":45,"column":29},"end":{"line":45,"column":null}},"18":{"start":{"line":47,"column":8},"end":{"line":47,"column":null}},"19":{"start":{"line":48,"column":8},"end":{"line":52,"column":null}},"20":{"start":{"line":54,"column":8},"end":{"line":56,"column":null}},"21":{"start":{"line":55,"column":12},"end":{"line":55,"column":null}},"22":{"start":{"line":57,"column":8},"end":{"line":57,"column":null}},"23":{"start":{"line":58,"column":8},"end":{"line":58,"column":null}}},"fnMap":{"0":{"name":"handler","decl":{"start":{"line":14,"column":40},"end":{"line":14,"column":48}},"loc":{"start":{"line":14,"column":90},"end":{"line":60,"column":null}}}},"branchMap":{"0":{"loc":{"start":{"line":28,"column":8},"end":{"line":30,"column":null}},"type":"if","locations":[{"start":{"line":28,"column":8},"end":{"line":30,"column":null}}]},"1":{"loc":{"start":{"line":38,"column":8},"end":{"line":40,"column":null}},"type":"if","locations":[{"start":{"line":38,"column":8},"end":{"line":40,"column":null}}]},"2":{"loc":{"start":{"line":44,"column":35},"end":{"line":44,"column":62}},"type":"cond-expr","locations":[{"start":{"line":44,"column":51},"end":{"line":44,"column":57}},{"start":{"line":44,"column":57},"end":{"line":44,"column":62}}]},"3":{"loc":{"start":{"line":45,"column":29},"end":{"line":45,"column":null}},"type":"cond-expr","locations":[{"start":{"line":45,"column":45},"end":{"line":45,"column":52}},{"start":{"line":45,"column":52},"end":{"line":45,"column":null}}]},"4":{"loc":{"start":{"line":54,"column":8},"end":{"line":56,"column":null}},"type":"if","locations":[{"start":{"line":54,"column":8},"end":{"line":56,"column":null}}]}},"s":{"0":4,"1":1,"2":1,"3":1,"4":1,"5":1,"6":1,"7":4,"8":4,"9":4,"10":1,"11":3,"12":3,"13":1,"14":2,"15":2,"16":2,"17":2,"18":2,"19":2,"20":2,"21":0,"22":2,"23":2},"f":{"0":4},"b":{"0":[1],"1":[1],"2":[1,1],"3":[1,1],"4":[0]}}
}
