{"/home/runner/work/the-last-dance/the-last-dance/scripts/trending/lib.js": {"path":"/home/runner/work/the-last-dance/the-last-dance/scripts/trending/lib.js","statementMap":{"0":{"start":{"line":4,"column":13},"end":{"line":4,"column":23}},"1":{"start":{"line":194,"column":13},"end":{"line":194,"column":27}},"2":{"start":{"line":164,"column":13},"end":{"line":164,"column":27}},"3":{"start":{"line":89,"column":13},"end":{"line":89,"column":34}},"4":{"start":{"line":44,"column":13},"end":{"line":44,"column":29}},"5":{"start":{"line":99,"column":13},"end":{"line":99,"column":25}},"6":{"start":{"line":55,"column":13},"end":{"line":55,"column":29}},"7":{"start":{"line":69,"column":13},"end":{"line":69,"column":25}},"8":{"start":{"line":4,"column":23},"end":{"line":36,"column":null}},"9":{"start":{"line":44,"column":29},"end":{"line":47,"column":null}},"10":{"start":{"line":45,"column":21},"end":{"line":45,"column":null}},"11":{"start":{"line":46,"column":4},"end":{"line":46,"column":null}},"12":{"start":{"line":46,"column":40},"end":{"line":46,"column":null}},"13":{"start":{"line":55,"column":29},"end":{"line":60,"column":null}},"14":{"start":{"line":56,"column":20},"end":{"line":56,"column":null}},"15":{"start":{"line":57,"column":4},"end":{"line":57,"column":null}},"16":{"start":{"line":57,"column":31},"end":{"line":57,"column":null}},"17":{"start":{"line":58,"column":20},"end":{"line":58,"column":null}},"18":{"start":{"line":59,"column":4},"end":{"line":59,"column":null}},"19":{"start":{"line":69,"column":25},"end":{"line":77,"column":null}},"20":{"start":{"line":70,"column":20},"end":{"line":70,"column":null}},"21":{"start":{"line":71,"column":4},"end":{"line":71,"column":null}},"22":{"start":{"line":71,"column":30},"end":{"line":71,"column":null}},"23":{"start":{"line":72,"column":21},"end":{"line":72,"column":null}},"24":{"start":{"line":72,"column":47},"end":{"line":72,"column":null}},"25":{"start":{"line":73,"column":21},"end":{"line":73,"column":null}},"26":{"start":{"line":75,"column":23},"end":{"line":75,"column":null}},"27":{"start":{"line":76,"column":4},"end":{"line":76,"column":null}},"28":{"start":{"line":80,"column":26},"end":{"line":80,"column":null}},"29":{"start":{"line":81,"column":29},"end":{"line":81,"column":null}},"30":{"start":{"line":89,"column":34},"end":{"line":96,"column":null}},"31":{"start":{"line":90,"column":19},"end":{"line":91,"column":null}},"32":{"start":{"line":91,"column":8},"end":{"line":91,"column":null}},"33":{"start":{"line":93,"column":4},"end":{"line":93,"column":null}},"34":{"start":{"line":93,"column":31},"end":{"line":93,"column":62}},"35":{"start":{"line":93,"column":62},"end":{"line":93,"column":null}},"36":{"start":{"line":94,"column":23},"end":{"line":94,"column":null}},"37":{"start":{"line":95,"column":4},"end":{"line":95,"column":null}},"38":{"start":{"line":99,"column":25},"end":{"line":158,"column":null}},"39":{"start":{"line":101,"column":8},"end":{"line":109,"column":null}},"40":{"start":{"line":101,"column":41},"end":{"line":109,"column":null}},"41":{"start":{"line":111,"column":8},"end":{"line":119,"column":null}},"42":{"start":{"line":111,"column":60},"end":{"line":119,"column":null}},"43":{"start":{"line":121,"column":8},"end":{"line":129,"column":null}},"44":{"start":{"line":121,"column":56},"end":{"line":129,"column":null}},"45":{"start":{"line":131,"column":8},"end":{"line":139,"column":null}},"46":{"start":{"line":131,"column":43},"end":{"line":139,"column":null}},"47":{"start":{"line":144,"column":8},"end":{"line":157,"column":null}},"48":{"start":{"line":145,"column":25},"end":{"line":145,"column":null}},"49":{"start":{"line":146,"column":30},"end":{"line":146,"column":null}},"50":{"start":{"line":147,"column":27},"end":{"line":147,"column":null}},"51":{"start":{"line":147,"column":64},"end":{"line":147,"column":null}},"52":{"start":{"line":148,"column":12},"end":{"line":156,"column":null}},"53":{"start":{"line":164,"column":27},"end":{"line":171,"column":null}},"54":{"start":{"line":165,"column":18},"end":{"line":165,"column":null}},"55":{"start":{"line":166,"column":4},"end":{"line":169,"column":null}},"56":{"start":{"line":167,"column":25},"end":{"line":167,"column":null}},"57":{"start":{"line":168,"column":8},"end":{"line":168,"column":null}},"58":{"start":{"line":168,"column":54},"end":{"line":168,"column":null}},"59":{"start":{"line":170,"column":4},"end":{"line":170,"column":null}},"60":{"start":{"line":173,"column":21},"end":{"line":186,"column":null}},"61":{"start":{"line":174,"column":4},"end":{"line":186,"column":null}},"62":{"start":{"line":194,"column":27},"end":{"line":242,"column":null}},"63":{"start":{"line":195,"column":18},"end":{"line":203,"column":null}},"64":{"start":{"line":205,"column":4},"end":{"line":223,"column":null}},"65":{"start":{"line":206,"column":8},"end":{"line":221,"column":null}},"66":{"start":{"line":225,"column":4},"end":{"line":231,"column":null}},"67":{"start":{"line":226,"column":8},"end":{"line":226,"column":null}},"68":{"start":{"line":227,"column":8},"end":{"line":228,"column":null}},"69":{"start":{"line":228,"column":12},"end":{"line":228,"column":null}},"70":{"start":{"line":230,"column":8},"end":{"line":230,"column":null}},"71":{"start":{"line":233,"column":4},"end":{"line":239,"column":null}},"72":{"start":{"line":234,"column":8},"end":{"line":234,"column":null}},"73":{"start":{"line":235,"column":8},"end":{"line":236,"column":null}},"74":{"start":{"line":236,"column":12},"end":{"line":236,"column":null}},"75":{"start":{"line":238,"column":8},"end":{"line":238,"column":null}},"76":{"start":{"line":241,"column":4},"end":{"line":241,"column":null}}},"fnMap":{"0":{"name":"(anonymous_9)","decl":{"start":{"line":44,"column":29},"end":{"line":44,"column":30}},"loc":{"start":{"line":44,"column":63},"end":{"line":47,"column":null}}},"1":{"name":"(anonymous_10)","decl":{"start":{"line":46,"column":27},"end":{"line":46,"column":28}},"loc":{"start":{"line":46,"column":40},"end":{"line":46,"column":null}}},"2":{"name":"(anonymous_11)","decl":{"start":{"line":55,"column":29},"end":{"line":55,"column":30}},"loc":{"start":{"line":55,"column":62},"end":{"line":60,"column":null}}},"3":{"name":"(anonymous_12)","decl":{"start":{"line":69,"column":25},"end":{"line":69,"column":26}},"loc":{"start":{"line":69,"column":32},"end":{"line":77,"column":null}}},"4":{"name":"(anonymous_13)","decl":{"start":{"line":72,"column":34},"end":{"line":72,"column":35}},"loc":{"start":{"line":72,"column":47},"end":{"line":72,"column":null}}},"5":{"name":"(anonymous_14)","decl":{"start":{"line":89,"column":34},"end":{"line":89,"column":35}},"loc":{"start":{"line":89,"column":35},"end":{"line":96,"column":null}}},"6":{"name":"(anonymous_15)","decl":{"start":{"line":90,"column":45},"end":{"line":90,"column":46}},"loc":{"start":{"line":91,"column":8},"end":{"line":91,"column":null}}},"7":{"name":"(anonymous_16)","decl":{"start":{"line":93,"column":20},"end":{"line":93,"column":21}},"loc":{"start":{"line":93,"column":31},"end":{"line":93,"column":62}}},"8":{"name":"(anonymous_17)","decl":{"start":{"line":100,"column":8},"end":{"line":100,"column":9}},"loc":{"start":{"line":101,"column":8},"end":{"line":109,"column":null}}},"9":{"name":"(anonymous_18)","decl":{"start":{"line":101,"column":31},"end":{"line":101,"column":32}},"loc":{"start":{"line":101,"column":41},"end":{"line":109,"column":null}}},"10":{"name":"(anonymous_19)","decl":{"start":{"line":110,"column":11},"end":{"line":110,"column":12}},"loc":{"start":{"line":111,"column":8},"end":{"line":119,"column":null}}},"11":{"name":"(anonymous_20)","decl":{"start":{"line":111,"column":46},"end":{"line":111,"column":47}},"loc":{"start":{"line":111,"column":60},"end":{"line":119,"column":null}}},"12":{"name":"(anonymous_21)","decl":{"start":{"line":120,"column":12},"end":{"line":120,"column":13}},"loc":{"start":{"line":121,"column":8},"end":{"line":129,"column":null}}},"13":{"name":"(anonymous_22)","decl":{"start":{"line":121,"column":41},"end":{"line":121,"column":42}},"loc":{"start":{"line":121,"column":56},"end":{"line":129,"column":null}}},"14":{"name":"(anonymous_23)","decl":{"start":{"line":130,"column":12},"end":{"line":130,"column":13}},"loc":{"start":{"line":131,"column":8},"end":{"line":139,"column":null}}},"15":{"name":"(anonymous_24)","decl":{"start":{"line":131,"column":32},"end":{"line":131,"column":33}},"loc":{"start":{"line":131,"column":43},"end":{"line":139,"column":null}}},"16":{"name":"(anonymous_25)","decl":{"start":{"line":143,"column":18},"end":{"line":143,"column":19}},"loc":{"start":{"line":144,"column":8},"end":{"line":157,"column":null}}},"17":{"name":"(anonymous_26)","decl":{"start":{"line":144,"column":59},"end":{"line":144,"column":60}},"loc":{"start":{"line":144,"column":60},"end":{"line":157,"column":null}}},"18":{"name":"(anonymous_27)","decl":{"start":{"line":147,"column":52},"end":{"line":147,"column":53}},"loc":{"start":{"line":147,"column":64},"end":{"line":147,"column":null}}},"19":{"name":"(anonymous_28)","decl":{"start":{"line":164,"column":27},"end":{"line":164,"column":28}},"loc":{"start":{"line":164,"column":28},"end":{"line":171,"column":null}}},"20":{"name":"(anonymous_29)","decl":{"start":{"line":173,"column":21},"end":{"line":173,"column":22}},"loc":{"start":{"line":174,"column":4},"end":{"line":186,"column":null}}},"21":{"name":"(anonymous_30)","decl":{"start":{"line":194,"column":27},"end":{"line":194,"column":28}},"loc":{"start":{"line":194,"column":89},"end":{"line":242,"column":null}}},"22":{"name":"(anonymous_31)","decl":{"start":{"line":205,"column":19},"end":{"line":205,"column":20}},"loc":{"start":{"line":205,"column":27},"end":{"line":223,"column":null}}},"23":{"name":"(anonymous_32)","decl":{"start":{"line":227,"column":30},"end":{"line":227,"column":31}},"loc":{"start":{"line":228,"column":12},"end":{"line":228,"column":null}}},"24":{"name":"(anonymous_33)","decl":{"start":{"line":235,"column":28},"end":{"line":235,"column":29}},"loc":{"start":{"line":236,"column":12},"end":{"line":236,"column":null}}}},"branchMap":{"0":{"loc":{"start":{"line":44,"column":36},"end":{"line":44,"column":63}},"type":"default-arg","locations":[{"start":{"line":44,"column":47},"end":{"line":44,"column":63}}]},"1":{"loc":{"start":{"line":45,"column":22},"end":{"line":45,"column":31}},"type":"binary-expr","locations":[{"start":{"line":45,"column":22},"end":{"line":45,"column":30}},{"start":{"line":45,"column":30},"end":{"line":45,"column":31}}]},"2":{"loc":{"start":{"line":55,"column":46},"end":{"line":55,"column":62}},"type":"default-arg","locations":[{"start":{"line":55,"column":61},"end":{"line":55,"column":62}}]},"3":{"loc":{"start":{"line":57,"column":4},"end":{"line":57,"column":null}},"type":"if","locations":[{"start":{"line":57,"column":4},"end":{"line":57,"column":null}}]},"4":{"loc":{"start":{"line":70,"column":51},"end":{"line":70,"column":68}},"type":"binary-expr","locations":[{"start":{"line":70,"column":51},"end":{"line":70,"column":60}},{"start":{"line":70,"column":64},"end":{"line":70,"column":68}}]},"5":{"loc":{"start":{"line":71,"column":4},"end":{"line":71,"column":null}},"type":"if","locations":[{"start":{"line":71,"column":4},"end":{"line":71,"column":null}}]},"6":{"loc":{"start":{"line":73,"column":45},"end":{"line":73,"column":null}},"type":"cond-expr","locations":[{"start":{"line":73,"column":56},"end":{"line":73,"column":75}},{"start":{"line":73,"column":78},"end":{"line":73,"column":null}}]},"7":{"loc":{"start":{"line":90,"column":20},"end":{"line":90,"column":38}},"type":"binary-expr","locations":[{"start":{"line":90,"column":20},"end":{"line":90,"column":37}},{"start":{"line":90,"column":37},"end":{"line":90,"column":38}}]},"8":{"loc":{"start":{"line":91,"column":9},"end":{"line":91,"column":61}},"type":"cond-expr","locations":[{"start":{"line":91,"column":37},"end":{"line":91,"column":45}},{"start":{"line":91,"column":45},"end":{"line":91,"column":61}}]},"9":{"loc":{"start":{"line":91,"column":45},"end":{"line":91,"column":61}},"type":"binary-expr","locations":[{"start":{"line":91,"column":45},"end":{"line":91,"column":60}},{"start":{"line":91,"column":60},"end":{"line":91,"column":61}}]},"10":{"loc":{"start":{"line":93,"column":4},"end":{"line":93,"column":null}},"type":"if","locations":[{"start":{"line":93,"column":4},"end":{"line":93,"column":null}}]},"11":{"loc":{"start":{"line":94,"column":24},"end":{"line":94,"column":49}},"type":"binary-expr","locations":[{"start":{"line":94,"column":24},"end":{"line":94,"column":43}},{"start":{"line":94,"column":43},"end":{"line":94,"column":49}}]},"12":{"loc":{"start":{"line":94,"column":49},"end":{"line":94,"column":null}},"type":"binary-expr","locations":[{"start":{"line":94,"column":49},"end":{"line":94,"column":82}},{"start":{"line":94,"column":82},"end":{"line":94,"column":null}}]},"13":{"loc":{"start":{"line":101,"column":9},"end":{"line":101,"column":24}},"type":"binary-expr","locations":[{"start":{"line":101,"column":9},"end":{"line":101,"column":23}},{"start":{"line":101,"column":23},"end":{"line":101,"column":24}}]},"14":{"loc":{"start":{"line":102,"column":19},"end":{"line":102,"column":null}},"type":"binary-expr","locations":[{"start":{"line":102,"column":19},"end":{"line":102,"column":28}},{"start":{"line":102,"column":32},"end":{"line":102,"column":null}}]},"15":{"loc":{"start":{"line":103,"column":17},"end":{"line":103,"column":82}},"type":"binary-expr","locations":[{"start":{"line":103,"column":17},"end":{"line":103,"column":24}},{"start":{"line":103,"column":28},"end":{"line":103,"column":82}}]},"16":{"loc":{"start":{"line":105,"column":25},"end":{"line":105,"column":41}},"type":"binary-expr","locations":[{"start":{"line":105,"column":25},"end":{"line":105,"column":35}},{"start":{"line":105,"column":39},"end":{"line":105,"column":41}}]},"17":{"loc":{"start":{"line":105,"column":52},"end":{"line":105,"column":74}},"type":"binary-expr","locations":[{"start":{"line":105,"column":52},"end":{"line":105,"column":68}},{"start":{"line":105,"column":72},"end":{"line":105,"column":74}}]},"18":{"loc":{"start":{"line":106,"column":25},"end":{"line":106,"column":45}},"type":"binary-expr","locations":[{"start":{"line":106,"column":25},"end":{"line":106,"column":35}},{"start":{"line":106,"column":39},"end":{"line":106,"column":45}}]},"19":{"loc":{"start":{"line":106,"column":45},"end":{"line":106,"column":null}},"type":"binary-expr","locations":[{"start":{"line":106,"column":45},"end":{"line":106,"column":61}},{"start":{"line":106,"column":65},"end":{"line":106,"column":null}}]},"20":{"loc":{"start":{"line":108,"column":19},"end":{"line":108,"column":33}},"type":"binary-expr","locations":[{"start":{"line":108,"column":19},"end":{"line":108,"column":28}},{"start":{"line":108,"column":32},"end":{"line":108,"column":33}}]},"21":{"loc":{"start":{"line":111,"column":9},"end":{"line":111,"column":39}},"type":"cond-expr","locations":[{"start":{"line":111,"column":31},"end":{"line":111,"column":38}},{"start":{"line":111,"column":38},"end":{"line":111,"column":39}}]},"22":{"loc":{"start":{"line":112,"column":19},"end":{"line":112,"column":null}},"type":"binary-expr","locations":[{"start":{"line":112,"column":19},"end":{"line":112,"column":32}},{"start":{"line":112,"column":36},"end":{"line":112,"column":null}}]},"23":{"loc":{"start":{"line":113,"column":17},"end":{"line":113,"column":null}},"type":"binary-expr","locations":[{"start":{"line":113,"column":17},"end":{"line":113,"column":28}},{"start":{"line":113,"column":32},"end":{"line":113,"column":null}}]},"24":{"loc":{"start":{"line":115,"column":25},"end":{"line":115,"column":63}},"type":"binary-expr","locations":[{"start":{"line":115,"column":25},"end":{"line":115,"column":57}},{"start":{"line":115,"column":61},"end":{"line":115,"column":63}}]},"25":{"loc":{"start":{"line":115,"column":77},"end":{"line":115,"column":105}},"type":"binary-expr","locations":[{"start":{"line":115,"column":77},"end":{"line":115,"column":99}},{"start":{"line":115,"column":103},"end":{"line":115,"column":105}}]},"26":{"loc":{"start":{"line":116,"column":25},"end":{"line":116,"column":67}},"type":"binary-expr","locations":[{"start":{"line":116,"column":25},"end":{"line":116,"column":57}},{"start":{"line":116,"column":61},"end":{"line":116,"column":67}}]},"27":{"loc":{"start":{"line":116,"column":67},"end":{"line":116,"column":null}},"type":"binary-expr","locations":[{"start":{"line":116,"column":67},"end":{"line":116,"column":89}},{"start":{"line":116,"column":93},"end":{"line":116,"column":null}}]},"28":{"loc":{"start":{"line":118,"column":19},"end":{"line":118,"column":40}},"type":"binary-expr","locations":[{"start":{"line":118,"column":19},"end":{"line":118,"column":35}},{"start":{"line":118,"column":39},"end":{"line":118,"column":40}}]},"29":{"loc":{"start":{"line":121,"column":9},"end":{"line":121,"column":34}},"type":"binary-expr","locations":[{"start":{"line":121,"column":9},"end":{"line":121,"column":33}},{"start":{"line":121,"column":33},"end":{"line":121,"column":34}}]},"30":{"loc":{"start":{"line":122,"column":19},"end":{"line":122,"column":null}},"type":"binary-expr","locations":[{"start":{"line":122,"column":19},"end":{"line":122,"column":29}},{"start":{"line":122,"column":33},"end":{"line":122,"column":null}}]},"31":{"loc":{"start":{"line":123,"column":42},"end":{"line":123,"column":64}},"type":"binary-expr","locations":[{"start":{"line":123,"column":42},"end":{"line":123,"column":56}},{"start":{"line":123,"column":60},"end":{"line":123,"column":64}}]},"32":{"loc":{"start":{"line":125,"column":25},"end":{"line":125,"column":41}},"type":"binary-expr","locations":[{"start":{"line":125,"column":25},"end":{"line":125,"column":35}},{"start":{"line":125,"column":39},"end":{"line":125,"column":41}}]},"33":{"loc":{"start":{"line":125,"column":53},"end":{"line":125,"column":76}},"type":"binary-expr","locations":[{"start":{"line":125,"column":53},"end":{"line":125,"column":70}},{"start":{"line":125,"column":74},"end":{"line":125,"column":76}}]},"34":{"loc":{"start":{"line":126,"column":25},"end":{"line":126,"column":45}},"type":"binary-expr","locations":[{"start":{"line":126,"column":25},"end":{"line":126,"column":35}},{"start":{"line":126,"column":39},"end":{"line":126,"column":45}}]},"35":{"loc":{"start":{"line":126,"column":45},"end":{"line":126,"column":null}},"type":"binary-expr","locations":[{"start":{"line":126,"column":45},"end":{"line":126,"column":62}},{"start":{"line":126,"column":66},"end":{"line":126,"column":null}}]},"36":{"loc":{"start":{"line":127,"column":33},"end":{"line":127,"column":58}},"type":"binary-expr","locations":[{"start":{"line":127,"column":33},"end":{"line":127,"column":49}},{"start":{"line":127,"column":53},"end":{"line":127,"column":58}}]},"37":{"loc":{"start":{"line":128,"column":18},"end":{"line":128,"column":null}},"type":"binary-expr","locations":[{"start":{"line":128,"column":18},"end":{"line":128,"column":32}},{"start":{"line":128,"column":36},"end":{"line":128,"column":null}}]},"38":{"loc":{"start":{"line":131,"column":9},"end":{"line":131,"column":25}},"type":"binary-expr","locations":[{"start":{"line":131,"column":9},"end":{"line":131,"column":24}},{"start":{"line":131,"column":24},"end":{"line":131,"column":25}}]},"39":{"loc":{"start":{"line":132,"column":41},"end":{"line":132,"column":65}},"type":"binary-expr","locations":[{"start":{"line":132,"column":41},"end":{"line":132,"column":57}},{"start":{"line":132,"column":61},"end":{"line":132,"column":65}}]},"40":{"loc":{"start":{"line":133,"column":17},"end":{"line":133,"column":null}},"type":"binary-expr","locations":[{"start":{"line":133,"column":17},"end":{"line":133,"column":30}},{"start":{"line":133,"column":34},"end":{"line":133,"column":null}}]},"41":{"loc":{"start":{"line":135,"column":25},"end":{"line":135,"column":52}},"type":"binary-expr","locations":[{"start":{"line":135,"column":25},"end":{"line":135,"column":46}},{"start":{"line":135,"column":50},"end":{"line":135,"column":52}}]},"42":{"loc":{"start":{"line":136,"column":24},"end":{"line":136,"column":null}},"type":"binary-expr","locations":[{"start":{"line":136,"column":24},"end":{"line":136,"column":45}},{"start":{"line":136,"column":49},"end":{"line":136,"column":null}}]},"43":{"loc":{"start":{"line":138,"column":19},"end":{"line":138,"column":35}},"type":"binary-expr","locations":[{"start":{"line":138,"column":19},"end":{"line":138,"column":30}},{"start":{"line":138,"column":34},"end":{"line":138,"column":35}}]},"44":{"loc":{"start":{"line":144,"column":9},"end":{"line":144,"column":25}},"type":"binary-expr","locations":[{"start":{"line":144,"column":9},"end":{"line":144,"column":24}},{"start":{"line":144,"column":24},"end":{"line":144,"column":25}}]},"45":{"loc":{"start":{"line":145,"column":25},"end":{"line":145,"column":null}},"type":"binary-expr","locations":[{"start":{"line":145,"column":25},"end":{"line":145,"column":73}},{"start":{"line":145,"column":77},"end":{"line":145,"column":null}}]},"46":{"loc":{"start":{"line":145,"column":26},"end":{"line":145,"column":51}},"type":"binary-expr","locations":[{"start":{"line":145,"column":26},"end":{"line":145,"column":46}},{"start":{"line":145,"column":50},"end":{"line":145,"column":51}}]},"47":{"loc":{"start":{"line":146,"column":30},"end":{"line":146,"column":null}},"type":"binary-expr","locations":[{"start":{"line":146,"column":30},"end":{"line":146,"column":62}},{"start":{"line":146,"column":62},"end":{"line":146,"column":null}}]},"48":{"loc":{"start":{"line":147,"column":28},"end":{"line":147,"column":45}},"type":"binary-expr","locations":[{"start":{"line":147,"column":28},"end":{"line":147,"column":40}},{"start":{"line":147,"column":44},"end":{"line":147,"column":45}}]},"49":{"loc":{"start":{"line":147,"column":64},"end":{"line":147,"column":null}},"type":"cond-expr","locations":[{"start":{"line":147,"column":92},"end":{"line":147,"column":100}},{"start":{"line":147,"column":100},"end":{"line":147,"column":null}}]},"50":{"loc":{"start":{"line":147,"column":100},"end":{"line":147,"column":null}},"type":"binary-expr","locations":[{"start":{"line":147,"column":100},"end":{"line":147,"column":115}},{"start":{"line":147,"column":115},"end":{"line":147,"column":null}}]},"51":{"loc":{"start":{"line":149,"column":23},"end":{"line":149,"column":null}},"type":"cond-expr","locations":[{"start":{"line":149,"column":30},"end":{"line":149,"column":71}},{"start":{"line":149,"column":71},"end":{"line":149,"column":null}}]},"52":{"loc":{"start":{"line":149,"column":42},"end":{"line":149,"column":61}},"type":"binary-expr","locations":[{"start":{"line":149,"column":42},"end":{"line":149,"column":53}},{"start":{"line":149,"column":57},"end":{"line":149,"column":61}}]},"53":{"loc":{"start":{"line":149,"column":71},"end":{"line":149,"column":null}},"type":"binary-expr","locations":[{"start":{"line":149,"column":71},"end":{"line":149,"column":82}},{"start":{"line":149,"column":86},"end":{"line":149,"column":null}}]},"54":{"loc":{"start":{"line":150,"column":21},"end":{"line":150,"column":null}},"type":"binary-expr","locations":[{"start":{"line":150,"column":21},"end":{"line":150,"column":35}},{"start":{"line":150,"column":39},"end":{"line":150,"column":null}}]},"55":{"loc":{"start":{"line":152,"column":29},"end":{"line":152,"column":49}},"type":"binary-expr","locations":[{"start":{"line":152,"column":29},"end":{"line":152,"column":43}},{"start":{"line":152,"column":47},"end":{"line":152,"column":49}}]},"56":{"loc":{"start":{"line":153,"column":29},"end":{"line":153,"column":52}},"type":"binary-expr","locations":[{"start":{"line":153,"column":29},"end":{"line":153,"column":43}},{"start":{"line":153,"column":47},"end":{"line":153,"column":52}}]},"57":{"loc":{"start":{"line":154,"column":27},"end":{"line":154,"column":63}},"type":"binary-expr","locations":[{"start":{"line":154,"column":27},"end":{"line":154,"column":43}},{"start":{"line":154,"column":47},"end":{"line":154,"column":63}}]},"58":{"loc":{"start":{"line":168,"column":8},"end":{"line":168,"column":null}},"type":"if","locations":[{"start":{"line":168,"column":8},"end":{"line":168,"column":null}}]},"59":{"loc":{"start":{"line":168,"column":12},"end":{"line":168,"column":52}},"type":"binary-expr","locations":[{"start":{"line":168,"column":12},"end":{"line":168,"column":25}},{"start":{"line":168,"column":25},"end":{"line":168,"column":52}}]},"60":{"loc":{"start":{"line":194,"column":51},"end":{"line":194,"column":69}},"type":"default-arg","locations":[{"start":{"line":194,"column":67},"end":{"line":194,"column":69}}]},"61":{"loc":{"start":{"line":194,"column":71},"end":{"line":194,"column":87}},"type":"default-arg","locations":[{"start":{"line":194,"column":85},"end":{"line":194,"column":87}}]},"62":{"loc":{"start":{"line":225,"column":4},"end":{"line":231,"column":null}},"type":"if","locations":[{"start":{"line":225,"column":4},"end":{"line":231,"column":null}}]},"63":{"loc":{"start":{"line":233,"column":4},"end":{"line":239,"column":null}},"type":"if","locations":[{"start":{"line":233,"column":4},"end":{"line":239,"column":null}}]}},"s":{"0":0,"1":1,"2":1,"3":4,"4":2,"5":5,"6":3,"7":3,"8":1,"9":1,"10":5,"11":5,"12":125,"13":1,"14":5,"15":5,"16":1,"17":4,"18":4,"19":1,"20":3,"21":3,"22":1,"23":2,"24":2,"25":2,"26":2,"27":2,"28":1,"29":1,"30":1,"31":6,"32":3,"33":6,"34":3,"35":1,"36":5,"37":5,"38":1,"39":1,"40":1,"41":1,"42":1,"43":1,"44":1,"45":1,"46":1,"47":1,"48":1,"49":1,"50":1,"51":1,"52":1,"53":1,"54":1,"55":1,"56":3,"57":3,"58":3,"59":1,"60":1,"61":1,"62":1,"63":1,"64":1,"65":1,"66":1,"67":1,"68":1,"69":1,"70":1,"71":1,"72":1,"73":1,"74":1,"75":1,"76":1},"f":{"0":5,"1":125,"2":5,"3":3,"4":2,"5":6,"6":3,"7":3,"8":1,"9":1,"10":1,"11":1,"12":1,"13":1,"14":1,"15":1,"16":1,"17":1,"18":1,"19":1,"20":1,"21":1,"22":1,"23":1,"24":1},"b":{"0":[5],"1":[5,0],"2":[5],"3":[1],"4":[3,3],"5":[1],"6":[1,1],"7":[6,3],"8":[1,2],"9":[2,0],"10":[1],"11":[5,0],"12":[5,1],"13":[1,0],"14":[1,0],"15":[1,1],"16":[1,0],"17":[1,0],"18":[1,0],"19":[1,0],"20":[1,1],"21":[1,0],"22":[1,0],"23":[1,0],"24":[1,0],"25":[1,0],"26":[1,0],"27":[1,0],"28":[1,0],"29":[1,0],"30":[1,0],"31":[1,0],"32":[1,0],"33":[1,0],"34":[1,0],"35":[1,0],"36":[1,0],"37":[1,0],"38":[1,0],"39":[1,0],"40":[1,0],"41":[1,0],"42":[1,0],"43":[1,0],"44":[1,0],"45":[1,0],"46":[1,0],"47":[1,0],"48":[1,0],"49":[0,1],"50":[1,0],"51":[1,0],"52":[1,0],"53":[0,0],"54":[1,0],"55":[1,0],"56":[1,0],"57":[1,0],"58":[3],"59":[3,1],"60":[0],"61":[0],"62":[1],"63":[1]}}
,"/home/runner/work/the-last-dance/the-last-dance/src/components/Avatar/index.tsx": {"path":"/home/runner/work/the-last-dance/the-last-dance/src/components/Avatar/index.tsx","statementMap":{"0":{"start":{"line":33,"column":0},"end":{"line":33,"column":15}},"1":{"start":{"line":1,"column":19},"end":{"line":1,"column":null}},"2":{"start":{"line":2,"column":18},"end":{"line":2,"column":null}},"3":{"start":{"line":21,"column":15},"end":{"line":31,"column":null}},"4":{"start":{"line":33,"column":15},"end":{"line":33,"column":null}}},"fnMap":{"0":{"name":"(anonymous_2)","decl":{"start":{"line":21,"column":15},"end":{"line":21,"column":16}},"loc":{"start":{"line":21,"column":54},"end":{"line":31,"column":null}}}},"branchMap":{},"s":{"0":1,"1":1,"2":1,"3":1,"4":1},"f":{"0":1},"b":{}}
,"/home/runner/work/the-last-dance/the-last-dance/src/components/BackgroundImage/index.tsx": {"path":"/home/runner/work/the-last-dance/the-last-dance/src/components/BackgroundImage/index.tsx","statementMap":{"0":{"start":{"line":33,"column":0},"end":{"line":33,"column":15}},"1":{"start":{"line":1,"column":18},"end":{"line":1,"column":null}},"2":{"start":{"line":2,"column":19},"end":{"line":2,"column":null}},"3":{"start":{"line":3,"column":28},"end":{"line":3,"column":null}},"4":{"start":{"line":4,"column":24},"end":{"line":4,"column":null}},"5":{"start":{"line":12,"column":24},"end":{"line":31,"column":null}},"6":{"start":{"line":13,"column":33},"end":{"line":13,"column":null}},"7":{"start":{"line":33,"column":15},"end":{"line":33,"column":null}}},"fnMap":{"0":{"name":"(anonymous_2)","decl":{"start":{"line":12,"column":24},"end":{"line":12,"column":null}},"loc":{"start":{"line":12,"column":24},"end":{"line":31,"column":null}}}},"branchMap":{},"s":{"0":4,"1":3,"2":3,"3":3,"4":3,"5":3,"6":4,"7":3},"f":{"0":4},"b":{}}
,"/home/runner/work/the-last-dance/the-last-dance/src/components/Blog/ArticlePanel/index.tsx": {"path":"/home/runner/work/the-last-dance/the-last-dance/src/components/Blog/ArticlePanel/index.tsx","statementMap":{"0":{"start":{"line":70,"column":0},"end":{"line":70,"column":15}},"1":{"start":{"line":1,"column":18},"end":{"line":1,"column":null}},"2":{"start":{"line":2,"column":61},"end":{"line":2,"column":null}},"3":{"start":{"line":3,"column":47},"end":{"line":3,"column":null}},"4":{"start":{"line":4,"column":29},"end":{"line":4,"column":null}},"5":{"start":{"line":5,"column":23},"end":{"line":5,"column":null}},"6":{"start":{"line":6,"column":26},"end":{"line":6,"column":null}},"7":{"start":{"line":7,"column":24},"end":{"line":7,"column":null}},"8":{"start":{"line":8,"column":24},"end":{"line":8,"column":null}},"9":{"start":{"line":9,"column":19},"end":{"line":9,"column":null}},"10":{"start":{"line":10,"column":24},"end":{"line":10,"column":null}},"11":{"start":{"line":11,"column":24},"end":{"line":11,"column":null}},"12":{"start":{"line":12,"column":20},"end":{"line":12,"column":null}},"13":{"start":{"line":25,"column":17},"end":{"line":41,"column":null}},"14":{"start":{"line":26,"column":33},"end":{"line":26,"column":null}},"15":{"start":{"line":50,"column":21},"end":{"line":69,"column":null}},"16":{"start":{"line":70,"column":15},"end":{"line":70,"column":null}}},"fnMap":{"0":{"name":"(anonymous_2)","decl":{"start":{"line":25,"column":17},"end":{"line":25,"column":18}},"loc":{"start":{"line":25,"column":37},"end":{"line":41,"column":null}}},"1":{"name":"(anonymous_3)","decl":{"start":{"line":50,"column":21},"end":{"line":50,"column":22}},"loc":{"start":{"line":50,"column":41},"end":{"line":69,"column":null}}}},"branchMap":{},"s":{"0":2,"1":1,"2":1,"3":1,"4":1,"5":1,"6":1,"7":1,"8":1,"9":1,"10":1,"11":1,"12":1,"13":1,"14":2,"15":1,"16":1},"f":{"0":2,"1":2},"b":{}}
,"/home/runner/work/the-last-dance/the-last-dance/src/components/Blog/AsidePanel/index.tsx": {"path":"/home/runner/work/the-last-dance/the-last-dance/src/components/Blog/AsidePanel/index.tsx","statementMap":{"0":{"start":{"line":21,"column":0},"end":{"line":21,"column":15}},"1":{"start":{"line":1,"column":19},"end":{"line":1,"column":null}},"2":{"start":{"line":2,"column":31},"end":{"line":2,"column":null}},"3":{"start":{"line":3,"column":31},"end":{"line":3,"column":null}},"4":{"start":{"line":11,"column":19},"end":{"line":19,"column":null}},"5":{"start":{"line":21,"column":15},"end":{"line":21,"column":null}}},"fnMap":{"0":{"name":"(anonymous_2)","decl":{"start":{"line":11,"column":19},"end":{"line":11,"column":null}},"loc":{"start":{"line":11,"column":19},"end":{"line":19,"column":null}}}},"branchMap":{},"s":{"0":1,"1":1,"2":1,"3":1,"4":1,"5":1},"f":{"0":1},"b":{}}
,"/home/runner/work/the-last-dance/the-last-dance/src/components/Blog/NavList/index.tsx": {"path":"/home/runner/work/the-last-dance/the-last-dance/src/components/Blog/NavList/index.tsx","statementMap":{"0":{"start":{"line":70,"column":0},"end":{"line":70,"column":15}},"1":{"start":{"line":1,"column":19},"end":{"line":1,"column":null}},"2":{"start":{"line":2,"column":33},"end":{"line":2,"column":null}},"3":{"start":{"line":3,"column":17},"end":{"line":3,"column":null}},"4":{"start":{"line":27,"column":16},"end":{"line":68,"column":null}},"5":{"start":{"line":28,"column":4},"end":{"line":28,"column":null}},"6":{"start":{"line":28,"column":15},"end":{"line":28,"column":null}},"7":{"start":{"line":30,"column":4},"end":{"line":30,"column":null}},"8":{"start":{"line":30,"column":49},"end":{"line":30,"column":null}},"9":{"start":{"line":31,"column":4},"end":{"line":31,"column":null}},"10":{"start":{"line":31,"column":53},"end":{"line":31,"column":null}},"11":{"start":{"line":47,"column":43},"end":{"line":49,"column":null}},"12":{"start":{"line":50,"column":24},"end":{"line":51,"column":null}},"13":{"start":{"line":70,"column":15},"end":{"line":70,"column":null}}},"fnMap":{"0":{"name":"(anonymous_2)","decl":{"start":{"line":27,"column":16},"end":{"line":27,"column":17}},"loc":{"start":{"line":27,"column":61},"end":{"line":68,"column":null}}},"1":{"name":"(anonymous_3)","decl":{"start":{"line":38,"column":20},"end":{"line":38,"column":null}},"loc":{"start":{"line":45,"column":24},"end":{"line":63,"column":null}}}},"branchMap":{"0":{"loc":{"start":{"line":28,"column":4},"end":{"line":28,"column":null}},"type":"if","locations":[{"start":{"line":28,"column":4},"end":{"line":28,"column":null}}]},"1":{"loc":{"start":{"line":30,"column":4},"end":{"line":30,"column":null}},"type":"if","locations":[{"start":{"line":30,"column":4},"end":{"line":30,"column":null}}]},"2":{"loc":{"start":{"line":30,"column":8},"end":{"line":30,"column":49}},"type":"binary-expr","locations":[{"start":{"line":30,"column":8},"end":{"line":30,"column":20}},{"start":{"line":30,"column":20},"end":{"line":30,"column":49}}]},"3":{"loc":{"start":{"line":31,"column":4},"end":{"line":31,"column":null}},"type":"if","locations":[{"start":{"line":31,"column":4},"end":{"line":31,"column":null}}]},"4":{"loc":{"start":{"line":31,"column":8},"end":{"line":31,"column":53}},"type":"binary-expr","locations":[{"start":{"line":31,"column":8},"end":{"line":31,"column":22}},{"start":{"line":31,"column":22},"end":{"line":31,"column":53}}]},"5":{"loc":{"start":{"line":47,"column":43},"end":{"line":49,"column":null}},"type":"cond-expr","locations":[{"start":{"line":48,"column":30},"end":{"line":48,"column":null}},{"start":{"line":49,"column":30},"end":{"line":49,"column":null}}]},"6":{"loc":{"start":{"line":54,"column":43},"end":{"line":54,"column":80}},"type":"cond-expr","locations":[{"start":{"line":54,"column":56},"end":{"line":54,"column":69}},{"start":{"line":54,"column":72},"end":{"line":54,"column":80}}]},"7":{"loc":{"start":{"line":55,"column":47},"end":{"line":55,"column":null}},"type":"cond-expr","locations":[{"start":{"line":55,"column":60},"end":{"line":55,"column":75}},{"start":{"line":55,"column":78},"end":{"line":55,"column":null}}]},"8":{"loc":{"start":{"line":57,"column":37},"end":{"line":57,"column":null}},"type":"cond-expr","locations":[{"start":{"line":57,"column":50},"end":{"line":57,"column":66}},{"start":{"line":57,"column":66},"end":{"line":57,"column":null}}]},"9":{"loc":{"start":{"line":58,"column":65},"end":{"line":58,"column":102}},"type":"cond-expr","locations":[{"start":{"line":58,"column":78},"end":{"line":58,"column":91}},{"start":{"line":58,"column":94},"end":{"line":58,"column":102}}]}},"s":{"0":3,"1":1,"2":1,"3":1,"4":1,"5":3,"6":1,"7":2,"8":0,"9":2,"10":0,"11":2,"12":2,"13":1},"f":{"0":3,"1":2},"b":{"0":[1],"1":[0],"2":[2,1],"3":[0],"4":[2,1],"5":[1,1],"6":[1,1],"7":[1,1],"8":[1,1],"9":[1,1]}}
,"/home/runner/work/the-last-dance/the-last-dance/src/components/Blog/PostByline/index.tsx": {"path":"/home/runner/work/the-last-dance/the-last-dance/src/components/Blog/PostByline/index.tsx","statementMap":{"0":{"start":{"line":67,"column":0},"end":{"line":67,"column":15}},"1":{"start":{"line":1,"column":18},"end":{"line":1,"column":null}},"2":{"start":{"line":2,"column":17},"end":{"line":2,"column":null}},"3":{"start":{"line":3,"column":24},"end":{"line":3,"column":null}},"4":{"start":{"line":4,"column":27},"end":{"line":4,"column":null}},"5":{"start":{"line":5,"column":40},"end":{"line":5,"column":null}},"6":{"start":{"line":6,"column":19},"end":{"line":6,"column":null}},"7":{"start":{"line":25,"column":26},"end":{"line":65,"column":null}},"8":{"start":{"line":26,"column":27},"end":{"line":26,"column":null}},"9":{"start":{"line":27,"column":29},"end":{"line":27,"column":null}},"10":{"start":{"line":29,"column":4},"end":{"line":64,"column":null}},"11":{"start":{"line":52,"column":8},"end":{"line":63,"column":null}},"12":{"start":{"line":62,"column":24},"end":{"line":62,"column":null}},"13":{"start":{"line":67,"column":15},"end":{"line":67,"column":null}}},"fnMap":{"0":{"name":"(anonymous_2)","decl":{"start":{"line":25,"column":26},"end":{"line":25,"column":27}},"loc":{"start":{"line":25,"column":27},"end":{"line":65,"column":null}}},"1":{"name":"(anonymous_3)","decl":{"start":{"line":29,"column":25},"end":{"line":29,"column":null}},"loc":{"start":{"line":29,"column":25},"end":{"line":64,"column":7}}},"2":{"name":"(anonymous_5)","decl":{"start":{"line":62,"column":18},"end":{"line":62,"column":24}},"loc":{"start":{"line":62,"column":24},"end":{"line":62,"column":null}}}},"branchMap":{"0":{"loc":{"start":{"line":33,"column":32},"end":{"line":33,"column":55}},"type":"binary-expr","locations":[{"start":{"line":33,"column":32},"end":{"line":33,"column":42}},{"start":{"line":33,"column":42},"end":{"line":33,"column":55}}]},"1":{"loc":{"start":{"line":34,"column":17},"end":{"line":48,"column":null}},"type":"cond-expr","locations":[{"start":{"line":35,"column":20},"end":{"line":48,"column":null}},{"start":{"line":48,"column":20},"end":{"line":48,"column":null}}]}},"s":{"0":0,"1":0,"2":0,"3":0,"4":0,"5":0,"6":0,"7":0,"8":0,"9":0,"10":0,"11":0,"12":0,"13":0},"f":{"0":0,"1":0,"2":0},"b":{"0":[0,0],"1":[0,0]}}
,"/home/runner/work/the-last-dance/the-last-dance/src/components/Blog/PostList/index.tsx": {"path":"/home/runner/work/the-last-dance/the-last-dance/src/components/Blog/PostList/index.tsx","statementMap":{"0":{"start":{"line":54,"column":0},"end":{"line":54,"column":15}},"1":{"start":{"line":1,"column":19},"end":{"line":1,"column":null}},"2":{"start":{"line":2,"column":17},"end":{"line":2,"column":null}},"3":{"start":{"line":24,"column":17},"end":{"line":53,"column":null}},"4":{"start":{"line":25,"column":4},"end":{"line":25,"column":null}},"5":{"start":{"line":25,"column":16},"end":{"line":25,"column":null}},"6":{"start":{"line":27,"column":4},"end":{"line":27,"column":null}},"7":{"start":{"line":27,"column":41},"end":{"line":27,"column":null}},"8":{"start":{"line":28,"column":4},"end":{"line":28,"column":null}},"9":{"start":{"line":28,"column":49},"end":{"line":28,"column":null}},"10":{"start":{"line":43,"column":20},"end":{"line":43,"column":36}},"11":{"start":{"line":54,"column":15},"end":{"line":54,"column":null}}},"fnMap":{"0":{"name":"(anonymous_2)","decl":{"start":{"line":24,"column":17},"end":{"line":24,"column":18}},"loc":{"start":{"line":24,"column":50},"end":{"line":53,"column":null}}},"1":{"name":"(anonymous_3)","decl":{"start":{"line":33,"column":16},"end":{"line":33,"column":null}},"loc":{"start":{"line":43,"column":20},"end":{"line":43,"column":36}}}},"branchMap":{"0":{"loc":{"start":{"line":25,"column":4},"end":{"line":25,"column":null}},"type":"if","locations":[{"start":{"line":25,"column":4},"end":{"line":25,"column":null}}]},"1":{"loc":{"start":{"line":27,"column":4},"end":{"line":27,"column":null}},"type":"if","locations":[{"start":{"line":27,"column":4},"end":{"line":27,"column":null}}]},"2":{"loc":{"start":{"line":27,"column":8},"end":{"line":27,"column":41}},"type":"binary-expr","locations":[{"start":{"line":27,"column":8},"end":{"line":27,"column":16}},{"start":{"line":27,"column":16},"end":{"line":27,"column":41}}]},"3":{"loc":{"start":{"line":28,"column":4},"end":{"line":28,"column":null}},"type":"if","locations":[{"start":{"line":28,"column":4},"end":{"line":28,"column":null}}]},"4":{"loc":{"start":{"line":28,"column":8},"end":{"line":28,"column":49}},"type":"binary-expr","locations":[{"start":{"line":28,"column":8},"end":{"line":28,"column":20}},{"start":{"line":28,"column":20},"end":{"line":28,"column":49}}]},"5":{"loc":{"start":{"line":43,"column":47},"end":{"line":43,"column":null}},"type":"cond-expr","locations":[{"start":{"line":43,"column":72},"end":{"line":43,"column":87}},{"start":{"line":43,"column":90},"end":{"line":43,"column":null}}]}},"s":{"0":3,"1":1,"2":1,"3":1,"4":3,"5":1,"6":2,"7":0,"8":2,"9":0,"10":2,"11":1},"f":{"0":3,"1":2},"b":{"0":[1],"1":[0],"2":[2,2],"3":[0],"4":[2,2],"5":[2,0]}}
,"/home/runner/work/the-last-dance/the-last-dance/src/components/Blog/StarCounter/index.tsx": {"path":"/home/runner/work/the-last-dance/the-last-dance/src/components/Blog/StarCounter/index.tsx","statementMap":{"0":{"start":{"line":43,"column":0},"end":{"line":43,"column":15}},"1":{"start":{"line":1,"column":18},"end":{"line":1,"column":null}},"2":{"start":{"line":2,"column":30},"end":{"line":2,"column":null}},"3":{"start":{"line":3,"column":24},"end":{"line":3,"column":null}},"4":{"start":{"line":4,"column":27},"end":{"line":4,"column":null}},"5":{"start":{"line":5,"column":26},"end":{"line":5,"column":null}},"6":{"start":{"line":6,"column":20},"end":{"line":6,"column":null}},"7":{"start":{"line":7,"column":19},"end":{"line":7,"column":null}},"8":{"start":{"line":14,"column":20},"end":{"line":41,"column":null}},"9":{"start":{"line":15,"column":37},"end":{"line":15,"column":null}},"10":{"start":{"line":16,"column":33},"end":{"line":16,"column":null}},"11":{"start":{"line":43,"column":15},"end":{"line":43,"column":null}}},"fnMap":{"0":{"name":"(anonymous_2)","decl":{"start":{"line":14,"column":20},"end":{"line":14,"column":null}},"loc":{"start":{"line":14,"column":20},"end":{"line":41,"column":null}}}},"branchMap":{},"s":{"0":3,"1":1,"2":1,"3":1,"4":1,"5":1,"6":1,"7":1,"8":1,"9":3,"10":3,"11":1},"f":{"0":3},"b":{}}
,"/home/runner/work/the-last-dance/the-last-dance/src/components/Blog/ViewCounter/index.tsx": {"path":"/home/runner/work/the-last-dance/the-last-dance/src/components/Blog/ViewCounter/index.tsx","statementMap":{"0":{"start":{"line":67,"column":0},"end":{"line":67,"column":15}},"1":{"start":{"line":1,"column":18},"end":{"line":1,"column":null}},"2":{"start":{"line":2,"column":19},"end":{"line":2,"column":null}},"3":{"start":{"line":3,"column":25},"end":{"line":3,"column":null}},"4":{"start":{"line":4,"column":26},"end":{"line":4,"column":null}},"5":{"start":{"line":5,"column":24},"end":{"line":5,"column":null}},"6":{"start":{"line":6,"column":30},"end":{"line":6,"column":null}},"7":{"start":{"line":7,"column":24},"end":{"line":7,"column":null}},"8":{"start":{"line":8,"column":20},"end":{"line":8,"column":null}},"9":{"start":{"line":16,"column":20},"end":{"line":65,"column":null}},"10":{"start":{"line":17,"column":37},"end":{"line":17,"column":null}},"11":{"start":{"line":18,"column":33},"end":{"line":18,"column":null}},"12":{"start":{"line":67,"column":15},"end":{"line":67,"column":null}}},"fnMap":{"0":{"name":"(anonymous_2)","decl":{"start":{"line":16,"column":20},"end":{"line":16,"column":21}},"loc":{"start":{"line":16,"column":47},"end":{"line":65,"column":null}}}},"branchMap":{"0":{"loc":{"start":{"line":25,"column":25},"end":{"line":25,"column":null}},"type":"cond-expr","locations":[{"start":{"line":25,"column":31},"end":{"line":25,"column":43}},{"start":{"line":25,"column":43},"end":{"line":25,"column":null}}]},"1":{"loc":{"start":{"line":27,"column":37},"end":{"line":27,"column":null}},"type":"cond-expr","locations":[{"start":{"line":27,"column":43},"end":{"line":27,"column":51}},{"start":{"line":27,"column":51},"end":{"line":27,"column":null}}]},"2":{"loc":{"start":{"line":37,"column":21},"end":{"line":37,"column":null}},"type":"cond-expr","locations":[{"start":{"line":37,"column":27},"end":{"line":37,"column":65}},{"start":{"line":37,"column":65},"end":{"line":37,"column":null}}]},"3":{"loc":{"start":{"line":40,"column":13},"end":{"line":40,"column":null}},"type":"binary-expr","locations":[{"start":{"line":40,"column":13},"end":{"line":40,"column":null}}]}},"s":{"0":6,"1":3,"2":3,"3":3,"4":3,"5":3,"6":3,"7":3,"8":3,"9":3,"10":7,"11":7,"12":3},"f":{"0":7},"b":{"0":[5,2],"1":[5,2],"2":[5,2],"3":[7]}}
,"/home/runner/work/the-last-dance/the-last-dance/src/components/ControlButtons/index.tsx": {"path":"/home/runner/work/the-last-dance/the-last-dance/src/components/ControlButtons/index.tsx","statementMap":{"0":{"start":{"line":56,"column":0},"end":{"line":56,"column":15}},"1":{"start":{"line":1,"column":19},"end":{"line":1,"column":null}},"2":{"start":{"line":2,"column":42},"end":{"line":2,"column":null}},"3":{"start":{"line":3,"column":20},"end":{"line":3,"column":null}},"4":{"start":{"line":24,"column":23},"end":{"line":54,"column":null}},"5":{"start":{"line":56,"column":15},"end":{"line":56,"column":null}}},"fnMap":{"0":{"name":"(anonymous_2)","decl":{"start":{"line":24,"column":23},"end":{"line":24,"column":24}},"loc":{"start":{"line":24,"column":104},"end":{"line":54,"column":null}}}},"branchMap":{"0":{"loc":{"start":{"line":26,"column":76},"end":{"line":26,"column":null}},"type":"cond-expr","locations":[{"start":{"line":26,"column":90},"end":{"line":26,"column":108}},{"start":{"line":26,"column":111},"end":{"line":26,"column":null}}]},"1":{"loc":{"start":{"line":47,"column":20},"end":{"line":47,"column":null}},"type":"cond-expr","locations":[{"start":{"line":47,"column":31},"end":{"line":47,"column":62}},{"start":{"line":47,"column":65},"end":{"line":47,"column":null}}]}},"s":{"0":5,"1":3,"2":3,"3":3,"4":3,"5":3},"f":{"0":5},"b":{"0":[0,5],"1":[4,1]}}
,"/home/runner/work/the-last-dance/the-last-dance/src/components/CookieConsent/index.tsx": {"path":"/home/runner/work/the-last-dance/the-last-dance/src/components/CookieConsent/index.tsx","statementMap":{"0":{"start":{"line":12,"column":13},"end":{"line":12,"column":35}},"1":{"start":{"line":22,"column":13},"end":{"line":22,"column":30}},"2":{"start":{"line":98,"column":0},"end":{"line":98,"column":15}},"3":{"start":{"line":1,"column":18},"end":{"line":1,"column":null}},"4":{"start":{"line":2,"column":24},"end":{"line":2,"column":null}},"5":{"start":{"line":3,"column":17},"end":{"line":3,"column":null}},"6":{"start":{"line":4,"column":20},"end":{"line":4,"column":null}},"7":{"start":{"line":5,"column":19},"end":{"line":5,"column":null}},"8":{"start":{"line":12,"column":35},"end":{"line":12,"column":null}},"9":{"start":{"line":22,"column":30},"end":{"line":27,"column":null}},"10":{"start":{"line":22,"column":58},"end":{"line":27,"column":null}},"11":{"start":{"line":39,"column":22},"end":{"line":96,"column":null}},"12":{"start":{"line":40,"column":30},"end":{"line":40,"column":null}},"13":{"start":{"line":41,"column":42},"end":{"line":41,"column":null}},"14":{"start":{"line":43,"column":4},"end":{"line":53,"column":null}},"15":{"start":{"line":46,"column":8},"end":{"line":52,"column":null}},"16":{"start":{"line":47,"column":12},"end":{"line":47,"column":null}},"17":{"start":{"line":55,"column":19},"end":{"line":63,"column":null}},"18":{"start":{"line":56,"column":8},"end":{"line":60,"column":null}},"19":{"start":{"line":57,"column":12},"end":{"line":57,"column":null}},"20":{"start":{"line":61,"column":8},"end":{"line":61,"column":null}},"21":{"start":{"line":62,"column":8},"end":{"line":62,"column":null}},"22":{"start":{"line":65,"column":25},"end":{"line":65,"column":null}},"23":{"start":{"line":65,"column":49},"end":{"line":65,"column":68}},"24":{"start":{"line":66,"column":25},"end":{"line":66,"column":null}},"25":{"start":{"line":66,"column":49},"end":{"line":66,"column":67}},"26":{"start":{"line":68,"column":4},"end":{"line":68,"column":null}},"27":{"start":{"line":68,"column":22},"end":{"line":68,"column":null}},"28":{"start":{"line":98,"column":15},"end":{"line":98,"column":null}}},"fnMap":{"0":{"name":"(anonymous_5)","decl":{"start":{"line":22,"column":30},"end":{"line":22,"column":31}},"loc":{"start":{"line":22,"column":58},"end":{"line":27,"column":null}}},"1":{"name":"(anonymous_6)","decl":{"start":{"line":39,"column":22},"end":{"line":39,"column":null}},"loc":{"start":{"line":39,"column":22},"end":{"line":96,"column":null}}},"2":{"name":"(anonymous_7)","decl":{"start":{"line":43,"column":20},"end":{"line":43,"column":null}},"loc":{"start":{"line":43,"column":20},"end":{"line":53,"column":7}}},"3":{"name":"(anonymous_8)","decl":{"start":{"line":55,"column":37},"end":{"line":55,"column":38}},"loc":{"start":{"line":55,"column":38},"end":{"line":63,"column":7}}},"4":{"name":"(anonymous_9)","decl":{"start":{"line":65,"column":43},"end":{"line":65,"column":49}},"loc":{"start":{"line":65,"column":49},"end":{"line":65,"column":68}}},"5":{"name":"(anonymous_10)","decl":{"start":{"line":66,"column":43},"end":{"line":66,"column":49}},"loc":{"start":{"line":66,"column":49},"end":{"line":66,"column":67}}}},"branchMap":{"0":{"loc":{"start":{"line":68,"column":4},"end":{"line":68,"column":null}},"type":"if","locations":[{"start":{"line":68,"column":4},"end":{"line":68,"column":null}}]}},"s":{"0":3,"1":0,"2":5,"3":1,"4":1,"5":1,"6":1,"7":1,"8":1,"9":1,"10":2,"11":1,"12":10,"13":10,"14":10,"15":5,"16":5,"17":10,"18":2,"19":2,"20":2,"21":2,"22":10,"23":1,"24":10,"25":1,"26":10,"27":7,"28":1},"f":{"0":2,"1":10,"2":5,"3":2,"4":1,"5":1},"b":{"0":[7]}}
,"/home/runner/work/the-last-dance/the-last-dance/src/components/CountDown/index.tsx": {"path":"/home/runner/work/the-last-dance/the-last-dance/src/components/CountDown/index.tsx","statementMap":{"0":{"start":{"line":115,"column":0},"end":{"line":115,"column":15}},"1":{"start":{"line":1,"column":18},"end":{"line":1,"column":null}},"2":{"start":{"line":2,"column":19},"end":{"line":2,"column":null}},"3":{"start":{"line":3,"column":20},"end":{"line":3,"column":null}},"4":{"start":{"line":4,"column":24},"end":{"line":4,"column":null}},"5":{"start":{"line":28,"column":26},"end":{"line":53,"column":null}},"6":{"start":{"line":33,"column":23},"end":{"line":33,"column":null}},"7":{"start":{"line":34,"column":18},"end":{"line":34,"column":null}},"8":{"start":{"line":35,"column":19},"end":{"line":35,"column":null}},"9":{"start":{"line":36,"column":17},"end":{"line":36,"column":null}},"10":{"start":{"line":37,"column":18},"end":{"line":37,"column":null}},"11":{"start":{"line":38,"column":20},"end":{"line":38,"column":null}},"12":{"start":{"line":39,"column":20},"end":{"line":39,"column":null}},"13":{"start":{"line":41,"column":4},"end":{"line":50,"column":null}},"14":{"start":{"line":42,"column":8},"end":{"line":49,"column":null}},"15":{"start":{"line":52,"column":4},"end":{"line":52,"column":null}},"16":{"start":{"line":61,"column":18},"end":{"line":113,"column":null}},"17":{"start":{"line":62,"column":33},"end":{"line":62,"column":null}},"18":{"start":{"line":63,"column":28},"end":{"line":70,"column":null}},"19":{"start":{"line":72,"column":4},"end":{"line":78,"column":null}},"20":{"start":{"line":73,"column":22},"end":{"line":75,"column":null}},"21":{"start":{"line":74,"column":12},"end":{"line":74,"column":null}},"22":{"start":{"line":77,"column":8},"end":{"line":77,"column":null}},"23":{"start":{"line":77,"column":21},"end":{"line":77,"column":null}},"24":{"start":{"line":115,"column":15},"end":{"line":115,"column":null}}},"fnMap":{"0":{"name":"(anonymous_2)","decl":{"start":{"line":28,"column":26},"end":{"line":28,"column":null}},"loc":{"start":{"line":31,"column":39},"end":{"line":53,"column":null}}},"1":{"name":"(anonymous_3)","decl":{"start":{"line":61,"column":18},"end":{"line":61,"column":19}},"loc":{"start":{"line":61,"column":57},"end":{"line":113,"column":null}}},"2":{"name":"(anonymous_4)","decl":{"start":{"line":72,"column":20},"end":{"line":72,"column":null}},"loc":{"start":{"line":72,"column":20},"end":{"line":78,"column":7}}},"3":{"name":"(anonymous_5)","decl":{"start":{"line":73,"column":33},"end":{"line":73,"column":null}},"loc":{"start":{"line":73,"column":33},"end":{"line":75,"column":11}}},"4":{"name":"(anonymous_6)","decl":{"start":{"line":77,"column":15},"end":{"line":77,"column":21}},"loc":{"start":{"line":77,"column":21},"end":{"line":77,"column":null}}}},"branchMap":{"0":{"loc":{"start":{"line":31,"column":4},"end":{"line":31,"column":39}},"type":"default-arg","locations":[{"start":{"line":31,"column":25},"end":{"line":31,"column":39}}]},"1":{"loc":{"start":{"line":41,"column":4},"end":{"line":50,"column":null}},"type":"if","locations":[{"start":{"line":41,"column":4},"end":{"line":50,"column":null}}]},"2":{"loc":{"start":{"line":43,"column":19},"end":{"line":43,"column":null}},"type":"cond-expr","locations":[{"start":{"line":43,"column":32},"end":{"line":43,"column":43}},{"start":{"line":43,"column":46},"end":{"line":43,"column":null}}]},"3":{"loc":{"start":{"line":44,"column":20},"end":{"line":44,"column":null}},"type":"cond-expr","locations":[{"start":{"line":44,"column":34},"end":{"line":44,"column":46}},{"start":{"line":44,"column":49},"end":{"line":44,"column":null}}]},"4":{"loc":{"start":{"line":45,"column":18},"end":{"line":45,"column":null}},"type":"cond-expr","locations":[{"start":{"line":45,"column":30},"end":{"line":45,"column":40}},{"start":{"line":45,"column":43},"end":{"line":45,"column":null}}]},"5":{"loc":{"start":{"line":46,"column":19},"end":{"line":46,"column":null}},"type":"cond-expr","locations":[{"start":{"line":46,"column":32},"end":{"line":46,"column":43}},{"start":{"line":46,"column":46},"end":{"line":46,"column":null}}]},"6":{"loc":{"start":{"line":47,"column":21},"end":{"line":47,"column":null}},"type":"cond-expr","locations":[{"start":{"line":47,"column":36},"end":{"line":47,"column":49}},{"start":{"line":47,"column":52},"end":{"line":47,"column":null}}]},"7":{"loc":{"start":{"line":48,"column":21},"end":{"line":48,"column":null}},"type":"cond-expr","locations":[{"start":{"line":48,"column":36},"end":{"line":48,"column":49}},{"start":{"line":48,"column":52},"end":{"line":48,"column":null}}]},"8":{"loc":{"start":{"line":110,"column":13},"end":{"line":110,"column":24}},"type":"binary-expr","locations":[{"start":{"line":110,"column":13},"end":{"line":110,"column":24}}]}},"s":{"0":6,"1":3,"2":3,"3":3,"4":3,"5":3,"6":2,"7":2,"8":2,"9":2,"10":2,"11":2,"12":2,"13":2,"14":1,"15":2,"16":3,"17":7,"18":7,"19":7,"20":6,"21":2,"22":6,"23":6,"24":3},"f":{"0":2,"1":7,"2":6,"3":2,"4":6},"b":{"0":[2],"1":[1],"2":[1,0],"3":[1,0],"4":[1,0],"5":[1,0],"6":[1,0],"7":[1,0],"8":[7]}}
,"/home/runner/work/the-last-dance/the-last-dance/src/components/CryptoPrice/index.tsx": {"path":"/home/runner/work/the-last-dance/the-last-dance/src/components/CryptoPrice/index.tsx","statementMap":{"0":{"start":{"line":50,"column":0},"end":{"line":50,"column":15}},"1":{"start":{"line":1,"column":18},"end":{"line":1,"column":null}},"2":{"start":{"line":2,"column":33},"end":{"line":2,"column":null}},"3":{"start":{"line":3,"column":19},"end":{"line":3,"column":null}},"4":{"start":{"line":4,"column":26},"end":{"line":4,"column":null}},"5":{"start":{"line":5,"column":19},"end":{"line":5,"column":null}},"6":{"start":{"line":6,"column":24},"end":{"line":6,"column":null}},"7":{"start":{"line":7,"column":20},"end":{"line":7,"column":null}},"8":{"start":{"line":14,"column":20},"end":{"line":48,"column":null}},"9":{"start":{"line":15,"column":37},"end":{"line":15,"column":null}},"10":{"start":{"line":16,"column":47},"end":{"line":16,"column":null}},"11":{"start":{"line":50,"column":15},"end":{"line":50,"column":null}}},"fnMap":{"0":{"name":"(anonymous_2)","decl":{"start":{"line":14,"column":20},"end":{"line":14,"column":null}},"loc":{"start":{"line":14,"column":20},"end":{"line":48,"column":null}}}},"branchMap":{"0":{"loc":{"start":{"line":29,"column":38},"end":{"line":29,"column":89}},"type":"cond-expr","locations":[{"start":{"line":29,"column":66},"end":{"line":29,"column":86}},{"start":{"line":29,"column":86},"end":{"line":29,"column":89}}]},"1":{"loc":{"start":{"line":29,"column":45},"end":{"line":29,"column":66}},"type":"binary-expr","locations":[{"start":{"line":29,"column":45},"end":{"line":29,"column":60}},{"start":{"line":29,"column":60},"end":{"line":29,"column":66}}]},"2":{"loc":{"start":{"line":29,"column":66},"end":{"line":29,"column":86}},"type":"binary-expr","locations":[{"start":{"line":29,"column":66},"end":{"line":29,"column":81}},{"start":{"line":29,"column":81},"end":{"line":29,"column":86}}]},"3":{"loc":{"start":{"line":42,"column":41},"end":{"line":42,"column":null}},"type":"binary-expr","locations":[{"start":{"line":42,"column":41},"end":{"line":42,"column":66}},{"start":{"line":42,"column":66},"end":{"line":42,"column":null}}]}},"s":{"0":3,"1":2,"2":2,"3":2,"4":2,"5":2,"6":2,"7":2,"8":2,"9":3,"10":3,"11":2},"f":{"0":3},"b":{"0":[3,0],"1":[3,0],"2":[3,0],"3":[3,0]}}
,"/home/runner/work/the-last-dance/the-last-dance/src/components/Date/index.tsx": {"path":"/home/runner/work/the-last-dance/the-last-dance/src/components/Date/index.tsx","statementMap":{"0":{"start":{"line":31,"column":0},"end":{"line":31,"column":15}},"1":{"start":{"line":1,"column":18},"end":{"line":1,"column":null}},"2":{"start":{"line":2,"column":24},"end":{"line":2,"column":null}},"3":{"start":{"line":3,"column":19},"end":{"line":3,"column":null}},"4":{"start":{"line":16,"column":22},"end":{"line":29,"column":null}},"5":{"start":{"line":17,"column":27},"end":{"line":17,"column":null}},"6":{"start":{"line":31,"column":15},"end":{"line":31,"column":null}}},"fnMap":{"0":{"name":"(anonymous_2)","decl":{"start":{"line":16,"column":22},"end":{"line":16,"column":23}},"loc":{"start":{"line":16,"column":38},"end":{"line":29,"column":null}}}},"branchMap":{},"s":{"0":1,"1":1,"2":1,"3":1,"4":1,"5":1,"6":1},"f":{"0":1},"b":{}}
,"/home/runner/work/the-last-dance/the-last-dance/src/components/DeploymentStatus/index.tsx": {"path":"/home/runner/work/the-last-dance/the-last-dance/src/components/DeploymentStatus/index.tsx","statementMap":{"0":{"start":{"line":74,"column":0},"end":{"line":74,"column":15}},"1":{"start":{"line":1,"column":18},"end":{"line":1,"column":null}},"2":{"start":{"line":2,"column":19},"end":{"line":2,"column":null}},"3":{"start":{"line":3,"column":19},"end":{"line":3,"column":null}},"4":{"start":{"line":4,"column":20},"end":{"line":4,"column":null}},"5":{"start":{"line":5,"column":24},"end":{"line":5,"column":null}},"6":{"start":{"line":6,"column":26},"end":{"line":6,"column":null}},"7":{"start":{"line":9,"column":12},"end":{"line":9,"column":63}},"8":{"start":{"line":11,"column":24},"end":{"line":18,"column":null}},"9":{"start":{"line":12,"column":21},"end":{"line":12,"column":null}},"10":{"start":{"line":13,"column":4},"end":{"line":15,"column":null}},"11":{"start":{"line":14,"column":8},"end":{"line":14,"column":null}},"12":{"start":{"line":16,"column":17},"end":{"line":16,"column":null}},"13":{"start":{"line":17,"column":4},"end":{"line":17,"column":null}},"14":{"start":{"line":26,"column":28},"end":{"line":33,"column":null}},"15":{"start":{"line":27,"column":28},"end":{"line":27,"column":null}},"16":{"start":{"line":28,"column":4},"end":{"line":32,"column":null}},"17":{"start":{"line":41,"column":25},"end":{"line":72,"column":null}},"18":{"start":{"line":42,"column":41},"end":{"line":42,"column":null}},"19":{"start":{"line":43,"column":33},"end":{"line":43,"column":null}},"20":{"start":{"line":45,"column":19},"end":{"line":45,"column":null}},"21":{"start":{"line":46,"column":21},"end":{"line":46,"column":null}},"22":{"start":{"line":47,"column":24},"end":{"line":47,"column":null}},"23":{"start":{"line":48,"column":22},"end":{"line":48,"column":null}},"24":{"start":{"line":74,"column":15},"end":{"line":74,"column":null}}},"fnMap":{"0":{"name":"(anonymous_2)","decl":{"start":{"line":11,"column":24},"end":{"line":11,"column":31}},"loc":{"start":{"line":11,"column":31},"end":{"line":18,"column":null}}},"1":{"name":"(anonymous_3)","decl":{"start":{"line":26,"column":28},"end":{"line":26,"column":null}},"loc":{"start":{"line":26,"column":28},"end":{"line":33,"column":null}}},"2":{"name":"(anonymous_4)","decl":{"start":{"line":41,"column":25},"end":{"line":41,"column":null}},"loc":{"start":{"line":41,"column":25},"end":{"line":72,"column":null}}}},"branchMap":{"0":{"loc":{"start":{"line":13,"column":4},"end":{"line":15,"column":null}},"type":"if","locations":[{"start":{"line":13,"column":4},"end":{"line":15,"column":null}}]},"1":{"loc":{"start":{"line":30,"column":19},"end":{"line":30,"column":null}},"type":"binary-expr","locations":[{"start":{"line":30,"column":19},"end":{"line":30,"column":29}},{"start":{"line":30,"column":29},"end":{"line":30,"column":null}}]},"2":{"loc":{"start":{"line":54,"column":56},"end":{"line":54,"column":100}},"type":"cond-expr","locations":[{"start":{"line":54,"column":65},"end":{"line":54,"column":93}},{"start":{"line":54,"column":96},"end":{"line":54,"column":100}}]},"3":{"loc":{"start":{"line":65,"column":39},"end":{"line":65,"column":null}},"type":"cond-expr","locations":[{"start":{"line":65,"column":51},"end":{"line":65,"column":90}},{"start":{"line":65,"column":90},"end":{"line":65,"column":null}}]}},"s":{"0":5,"1":3,"2":3,"3":3,"4":3,"5":3,"6":3,"7":3,"8":3,"9":2,"10":2,"11":0,"12":2,"13":0,"14":3,"15":7,"16":7,"17":3,"18":7,"19":7,"20":7,"21":7,"22":7,"23":7,"24":3},"f":{"0":2,"1":7,"2":7},"b":{"0":[0],"1":[7,4],"2":[1,6],"3":[1,6]}}
,"/home/runner/work/the-last-dance/the-last-dance/src/components/Dialog/index.tsx": {"path":"/home/runner/work/the-last-dance/the-last-dance/src/components/Dialog/index.tsx","statementMap":{"0":{"start":{"line":76,"column":0},"end":{"line":76,"column":15}},"1":{"start":{"line":1,"column":33},"end":{"line":1,"column":null}},"2":{"start":{"line":2,"column":19},"end":{"line":2,"column":null}},"3":{"start":{"line":3,"column":20},"end":{"line":3,"column":null}},"4":{"start":{"line":41,"column":15},"end":{"line":74,"column":null}},"5":{"start":{"line":52,"column":8},"end":{"line":52,"column":null}},"6":{"start":{"line":76,"column":15},"end":{"line":76,"column":null}}},"fnMap":{"0":{"name":"(anonymous_2)","decl":{"start":{"line":41,"column":15},"end":{"line":41,"column":16}},"loc":{"start":{"line":41,"column":16},"end":{"line":74,"column":null}}}},"branchMap":{"0":{"loc":{"start":{"line":49,"column":8},"end":{"line":49,"column":22}},"type":"default-arg","locations":[{"start":{"line":49,"column":17},"end":{"line":49,"column":22}}]},"1":{"loc":{"start":{"line":50,"column":8},"end":{"line":50,"column":20}},"type":"default-arg","locations":[{"start":{"line":50,"column":15},"end":{"line":50,"column":20}}]},"2":{"loc":{"start":{"line":51,"column":8},"end":{"line":51,"column":22}},"type":"default-arg","locations":[{"start":{"line":51,"column":17},"end":{"line":51,"column":22}}]},"3":{"loc":{"start":{"line":61,"column":16},"end":{"line":61,"column":null}},"type":"cond-expr","locations":[{"start":{"line":61,"column":23},"end":{"line":61,"column":34}},{"start":{"line":61,"column":37},"end":{"line":61,"column":null}}]},"4":{"loc":{"start":{"line":62,"column":16},"end":{"line":62,"column":null}},"type":"cond-expr","locations":[{"start":{"line":62,"column":30},"end":{"line":62,"column":44}},{"start":{"line":62,"column":47},"end":{"line":62,"column":null}}]},"5":{"loc":{"start":{"line":63,"column":16},"end":{"line":63,"column":null}},"type":"cond-expr","locations":[{"start":{"line":63,"column":28},"end":{"line":63,"column":44}},{"start":{"line":63,"column":47},"end":{"line":63,"column":null}}]},"6":{"loc":{"start":{"line":64,"column":16},"end":{"line":64,"column":null}},"type":"cond-expr","locations":[{"start":{"line":64,"column":24},"end":{"line":64,"column":36}},{"start":{"line":64,"column":39},"end":{"line":64,"column":null}}]}},"s":{"0":6,"1":3,"2":3,"3":3,"4":3,"5":6,"6":3},"f":{"0":6},"b":{"0":[3],"1":[3],"2":[6],"3":[5,1],"4":[4,2],"5":[4,2],"6":[0,6]}}
,"/home/runner/work/the-last-dance/the-last-dance/src/components/Dock/index.tsx": {"path":"/home/runner/work/the-last-dance/the-last-dance/src/components/Dock/index.tsx","statementMap":{"0":{"start":{"line":49,"column":0},"end":{"line":49,"column":15}},"1":{"start":{"line":1,"column":18},"end":{"line":1,"column":null}},"2":{"start":{"line":2,"column":21},"end":{"line":2,"column":null}},"3":{"start":{"line":3,"column":17},"end":{"line":3,"column":null}},"4":{"start":{"line":4,"column":26},"end":{"line":4,"column":null}},"5":{"start":{"line":5,"column":26},"end":{"line":5,"column":null}},"6":{"start":{"line":6,"column":17},"end":{"line":6,"column":null}},"7":{"start":{"line":7,"column":19},"end":{"line":7,"column":null}},"8":{"start":{"line":8,"column":20},"end":{"line":8,"column":null}},"9":{"start":{"line":14,"column":13},"end":{"line":47,"column":null}},"10":{"start":{"line":15,"column":33},"end":{"line":15,"column":null}},"11":{"start":{"line":16,"column":25},"end":{"line":16,"column":null}},"12":{"start":{"line":17,"column":25},"end":{"line":17,"column":null}},"13":{"start":{"line":17,"column":31},"end":{"line":17,"column":null}},"14":{"start":{"line":24,"column":37},"end":{"line":24,"column":59}},"15":{"start":{"line":26,"column":28},"end":{"line":28,"column":52}},"16":{"start":{"line":29,"column":38},"end":{"line":29,"column":null}},"17":{"start":{"line":30,"column":24},"end":{"line":32,"column":null}},"18":{"start":{"line":49,"column":15},"end":{"line":49,"column":null}}},"fnMap":{"0":{"name":"(anonymous_2)","decl":{"start":{"line":14,"column":13},"end":{"line":14,"column":null}},"loc":{"start":{"line":14,"column":13},"end":{"line":47,"column":null}}},"1":{"name":"(anonymous_3)","decl":{"start":{"line":17,"column":25},"end":{"line":17,"column":31}},"loc":{"start":{"line":17,"column":31},"end":{"line":17,"column":null}}},"2":{"name":"(anonymous_4)","decl":{"start":{"line":23,"column":30},"end":{"line":23,"column":31}},"loc":{"start":{"line":23,"column":59},"end":{"line":42,"column":null}}}},"branchMap":{"0":{"loc":{"start":{"line":26,"column":28},"end":{"line":28,"column":52}},"type":"cond-expr","locations":[{"start":{"line":27,"column":34},"end":{"line":27,"column":82}},{"start":{"line":28,"column":34},"end":{"line":28,"column":52}}]},"1":{"loc":{"start":{"line":29,"column":38},"end":{"line":29,"column":null}},"type":"cond-expr","locations":[{"start":{"line":29,"column":45},"end":{"line":29,"column":67}},{"start":{"line":29,"column":67},"end":{"line":29,"column":null}}]},"2":{"loc":{"start":{"line":34,"column":47},"end":{"line":34,"column":null}},"type":"cond-expr","locations":[{"start":{"line":34,"column":76},"end":{"line":34,"column":91}},{"start":{"line":34,"column":94},"end":{"line":34,"column":null}}]},"3":{"loc":{"start":{"line":34,"column":47},"end":{"line":34,"column":76}},"type":"binary-expr","locations":[{"start":{"line":34,"column":47},"end":{"line":34,"column":68}},{"start":{"line":34,"column":68},"end":{"line":34,"column":76}}]},"4":{"loc":{"start":{"line":37,"column":44},"end":{"line":37,"column":89}},"type":"binary-expr","locations":[{"start":{"line":37,"column":44},"end":{"line":37,"column":79}},{"start":{"line":37,"column":83},"end":{"line":37,"column":89}}]}},"s":{"0":4,"1":3,"2":3,"3":3,"4":3,"5":3,"6":3,"7":3,"8":3,"9":3,"10":4,"11":4,"12":4,"13":0,"14":20,"15":20,"16":20,"17":20,"18":3},"f":{"0":4,"1":0,"2":20},"b":{"0":[0,20],"1":[16,4],"2":[4,16],"3":[20,16],"4":[20,20]}}
,"/home/runner/work/the-last-dance/the-last-dance/src/components/Dock/Icon/index.tsx": {"path":"/home/runner/work/the-last-dance/the-last-dance/src/components/Dock/Icon/index.tsx","statementMap":{"0":{"start":{"line":27,"column":0},"end":{"line":27,"column":15}},"1":{"start":{"line":1,"column":18},"end":{"line":1,"column":null}},"2":{"start":{"line":2,"column":18},"end":{"line":2,"column":null}},"3":{"start":{"line":19,"column":13},"end":{"line":25,"column":null}},"4":{"start":{"line":27,"column":15},"end":{"line":27,"column":null}}},"fnMap":{"0":{"name":"(anonymous_2)","decl":{"start":{"line":19,"column":13},"end":{"line":19,"column":14}},"loc":{"start":{"line":19,"column":41},"end":{"line":25,"column":null}}}},"branchMap":{},"s":{"0":21,"1":4,"2":4,"3":4,"4":4},"f":{"0":21},"b":{}}
,"/home/runner/work/the-last-dance/the-last-dance/src/components/ErrorBoundary/index.tsx": {"path":"/home/runner/work/the-last-dance/the-last-dance/src/components/ErrorBoundary/index.tsx","statementMap":{"0":{"start":{"line":51,"column":0},"end":{"line":51,"column":15}},"1":{"start":{"line":1,"column":18},"end":{"line":1,"column":null}},"2":{"start":{"line":2,"column":27},"end":{"line":2,"column":null}},"3":{"start":{"line":3,"column":16},"end":{"line":3,"column":null}},"4":{"start":{"line":4,"column":19},"end":{"line":4,"column":null}},"5":{"start":{"line":5,"column":19},"end":{"line":5,"column":null}},"6":{"start":{"line":9,"column":8},"end":{"line":9,"column":null}},"7":{"start":{"line":10,"column":8},"end":{"line":12,"column":null}},"8":{"start":{"line":16,"column":8},"end":{"line":16,"column":null}},"9":{"start":{"line":20,"column":8},"end":{"line":45,"column":null}},"10":{"start":{"line":47,"column":8},"end":{"line":47,"column":null}},"11":{"start":{"line":51,"column":15},"end":{"line":51,"column":null}}},"fnMap":{"0":{"name":"(anonymous_2)","decl":{"start":{"line":8,"column":4},"end":{"line":8,"column":16}},"loc":{"start":{"line":8,"column":57},"end":{"line":13,"column":null}}},"1":{"name":"(anonymous_3)","decl":{"start":{"line":15,"column":4},"end":{"line":15,"column":11}},"loc":{"start":{"line":15,"column":50},"end":{"line":17,"column":null}}},"2":{"name":"(anonymous_4)","decl":{"start":{"line":19,"column":4},"end":{"line":19,"column":13}},"loc":{"start":{"line":19,"column":13},"end":{"line":48,"column":null}}}},"branchMap":{"0":{"loc":{"start":{"line":20,"column":8},"end":{"line":45,"column":null}},"type":"if","locations":[{"start":{"line":20,"column":8},"end":{"line":45,"column":null}}]},"1":{"loc":{"start":{"line":38,"column":37},"end":{"line":38,"column":null}},"type":"binary-expr","locations":[{"start":{"line":38,"column":37},"end":{"line":38,"column":66}},{"start":{"line":38,"column":66},"end":{"line":38,"column":null}}]}},"s":{"0":1,"1":1,"2":1,"3":1,"4":1,"5":1,"6":3,"7":2,"8":2,"9":4,"10":2,"11":1},"f":{"0":3,"1":2,"2":4},"b":{"0":[2],"1":[2,0]}}
,"/home/runner/work/the-last-dance/the-last-dance/src/components/GoogleAdsense/index.tsx": {"path":"/home/runner/work/the-last-dance/the-last-dance/src/components/GoogleAdsense/index.tsx","statementMap":{"0":{"start":{"line":13,"column":13},"end":{"line":13,"column":31}},"1":{"start":{"line":56,"column":0},"end":{"line":56,"column":15}},"2":{"start":{"line":1,"column":19},"end":{"line":1,"column":null}},"3":{"start":{"line":2,"column":26},"end":{"line":2,"column":null}},"4":{"start":{"line":13,"column":31},"end":{"line":13,"column":null}},"5":{"start":{"line":26,"column":35},"end":{"line":54,"column":null}},"6":{"start":{"line":27,"column":15},"end":{"line":27,"column":null}},"7":{"start":{"line":29,"column":4},"end":{"line":29,"column":null}},"8":{"start":{"line":29,"column":26},"end":{"line":29,"column":null}},"9":{"start":{"line":56,"column":15},"end":{"line":56,"column":null}}},"fnMap":{"0":{"name":"(anonymous_4)","decl":{"start":{"line":26,"column":35},"end":{"line":26,"column":36}},"loc":{"start":{"line":26,"column":80},"end":{"line":54,"column":null}}}},"branchMap":{"0":{"loc":{"start":{"line":26,"column":38},"end":{"line":26,"column":72}},"type":"default-arg","locations":[{"start":{"line":26,"column":47},"end":{"line":26,"column":72}}]},"1":{"loc":{"start":{"line":29,"column":4},"end":{"line":29,"column":null}},"type":"if","locations":[{"start":{"line":29,"column":4},"end":{"line":29,"column":null}}]}},"s":{"0":0,"1":3,"2":1,"3":1,"4":1,"5":1,"6":3,"7":3,"8":3,"9":1},"f":{"0":3},"b":{"0":[2],"1":[3]}}
,"/home/runner/work/the-last-dance/the-last-dance/src/components/GridLayoutControl/index.tsx": {"path":"/home/runner/work/the-last-dance/the-last-dance/src/components/GridLayoutControl/index.tsx","statementMap":{"0":{"start":{"line":24,"column":0},"end":{"line":24,"column":15}},"1":{"start":{"line":1,"column":34},"end":{"line":1,"column":null}},"2":{"start":{"line":2,"column":19},"end":{"line":2,"column":null}},"3":{"start":{"line":15,"column":26},"end":{"line":22,"column":null}},"4":{"start":{"line":24,"column":15},"end":{"line":24,"column":null}}},"fnMap":{"0":{"name":"(anonymous_2)","decl":{"start":{"line":15,"column":26},"end":{"line":15,"column":27}},"loc":{"start":{"line":15,"column":70},"end":{"line":22,"column":null}}}},"branchMap":{"0":{"loc":{"start":{"line":15,"column":29},"end":{"line":15,"column":61}},"type":"default-arg","locations":[{"start":{"line":15,"column":41},"end":{"line":15,"column":61}}]}},"s":{"0":2,"1":1,"2":1,"3":1,"4":1},"f":{"0":2},"b":{"0":[1]}}
,"/home/runner/work/the-last-dance/the-last-dance/src/components/Heating/index.tsx": {"path":"/home/runner/work/the-last-dance/the-last-dance/src/components/Heating/index.tsx","statementMap":{"0":{"start":{"line":41,"column":0},"end":{"line":41,"column":15}},"1":{"start":{"line":1,"column":23},"end":{"line":1,"column":null}},"2":{"start":{"line":2,"column":19},"end":{"line":2,"column":null}},"3":{"start":{"line":3,"column":26},"end":{"line":3,"column":null}},"4":{"start":{"line":4,"column":20},"end":{"line":4,"column":null}},"5":{"start":{"line":5,"column":34},"end":{"line":5,"column":null}},"6":{"start":{"line":6,"column":24},"end":{"line":6,"column":null}},"7":{"start":{"line":12,"column":16},"end":{"line":39,"column":null}},"8":{"start":{"line":13,"column":37},"end":{"line":13,"column":null}},"9":{"start":{"line":14,"column":33},"end":{"line":14,"column":null}},"10":{"start":{"line":41,"column":15},"end":{"line":41,"column":null}}},"fnMap":{"0":{"name":"(anonymous_2)","decl":{"start":{"line":12,"column":16},"end":{"line":12,"column":null}},"loc":{"start":{"line":12,"column":16},"end":{"line":39,"column":null}}}},"branchMap":{"0":{"loc":{"start":{"line":27,"column":30},"end":{"line":27,"column":58}},"type":"binary-expr","locations":[{"start":{"line":27,"column":30},"end":{"line":27,"column":46}},{"start":{"line":27,"column":50},"end":{"line":27,"column":58}}]},"1":{"loc":{"start":{"line":27,"column":65},"end":{"line":27,"column":null}},"type":"binary-expr","locations":[{"start":{"line":27,"column":65},"end":{"line":27,"column":86}},{"start":{"line":27,"column":90},"end":{"line":27,"column":null}}]}},"s":{"0":4,"1":3,"2":3,"3":3,"4":3,"5":3,"6":3,"7":3,"8":5,"9":5,"10":3},"f":{"0":5},"b":{"0":[5,0],"1":[5,0]}}
,"/home/runner/work/the-last-dance/the-last-dance/src/components/IconWithName/index.tsx": {"path":"/home/runner/work/the-last-dance/the-last-dance/src/components/IconWithName/index.tsx","statementMap":{"0":{"start":{"line":36,"column":0},"end":{"line":36,"column":15}},"1":{"start":{"line":1,"column":18},"end":{"line":1,"column":null}},"2":{"start":{"line":2,"column":19},"end":{"line":2,"column":null}},"3":{"start":{"line":3,"column":20},"end":{"line":3,"column":null}},"4":{"start":{"line":24,"column":21},"end":{"line":35,"column":null}},"5":{"start":{"line":36,"column":15},"end":{"line":36,"column":null}}},"fnMap":{"0":{"name":"(anonymous_2)","decl":{"start":{"line":24,"column":21},"end":{"line":24,"column":22}},"loc":{"start":{"line":24,"column":69},"end":{"line":35,"column":null}}}},"branchMap":{"0":{"loc":{"start":{"line":28,"column":42},"end":{"line":28,"column":null}},"type":"cond-expr","locations":[{"start":{"line":28,"column":55},"end":{"line":28,"column":72}},{"start":{"line":28,"column":75},"end":{"line":28,"column":null}}]}},"s":{"0":1,"1":1,"2":1,"3":1,"4":1,"5":1},"f":{"0":1},"b":{"0":[0,1]}}
,"/home/runner/work/the-last-dance/the-last-dance/src/components/IndexedCounter/index.tsx": {"path":"/home/runner/work/the-last-dance/the-last-dance/src/components/IndexedCounter/index.tsx","statementMap":{"0":{"start":{"line":38,"column":0},"end":{"line":38,"column":15}},"1":{"start":{"line":1,"column":18},"end":{"line":1,"column":null}},"2":{"start":{"line":2,"column":19},"end":{"line":2,"column":null}},"3":{"start":{"line":3,"column":28},"end":{"line":3,"column":null}},"4":{"start":{"line":4,"column":26},"end":{"line":4,"column":null}},"5":{"start":{"line":5,"column":20},"end":{"line":5,"column":null}},"6":{"start":{"line":6,"column":31},"end":{"line":6,"column":null}},"7":{"start":{"line":7,"column":24},"end":{"line":7,"column":null}},"8":{"start":{"line":14,"column":23},"end":{"line":36,"column":null}},"9":{"start":{"line":15,"column":37},"end":{"line":15,"column":null}},"10":{"start":{"line":16,"column":33},"end":{"line":16,"column":null}},"11":{"start":{"line":38,"column":15},"end":{"line":38,"column":null}}},"fnMap":{"0":{"name":"(anonymous_2)","decl":{"start":{"line":14,"column":23},"end":{"line":14,"column":null}},"loc":{"start":{"line":14,"column":23},"end":{"line":36,"column":null}}}},"branchMap":{"0":{"loc":{"start":{"line":29,"column":31},"end":{"line":29,"column":null}},"type":"binary-expr","locations":[{"start":{"line":29,"column":31},"end":{"line":29,"column":44}},{"start":{"line":29,"column":44},"end":{"line":29,"column":null}}]},"1":{"loc":{"start":{"line":33,"column":73},"end":{"line":33,"column":88}},"type":"binary-expr","locations":[{"start":{"line":33,"column":73},"end":{"line":33,"column":86}},{"start":{"line":33,"column":86},"end":{"line":33,"column":88}}]}},"s":{"0":4,"1":3,"2":3,"3":3,"4":3,"5":3,"6":3,"7":3,"8":3,"9":5,"10":5,"11":3},"f":{"0":5},"b":{"0":[5,0],"1":[5,0]}}
,"/home/runner/work/the-last-dance/the-last-dance/src/components/LangSelect/index.tsx": {"path":"/home/runner/work/the-last-dance/the-last-dance/src/components/LangSelect/index.tsx","statementMap":{"0":{"start":{"line":56,"column":0},"end":{"line":56,"column":15}},"1":{"start":{"line":1,"column":26},"end":{"line":1,"column":null}},"2":{"start":{"line":2,"column":24},"end":{"line":2,"column":null}},"3":{"start":{"line":3,"column":18},"end":{"line":3,"column":null}},"4":{"start":{"line":4,"column":19},"end":{"line":4,"column":null}},"5":{"start":{"line":5,"column":25},"end":{"line":5,"column":null}},"6":{"start":{"line":13,"column":19},"end":{"line":54,"column":null}},"7":{"start":{"line":14,"column":33},"end":{"line":14,"column":null}},"8":{"start":{"line":15,"column":19},"end":{"line":15,"column":null}},"9":{"start":{"line":17,"column":33},"end":{"line":22,"column":null}},"10":{"start":{"line":19,"column":8},"end":{"line":21,"column":null}},"11":{"start":{"line":24,"column":31},"end":{"line":28,"column":null}},"12":{"start":{"line":26,"column":12},"end":{"line":26,"column":null}},"13":{"start":{"line":45,"column":20},"end":{"line":46,"column":42}},"14":{"start":{"line":56,"column":15},"end":{"line":56,"column":null}}},"fnMap":{"0":{"name":"(anonymous_2)","decl":{"start":{"line":13,"column":19},"end":{"line":13,"column":null}},"loc":{"start":{"line":13,"column":19},"end":{"line":54,"column":null}}},"1":{"name":"(anonymous_3)","decl":{"start":{"line":17,"column":51},"end":{"line":17,"column":52}},"loc":{"start":{"line":17,"column":52},"end":{"line":22,"column":7}}},"2":{"name":"(anonymous_4)","decl":{"start":{"line":25,"column":8},"end":{"line":25,"column":9}},"loc":{"start":{"line":25,"column":9},"end":{"line":27,"column":null}}},"3":{"name":"(anonymous_5)","decl":{"start":{"line":44,"column":46},"end":{"line":44,"column":47}},"loc":{"start":{"line":44,"column":59},"end":{"line":50,"column":null}}}},"branchMap":{},"s":{"0":1,"1":1,"2":1,"3":1,"4":1,"5":1,"6":1,"7":1,"8":1,"9":1,"10":0,"11":1,"12":0,"13":3,"14":1},"f":{"0":1,"1":0,"2":0,"3":3},"b":{}}
[...]
"start":{"line":45,"column":21},"end":{"line":48,"column":null}},"15":{"start":{"line":49,"column":4},"end":{"line":51,"column":null}},"16":{"start":{"line":50,"column":8},"end":{"line":50,"column":null}},"17":{"start":{"line":56,"column":27},"end":{"line":56,"column":null}},"18":{"start":{"line":57,"column":4},"end":{"line":59,"column":null}},"19":{"start":{"line":58,"column":8},"end":{"line":58,"column":null}},"20":{"start":{"line":61,"column":16},"end":{"line":61,"column":null}},"21":{"start":{"line":62,"column":4},"end":{"line":64,"column":null}},"22":{"start":{"line":63,"column":8},"end":{"line":63,"column":null}},"23":{"start":{"line":65,"column":22},"end":{"line":65,"column":27}},"24":{"start":{"line":66,"column":21},"end":{"line":66,"column":80}},"25":{"start":{"line":68,"column":17},"end":{"line":82,"column":null}},"26":{"start":{"line":71,"column":28},"end":{"line":71,"column":null}},"27":{"start":{"line":72,"column":31},"end":{"line":72,"column":null}},"28":{"start":{"line":73,"column":12},"end":{"line":80,"column":null}},"29":{"start":{"line":82,"column":26},"end":{"line":82,"column":49}},"30":{"start":{"line":84,"column":4},"end":{"line":84,"column":null}},"31":{"start":{"line":95,"column":15},"end":{"line":122,"column":null}},"32":{"start":{"line":97,"column":4},"end":{"line":99,"column":null}},"33":{"start":{"line":98,"column":8},"end":{"line":98,"column":null}},"34":{"start":{"line":101,"column":22},"end":{"line":101,"column":null}},"35":{"start":{"line":102,"column":21},"end":{"line":102,"column":null}},"36":{"start":{"line":105,"column":4},"end":{"line":107,"column":null}},"37":{"start":{"line":106,"column":8},"end":{"line":106,"column":null}},"38":{"start":{"line":109,"column":4},"end":{"line":111,"column":null}},"39":{"start":{"line":110,"column":8},"end":{"line":110,"column":null}},"40":{"start":{"line":113,"column":4},"end":{"line":121,"column":null}},"41":{"start":{"line":114,"column":21},"end":{"line":114,"column":null}},"42":{"start":{"line":115,"column":8},"end":{"line":115,"column":null}},"43":{"start":{"line":116,"column":8},"end":{"line":116,"column":null}},"44":{"start":{"line":118,"column":8},"end":{"line":118,"column":null}},"45":{"start":{"line":119,"column":8},"end":{"line":119,"column":null}},"46":{"start":{"line":120,"column":8},"end":{"line":120,"column":null}}},"fnMap":{"0":{"name":"(anonymous_2)","decl":{"start":{"line":36,"column":20},"end":{"line":36,"column":27}},"loc":{"start":{"line":36,"column":27},"end":{"line":85,"column":null}}},"1":{"name":"(anonymous_3)","decl":{"start":{"line":70,"column":13},"end":{"line":70,"column":14}},"loc":{"start":{"line":70,"column":14},"end":{"line":81,"column":null}}},"2":{"name":"(anonymous_4)","decl":{"start":{"line":82,"column":16},"end":{"line":82,"column":17}},"loc":{"start":{"line":82,"column":26},"end":{"line":82,"column":49}}},"3":{"name":"handler","decl":{"start":{"line":95,"column":40},"end":{"line":95,"column":48}},"loc":{"start":{"line":95,"column":103},"end":{"line":122,"column":null}}}},"branchMap":{"0":{"loc":{"start":{"line":49,"column":4},"end":{"line":51,"column":null}},"type":"if","locations":[{"start":{"line":49,"column":4},"end":{"line":51,"column":null}}]},"1":{"loc":{"start":{"line":56,"column":34},"end":{"line":56,"column":null}},"type":"binary-expr","locations":[{"start":{"line":56,"column":34},"end":{"line":56,"column":76}},{"start":{"line":56,"column":76},"end":{"line":56,"column":null}}]},"2":{"loc":{"start":{"line":57,"column":4},"end":{"line":59,"column":null}},"type":"if","locations":[{"start":{"line":57,"column":4},"end":{"line":59,"column":null}}]},"3":{"loc":{"start":{"line":62,"column":4},"end":{"line":64,"column":null}},"type":"if","locations":[{"start":{"line":62,"column":4},"end":{"line":64,"column":null}}]},"4":{"loc":{"start":{"line":71,"column":28},"end":{"line":71,"column":null}},"type":"binary-expr","locations":[{"start":{"line":71,"column":28},"end":{"line":71,"column":82}},{"start":{"line":71,"column":82},"end":{"line":71,"column":null}}]},"5":{"loc":{"start":{"line":72,"column":31},"end":{"line":72,"column":null}},"type":"cond-expr","locations":[{"start":{"line":72,"column":41},"end":{"line":72,"column":61}},{"start":{"line":72,"column":61},"end":{"line":72,"column":null}}]},"6":{"loc":{"start":{"line":74,"column":23},"end":{"line":74,"column":null}},"type":"binary-expr","locations":[{"start":{"line":74,"column":23},"end":{"line":74,"column":75}},{"start":{"line":74,"column":75},"end":{"line":74,"column":null}}]},"7":{"loc":{"start":{"line":76,"column":29},"end":{"line":76,"column":null}},"type":"binary-expr","locations":[{"start":{"line":76,"column":29},"end":{"line":76,"column":82}},{"start":{"line":76,"column":82},"end":{"line":76,"column":null}}]},"8":{"loc":{"start":{"line":77,"column":22},"end":{"line":77,"column":null}},"type":"binary-expr","locations":[{"start":{"line":77,"column":22},"end":{"line":77,"column":73}},{"start":{"line":77,"column":73},"end":{"line":77,"column":null}}]},"9":{"loc":{"start":{"line":79,"column":20},"end":{"line":79,"column":null}},"type":"cond-expr","locations":[{"start":{"line":79,"column":72},"end":{"line":79,"column":112}},{"start":{"line":79,"column":112},"end":{"line":79,"column":null}}]},"10":{"loc":{"start":{"line":79,"column":20},"end":{"line":79,"column":72}},"type":"binary-expr","locations":[{"start":{"line":79,"column":20},"end":{"line":79,"column":34}},{"start":{"line":79,"column":34},"end":{"line":79,"column":72}}]},"11":{"loc":{"start":{"line":82,"column":26},"end":{"line":82,"column":49}},"type":"binary-expr","locations":[{"start":{"line":82,"column":26},"end":{"line":82,"column":36}},{"start":{"line":82,"column":40},"end":{"line":82,"column":49}}]},"12":{"loc":{"start":{"line":97,"column":4},"end":{"line":99,"column":null}},"type":"if","locations":[{"start":{"line":97,"column":4},"end":{"line":99,"column":null}}]},"13":{"loc":{"start":{"line":105,"column":4},"end":{"line":107,"column":null}},"type":"if","locations":[{"start":{"line":105,"column":4},"end":{"line":107,"column":null}}]},"14":{"loc":{"start":{"line":105,"column":8},"end":{"line":105,"column":43}},"type":"binary-expr","locations":[{"start":{"line":105,"column":8},"end":{"line":105,"column":17}},{"start":{"line":105,"column":17},"end":{"line":105,"column":43}}]},"15":{"loc":{"start":{"line":109,"column":4},"end":{"line":111,"column":null}},"type":"if","locations":[{"start":{"line":109,"column":4},"end":{"line":111,"column":null}}]}},"s":{"0":3,"1":1,"2":1,"3":1,"4":1,"5":1,"6":1,"7":1,"8":2,"9":2,"10":2,"11":2,"12":2,"13":2,"14":2,"15":2,"16":0,"17":2,"18":2,"19":0,"20":2,"21":2,"22":0,"23":2,"24":2,"25":2,"26":2,"27":2,"28":2,"29":2,"30":2,"31":1,"32":3,"33":0,"34":3,"35":3,"36":3,"37":0,"38":3,"39":1,"40":2,"41":2,"42":2,"43":2,"44":0,"45":0,"46":0},"f":{"0":2,"1":2,"2":2,"3":3},"b":{"0":[0],"1":[2,2],"2":[0],"3":[0],"4":[2,1],"5":[1,1],"6":[2,0],"7":[2,1],"8":[2,0],"9":[1,1],"10":[2,1],"11":[2,1],"12":[0],"13":[0],"14":[3,3],"15":[1]}}
,"/home/runner/work/the-last-dance/the-last-dance/src/pages/api/weather.ts": {"path":"/home/runner/work/the-last-dance/the-last-dance/src/pages/api/weather.ts","statementMap":{"0":{"start":{"line":158,"column":0},"end":{"line":158,"column":15}},"1":{"start":{"line":3,"column":20},"end":{"line":3,"column":null}},"2":{"start":{"line":4,"column":22},"end":{"line":4,"column":null}},"3":{"start":{"line":5,"column":40},"end":{"line":5,"column":null}},"4":{"start":{"line":6,"column":32},"end":{"line":6,"column":null}},"5":{"start":{"line":35,"column":50},"end":{"line":57,"column":null}},"6":{"start":{"line":60,"column":50},"end":{"line":82,"column":null}},"7":{"start":{"line":84,"column":21},"end":{"line":92,"column":null}},"8":{"start":{"line":84,"column":53},"end":{"line":92,"column":null}},"9":{"start":{"line":99,"column":23},"end":{"line":149,"column":null}},"10":{"start":{"line":100,"column":18},"end":{"line":100,"column":null}},"11":{"start":{"line":102,"column":19},"end":{"line":102,"column":null}},"12":{"start":{"line":103,"column":4},"end":{"line":103,"column":null}},"13":{"start":{"line":104,"column":4},"end":{"line":104,"column":null}},"14":{"start":{"line":105,"column":4},"end":{"line":105,"column":null}},"15":{"start":{"line":106,"column":4},"end":{"line":106,"column":null}},"16":{"start":{"line":108,"column":19},"end":{"line":108,"column":null}},"17":{"start":{"line":109,"column":4},"end":{"line":111,"column":null}},"18":{"start":{"line":110,"column":8},"end":{"line":110,"column":null}},"19":{"start":{"line":112,"column":17},"end":{"line":112,"column":null}},"20":{"start":{"line":113,"column":18},"end":{"line":113,"column":35}},"21":{"start":{"line":114,"column":4},"end":{"line":117,"column":null}},"22":{"start":{"line":115,"column":8},"end":{"line":115,"column":null}},"23":{"start":{"line":116,"column":8},"end":{"line":116,"column":null}},"24":{"start":{"line":119,"column":24},"end":{"line":119,"column":null}},"25":{"start":{"line":120,"column":4},"end":{"line":120,"column":null}},"26":{"start":{"line":121,"column":4},"end":{"line":121,"column":null}},"27":{"start":{"line":122,"column":4},"end":{"line":124,"column":null}},"28":{"start":{"line":127,"column":24},"end":{"line":127,"column":null}},"29":{"start":{"line":128,"column":4},"end":{"line":130,"column":null}},"30":{"start":{"line":129,"column":8},"end":{"line":129,"column":null}},"31":{"start":{"line":131,"column":22},"end":{"line":131,"column":null}},"32":{"start":{"line":132,"column":20},"end":{"line":132,"column":null}},"33":{"start":{"line":133,"column":4},"end":{"line":136,"column":null}},"34":{"start":{"line":134,"column":8},"end":{"line":134,"column":null}},"35":{"start":{"line":135,"column":8},"end":{"line":135,"column":null}},"36":{"start":{"line":138,"column":4},"end":{"line":148,"column":null}},"37":{"start":{"line":158,"column":15},"end":{"line":207,"column":null}},"38":{"start":{"line":160,"column":4},"end":{"line":162,"column":null}},"39":{"start":{"line":161,"column":8},"end":{"line":161,"column":null}},"40":{"start":{"line":164,"column":22},"end":{"line":164,"column":null}},"41":{"start":{"line":165,"column":28},"end":{"line":165,"column":null}},"42":{"start":{"line":168,"column":4},"end":{"line":170,"column":null}},"43":{"start":{"line":169,"column":8},"end":{"line":169,"column":null}},"44":{"start":{"line":173,"column":24},"end":{"line":176,"column":null}},"45":{"start":{"line":175,"column":23},"end":{"line":175,"column":null}},"46":{"start":{"line":178,"column":4},"end":{"line":180,"column":null}},"47":{"start":{"line":179,"column":8},"end":{"line":179,"column":null}},"48":{"start":{"line":182,"column":4},"end":{"line":184,"column":null}},"49":{"start":{"line":183,"column":8},"end":{"line":183,"column":null}},"50":{"start":{"line":186,"column":26},"end":{"line":186,"column":null}},"51":{"start":{"line":186,"column":55},"end":{"line":186,"column":null}},"52":{"start":{"line":188,"column":4},"end":{"line":190,"column":null}},"53":{"start":{"line":189,"column":8},"end":{"line":189,"column":null}},"54":{"start":{"line":192,"column":4},"end":{"line":206,"column":null}},"55":{"start":{"line":193,"column":8},"end":{"line":201,"column":null}},"56":{"start":{"line":193,"column":59},"end":{"line":193,"column":null}},"57":{"start":{"line":195,"column":32},"end":{"line":197,"column":null}},"58":{"start":{"line":196,"column":77},"end":{"line":196,"column":null}},"59":{"start":{"line":197,"column":37},"end":{"line":197,"column":49}},"60":{"start":{"line":198,"column":16},"end":{"line":198,"column":null}},"61":{"start":{"line":199,"column":16},"end":{"line":199,"column":null}},"62":{"start":{"line":201,"column":28},"end":{"line":201,"column":null}},"63":{"start":{"line":203,"column":8},"end":{"line":205,"column":null}},"64":{"start":{"line":204,"column":12},"end":{"line":204,"column":null}}},"fnMap":{"0":{"name":"(anonymous_2)","decl":{"start":{"line":84,"column":21},"end":{"line":84,"column":22}},"loc":{"start":{"line":84,"column":53},"end":{"line":92,"column":null}}},"1":{"name":"(anonymous_3)","decl":{"start":{"line":99,"column":23},"end":{"line":99,"column":30}},"loc":{"start":{"line":99,"column":30},"end":{"line":149,"column":null}}},"2":{"name":"handler","decl":{"start":{"line":158,"column":40},"end":{"line":158,"column":48}},"loc":{"start":{"line":158,"column":106},"end":{"line":207,"column":null}}},"3":{"name":"(anonymous_5)","decl":{"start":{"line":175,"column":13},"end":{"line":175,"column":14}},"loc":{"start":{"line":175,"column":23},"end":{"line":175,"column":null}}},"4":{"name":"(anonymous_6)","decl":{"start":{"line":186,"column":45},"end":{"line":186,"column":46}},"loc":{"start":{"line":186,"column":55},"end":{"line":186,"column":null}}},"5":{"name":"(anonymous_7)","decl":{"start":{"line":193,"column":49},"end":{"line":193,"column":50}},"loc":{"start":{"line":193,"column":59},"end":{"line":193,"column":null}}},"6":{"name":"(anonymous_8)","decl":{"start":{"line":194,"column":18},"end":{"line":194,"column":19}},"loc":{"start":{"line":194,"column":19},"end":{"line":200,"column":null}}},"7":{"name":"(anonymous_9)","decl":{"start":{"line":196,"column":28},"end":{"line":196,"column":29}},"loc":{"start":{"line":196,"column":77},"end":{"line":196,"column":null}}},"8":{"name":"(anonymous_10)","decl":{"start":{"line":197,"column":25},"end":{"line":197,"column":26}},"loc":{"start":{"line":197,"column":37},"end":{"line":197,"column":49}}},"9":{"name":"(anonymous_11)","decl":{"start":{"line":201,"column":19},"end":{"line":201,"column":20}},"loc":{"start":{"line":201,"column":28},"end":{"line":201,"column":null}}}},"branchMap":{"0":{"loc":{"start":{"line":109,"column":4},"end":{"line":111,"column":null}},"type":"if","locations":[{"start":{"line":109,"column":4},"end":{"line":111,"column":null}}]},"1":{"loc":{"start":{"line":114,"column":4},"end":{"line":117,"column":null}},"type":"if","locations":[{"start":{"line":114,"column":4},"end":{"line":117,"column":null}}]},"2":{"loc":{"start":{"line":128,"column":4},"end":{"line":130,"column":null}},"type":"if","locations":[{"start":{"line":128,"column":4},"end":{"line":130,"column":null}}]},"3":{"loc":{"start":{"line":133,"column":4},"end":{"line":136,"column":null}},"type":"if","locations":[{"start":{"line":133,"column":4},"end":{"line":136,"column":null}}]},"4":{"loc":{"start":{"line":140,"column":14},"end":{"line":140,"column":null}},"type":"binary-expr","locations":[{"start":{"line":140,"column":14},"end":{"line":140,"column":53}},{"start":{"line":140,"column":57},"end":{"line":140,"column":null}}]},"5":{"loc":{"start":{"line":145,"column":18},"end":{"line":147,"column":null}},"type":"cond-expr","locations":[{"start":{"line":146,"column":14},"end":{"line":146,"column":71}},{"start":{"line":147,"column":14},"end":{"line":147,"column":null}}]},"6":{"loc":{"start":{"line":160,"column":4},"end":{"line":162,"column":null}},"type":"if","locations":[{"start":{"line":160,"column":4},"end":{"line":162,"column":null}}]},"7":{"loc":{"start":{"line":165,"column":12},"end":{"line":165,"column":23}},"type":"default-arg","locations":[{"start":{"line":165,"column":21},"end":{"line":165,"column":23}}]},"8":{"loc":{"start":{"line":168,"column":4},"end":{"line":170,"column":null}},"type":"if","locations":[{"start":{"line":168,"column":4},"end":{"line":170,"column":null}}]},"9":{"loc":{"start":{"line":168,"column":8},"end":{"line":168,"column":47}},"type":"binary-expr","locations":[{"start":{"line":168,"column":8},"end":{"line":168,"column":19}},{"start":{"line":168,"column":19},"end":{"line":168,"column":47}}]},"10":{"loc":{"start":{"line":178,"column":4},"end":{"line":180,"column":null}},"type":"if","locations":[{"start":{"line":178,"column":4},"end":{"line":180,"column":null}}]},"11":{"loc":{"start":{"line":182,"column":4},"end":{"line":184,"column":null}},"type":"if","locations":[{"start":{"line":182,"column":4},"end":{"line":184,"column":null}}]},"12":{"loc":{"start":{"line":188,"column":4},"end":{"line":190,"column":null}},"type":"if","locations":[{"start":{"line":188,"column":4},"end":{"line":190,"column":null}}]},"13":{"loc":{"start":{"line":203,"column":8},"end":{"line":205,"column":null}},"type":"if","locations":[{"start":{"line":203,"column":8},"end":{"line":205,"column":null}}]}},"s":{"0":2,"1":1,"2":1,"3":1,"4":1,"5":1,"6":1,"7":1,"8":0,"9":1,"10":2,"11":2,"12":2,"13":2,"14":2,"15":2,"16":2,"17":2,"18":0,"19":2,"20":2,"21":2,"22":0,"23":0,"24":2,"25":2,"26":2,"27":2,"28":2,"29":2,"30":0,"31":2,"32":2,"33":2,"34":0,"35":0,"36":2,"37":1,"38":2,"39":0,"40":2,"41":2,"42":2,"43":0,"44":2,"45":2,"46":2,"47":0,"48":2,"49":0,"50":2,"51":2,"52":2,"53":0,"54":2,"55":2,"56":2,"57":2,"58":2,"59":2,"60":2,"61":2,"62":0,"63":0,"64":0},"f":{"0":0,"1":2,"2":2,"3":2,"4":2,"5":2,"6":2,"7":2,"8":2,"9":0},"b":{"0":[0],"1":[0],"2":[0],"3":[0],"4":[2,1],"5":[1,1],"6":[0],"7":[0],"8":[0],"9":[2,2],"10":[0],"11":[0],"12":[0],"13":[0]}}
,"/home/runner/work/the-last-dance/the-last-dance/src/pages/api/xrp.ts": {"path":"/home/runner/work/the-last-dance/the-last-dance/src/pages/api/xrp.ts","statementMap":{"0":{"start":{"line":12,"column":0},"end":{"line":12,"column":15}},"1":{"start":{"line":2,"column":20},"end":{"line":2,"column":null}},"2":{"start":{"line":3,"column":22},"end":{"line":3,"column":null}},"3":{"start":{"line":4,"column":40},"end":{"line":4,"column":null}},"4":{"start":{"line":12,"column":15},"end":{"line":54,"column":null}},"5":{"start":{"line":13,"column":4},"end":{"line":53,"column":null}},"6":{"start":{"line":15,"column":25},"end":{"line":23,"column":null}},"7":{"start":{"line":26,"column":8},"end":{"line":28,"column":null}},"8":{"start":{"line":27,"column":12},"end":{"line":27,"column":null}},"9":{"start":{"line":30,"column":21},"end":{"line":30,"column":null}},"10":{"start":{"line":32,"column":8},"end":{"line":34,"column":null}},"11":{"start":{"line":33,"column":12},"end":{"line":33,"column":null}},"12":{"start":{"line":36,"column":22},"end":{"line":36,"column":null}},"13":{"start":{"line":37,"column":26},"end":{"line":37,"column":52}},"14":{"start":{"line":38,"column":32},"end":{"line":38,"column":85}},"15":{"start":{"line":39,"column":29},"end":{"line":39,"column":null}},"16":{"start":{"line":41,"column":8},"end":{"line":41,"column":null}},"17":{"start":{"line":42,"column":8},"end":{"line":46,"column":null}},"18":{"start":{"line":48,"column":8},"end":{"line":50,"column":null}},"19":{"start":{"line":49,"column":12},"end":{"line":49,"column":null}},"20":{"start":{"line":51,"column":8},"end":{"line":51,"column":null}},"21":{"start":{"line":52,"column":8},"end":{"line":52,"column":null}}},"fnMap":{"0":{"name":"handler","decl":{"start":{"line":12,"column":40},"end":{"line":12,"column":48}},"loc":{"start":{"line":12,"column":90},"end":{"line":54,"column":null}}}},"branchMap":{"0":{"loc":{"start":{"line":26,"column":8},"end":{"line":28,"column":null}},"type":"if","locations":[{"start":{"line":26,"column":8},"end":{"line":28,"column":null}}]},"1":{"loc":{"start":{"line":32,"column":8},"end":{"line":34,"column":null}},"type":"if","locations":[{"start":{"line":32,"column":8},"end":{"line":34,"column":null}}]},"2":{"loc":{"start":{"line":38,"column":35},"end":{"line":38,"column":62}},"type":"cond-expr","locations":[{"start":{"line":38,"column":51},"end":{"line":38,"column":57}},{"start":{"line":38,"column":57},"end":{"line":38,"column":62}}]},"3":{"loc":{"start":{"line":39,"column":29},"end":{"line":39,"column":null}},"type":"cond-expr","locations":[{"start":{"line":39,"column":45},"end":{"line":39,"column":52}},{"start":{"line":39,"column":52},"end":{"line":39,"column":null}}]},"4":{"loc":{"start":{"line":48,"column":8},"end":{"line":50,"column":null}},"type":"if","locations":[{"start":{"line":48,"column":8},"end":{"line":50,"column":null}}]}},"s":{"0":4,"1":1,"2":1,"3":1,"4":1,"5":4,"6":4,"7":4,"8":1,"9":3,"10":3,"11":1,"12":2,"13":2,"14":2,"15":2,"16":2,"17":2,"18":2,"19":0,"20":2,"21":2},"f":{"0":4},"b":{"0":[1],"1":[1],"2":[1,1],"3":[1,1],"4":[0]}}
}
