TN:
SF:scripts/trending/lib.ts
FN:72,(anonymous_12)
FN:74,(anonymous_13)
FN:83,(anonymous_14)
FN:96,(anonymous_15)
FN:99,(anonymous_16)
FN:129,(anonymous_17)
FN:130,(anonymous_18)
FN:133,(anonymous_19)
FN:188,(anonymous_20)
FN:200,(anonymous_21)
FN:201,(anonymous_22)
FN:210,(anonymous_23)
FN:211,(anonymous_24)
FN:220,(anonymous_25)
FN:221,(anonymous_26)
FN:230,(anonymous_27)
FN:231,(anonymous_28)
FN:243,(anonymous_29)
FN:246,(anonymous_30)
FN:249,(anonymous_31)
FN:267,(anonymous_32)
FN:276,(anonymous_33)
FN:313,(anonymous_34)
FN:327,(anonymous_35)
FN:349,(anonymous_36)
FN:357,(anonymous_37)
FNF:26
FNH:26
FNDA:5,(anonymous_12)
FNDA:125,(anonymous_13)
FNDA:5,(anonymous_14)
FNDA:3,(anonymous_15)
FNDA:2,(anonymous_16)
FNDA:6,(anonymous_17)
FNDA:3,(anonymous_18)
FNDA:3,(anonymous_19)
FNDA:13,(anonymous_20)
FNDA:4,(anonymous_21)
FNDA:2,(anonymous_22)
FNDA:3,(anonymous_23)
FNDA:1,(anonymous_24)
FNDA:2,(anonymous_25)
FNDA:1,(anonymous_26)
FNDA:2,(anonymous_27)
FNDA:1,(anonymous_28)
FNDA:2,(anonymous_29)
FNDA:1,(anonymous_30)
FNDA:1,(anonymous_31)
FNDA:1,(anonymous_32)
FNDA:1,(anonymous_33)
FNDA:1,(anonymous_34)
FNDA:1,(anonymous_35)
FNDA:1,(anonymous_36)
FNDA:1,(anonymous_37)
DA:10,1
DA:11,1
DA:13,1
DA:72,2
DA:73,5
DA:74,125
DA:83,3
DA:84,5
DA:85,5
DA:86,4
DA:87,4
DA:96,3
DA:97,3
DA:98,3
DA:99,2
DA:100,2
DA:102,2
DA:103,2
DA:107,1
DA:108,1
DA:110,1
DA:112,1
DA:129,4
DA:130,6
DA:131,3
DA:133,6
DA:134,5
DA:135,5
DA:138,1
DA:147,1
DA:149,1
DA:157,1
DA:159,1
DA:167,1
DA:171,1
DA:179,1
DA:181,1
DA:188,1
DA:193,13
DA:194,13
DA:195,7
DA:199,13
DA:201,4
DA:211,3
DA:221,2
DA:231,2
DA:244,2
DA:247,1
DA:248,1
DA:249,1
DA:250,1
DA:252,1
DA:267,1
DA:268,1
DA:269,1
DA:270,3
DA:271,3
DA:273,1
DA:276,1
DA:277,1
DA:313,1
DA:317,1
DA:327,1
DA:328,1
DA:347,1
DA:348,1
DA:349,1
DA:350,1
DA:352,1
DA:355,1
DA:356,1
DA:357,1
DA:358,1
DA:360,1
DA:363,1
LF:75
LH:75
BRDA:72,0,0,5
BRDA:73,1,0,5
BRDA:73,1,1,0
BRDA:83,2,0,5
BRDA:84,3,0,5
BRDA:84,3,1,0
BRDA:85,4,0,1
BRDA:97,5,0,3
BRDA:97,5,1,3
BRDA:98,6,0,1
BRDA:100,7,0,1
BRDA:100,7,1,1
BRDA:130,8,0,6
BRDA:130,8,1,3
BRDA:131,9,0,1
BRDA:131,9,1,2
BRDA:131,10,0,2
BRDA:131,10,1,0
BRDA:133,11,0,1
BRDA:134,12,0,5
BRDA:134,12,1,0
BRDA:134,13,0,5
BRDA:134,13,1,1
BRDA:194,14,0,6
BRDA:202,15,0,2
BRDA:202,15,1,1
BRDA:203,16,0,2
BRDA:203,16,1,2
BRDA:205,17,0,2
BRDA:205,17,1,1
BRDA:205,18,0,2
BRDA:205,18,1,1
BRDA:206,19,0,2
BRDA:206,19,1,1
BRDA:206,20,0,2
BRDA:206,20,1,1
BRDA:208,21,0,2
BRDA:208,21,1,2
BRDA:212,22,0,1
BRDA:212,22,1,0
BRDA:213,23,0,1
BRDA:213,23,1,0
BRDA:215,24,0,1
BRDA:215,24,1,0
BRDA:215,25,0,1
BRDA:215,25,1,0
BRDA:216,26,0,1
BRDA:216,26,1,0
BRDA:216,27,0,1
BRDA:216,27,1,0
BRDA:218,28,0,1
BRDA:218,28,1,0
BRDA:222,29,0,1
BRDA:222,29,1,0
BRDA:223,30,0,1
BRDA:223,30,1,0
BRDA:225,31,0,1
BRDA:225,31,1,0
BRDA:225,32,0,1
BRDA:225,32,1,0
BRDA:226,33,0,1
BRDA:226,33,1,0
BRDA:226,34,0,1
BRDA:226,34,1,0
BRDA:227,35,0,1
BRDA:227,35,1,0
BRDA:228,36,0,1
BRDA:228,36,1,0
BRDA:232,37,0,1
BRDA:232,37,1,0
BRDA:233,38,0,1
BRDA:233,38,1,0
BRDA:235,39,0,1
BRDA:235,39,1,0
BRDA:236,40,0,1
BRDA:236,40,1,0
BRDA:238,41,0,1
BRDA:238,41,1,0
BRDA:247,42,0,1
BRDA:247,42,1,0
BRDA:247,43,0,1
BRDA:247,43,1,0
BRDA:248,44,0,1
BRDA:248,44,1,0
BRDA:249,45,0,1
BRDA:249,45,1,0
BRDA:250,46,0,0
BRDA:250,46,1,1
BRDA:250,47,0,1
BRDA:250,47,1,0
BRDA:253,48,0,1
BRDA:253,48,1,0
BRDA:253,49,0,1
BRDA:253,49,1,0
BRDA:253,50,0,0
BRDA:253,50,1,0
BRDA:254,51,0,1
BRDA:254,51,1,0
BRDA:256,52,0,1
BRDA:256,52,1,0
BRDA:257,53,0,1
BRDA:257,53,1,0
BRDA:258,54,0,1
BRDA:258,54,1,0
BRDA:271,55,0,3
BRDA:271,56,0,3
BRDA:271,56,1,1
BRDA:315,57,0,0
BRDA:315,58,0,0
BRDA:347,59,0,1
BRDA:355,60,0,1
BRF:111
BRH:71
end_of_record
TN:
SF:src/components/Avatar/index.tsx
FN:21,(anonymous_2)
FNF:1
FNH:1
FNDA:1,(anonymous_2)
DA:1,1
DA:2,1
DA:21,1
DA:33,1
LF:4
LH:4
BRF:0
BRH:0
end_of_record
TN:
SF:src/components/BackgroundImage/index.tsx
FN:11,(anonymous_2)
FNF:1
FNH:1
FNDA:6,(anonymous_2)
DA:1,3
DA:2,3
DA:3,3
DA:11,3
DA:47,6
LF:5
LH:5
BRF:0
BRH:0
end_of_record
TN:
SF:src/components/Blog/ArticlePanel/index.tsx
FN:25,(anonymous_2)
FN:50,(anonymous_3)
FNF:2
FNH:2
FNDA:2,(anonymous_2)
FNDA:2,(anonymous_3)
DA:1,1
DA:2,1
DA:3,1
DA:4,1
DA:5,1
DA:6,1
DA:7,1
DA:8,1
DA:9,1
DA:10,1
DA:11,1
DA:12,1
DA:25,1
DA:26,2
DA:50,1
DA:70,2
LF:16
LH:16
BRF:0
BRH:0
end_of_record
TN:
SF:src/components/Blog/AsidePanel/index.tsx
FN:11,(anonymous_2)
FNF:1
FNH:1
FNDA:1,(anonymous_2)
DA:1,1
DA:2,1
DA:3,1
DA:11,1
DA:21,1
LF:5
LH:5
BRF:0
BRH:0
end_of_record
TN:
SF:src/components/Blog/NavList/index.tsx
FN:27,(anonymous_2)
FN:43,(anonymous_3)
FNF:2
FNH:2
FNDA:3,(anonymous_2)
FNDA:2,(anonymous_3)
DA:1,1
DA:2,1
DA:3,1
DA:27,1
DA:28,3
DA:30,2
DA:31,2
DA:52,2
DA:55,2
DA:75,3
LF:10
LH:10
BRDA:28,0,0,1
BRDA:30,1,0,0
BRDA:30,2,0,2
BRDA:30,2,1,1
BRDA:31,3,0,0
BRDA:31,4,0,2
BRDA:31,4,1,1
BRDA:52,5,0,1
BRDA:52,5,1,1
BRDA:59,6,0,1
BRDA:59,6,1,1
BRDA:60,7,0,1
BRDA:60,7,1,1
BRDA:62,8,0,1
BRDA:62,8,1,1
BRDA:63,9,0,1
BRDA:63,9,1,1
BRF:17
BRH:15
end_of_record
TN:
SF:src/components/Blog/PostByline/index.tsx
FN:25,(anonymous_2)
FN:29,(anonymous_3)
FN:67,(anonymous_5)
FNF:3
FNH:0
FNDA:0,(anonymous_2)
FNDA:0,(anonymous_3)
FNDA:0,(anonymous_5)
DA:1,0
DA:2,0
DA:3,0
DA:4,0
DA:5,0
DA:6,0
DA:25,0
DA:26,0
DA:27,0
DA:29,0
DA:52,0
DA:67,0
DA:72,0
LF:13
LH:0
BRDA:33,0,0,0
BRDA:33,0,1,0
BRDA:34,1,0,0
BRDA:34,1,1,0
BRF:4
BRH:0
end_of_record
TN:
SF:src/components/Blog/PostList/index.tsx
FN:24,(anonymous_2)
FN:33,(anonymous_3)
FNF:2
FNH:2
FNDA:3,(anonymous_2)
FNDA:2,(anonymous_3)
DA:1,1
DA:2,1
DA:24,1
DA:25,3
DA:27,2
DA:28,2
DA:43,2
DA:54,3
LF:8
LH:8
BRDA:25,0,0,1
BRDA:27,1,0,0
BRDA:27,2,0,2
BRDA:27,2,1,2
BRDA:28,3,0,0
BRDA:28,4,0,2
BRDA:28,4,1,2
BRDA:43,5,0,2
BRDA:43,5,1,0
BRF:9
BRH:6
end_of_record
TN:
SF:src/components/Blog/StarCounter/index.tsx
FN:14,(anonymous_2)
FNF:1
FNH:1
FNDA:3,(anonymous_2)
DA:1,1
DA:2,1
DA:3,1
DA:4,1
DA:5,1
DA:6,1
DA:7,1
DA:14,1
DA:15,3
DA:16,3
DA:56,3
LF:11
LH:11
BRF:0
BRH:0
end_of_record
TN:
SF:src/components/Blog/ViewCounter/index.tsx
FN:16,(anonymous_2)
FNF:1
FNH:1
FNDA:9,(anonymous_2)
DA:1,3
DA:2,3
DA:3,3
DA:4,3
DA:5,3
DA:6,3
DA:7,3
DA:8,3
DA:16,3
DA:17,9
DA:18,9
DA:73,8
LF:12
LH:12
BRDA:31,0,0,7
BRDA:31,0,1,2
BRDA:33,1,0,7
BRDA:33,1,1,2
BRDA:43,2,0,7
BRDA:43,2,1,2
BRDA:46,3,0,9
BRF:7
BRH:7
end_of_record
TN:
SF:src/components/ControlButtons/index.tsx
FN:25,(anonymous_2)
FNF:1
FNH:1
FNDA:11,(anonymous_2)
DA:1,3
DA:2,3
DA:3,3
DA:4,3
DA:25,3
DA:26,11
DA:81,11
LF:7
LH:7
BRDA:41,0,0,0
BRDA:41,0,1,11
BRDA:67,1,0,11
BRDA:67,1,1,4
BRDA:72,2,0,7
BRDA:72,2,1,4
BRF:6
BRH:5
end_of_record
TN:
SF:src/components/CookieConsent/index.tsx
FN:23,(anonymous_5)
FN:40,(anonymous_6)
FN:44,(anonymous_7)
FN:56,(anonymous_8)
FN:66,(anonymous_9)
FN:67,(anonymous_10)
FN:71,(anonymous_11)
FN:73,(anonymous_12)
FN:77,(anonymous_13)
FNF:9
FNH:9
FNDA:3,(anonymous_5)
FNDA:17,(anonymous_6)
FNDA:8,(anonymous_7)
FNDA:3,(anonymous_8)
FNDA:1,(anonymous_9)
FNDA:2,(anonymous_10)
FNDA:17,(anonymous_11)
FNDA:1,(anonymous_12)
FNDA:6,(anonymous_13)
DA:1,1
DA:2,1
DA:3,1
DA:4,1
DA:5,1
DA:6,1
DA:13,4
DA:23,3
DA:40,1
DA:41,17
DA:42,17
DA:44,17
DA:47,8
DA:48,8
DA:56,17
DA:57,3
DA:58,3
DA:62,3
DA:63,3
DA:66,17
DA:67,17
DA:71,17
DA:72,17
DA:73,6
DA:74,1
DA:76,6
DA:77,6
DA:80,17
DA:123,8
LF:29
LH:29
BRDA:72,0,0,11
BRDA:74,1,0,1
BRDA:80,2,0,11
BRF:3
BRH:3
end_of_record
TN:
SF:src/components/CountDown/index.tsx
FN:28,(anonymous_2)
FN:61,(anonymous_3)
FN:82,(anonymous_4)
FN:84,(anonymous_5)
FN:86,(anonymous_6)
FNF:5
FNH:5
FNDA:8,(anonymous_2)
FNDA:13,(anonymous_3)
FNDA:6,(anonymous_4)
FNDA:2,(anonymous_5)
FNDA:6,(anonymous_6)
DA:1,3
DA:2,3
DA:3,3
DA:4,3
DA:28,3
DA:33,8
DA:34,8
DA:35,8
DA:36,8
DA:37,8
DA:38,8
DA:39,8
DA:41,8
DA:42,5
DA:52,8
DA:61,3
DA:62,13
DA:63,13
DA:82,13
DA:83,6
DA:84,6
DA:86,6
DA:94,13
DA:134,8
LF:24
LH:24
BRDA:31,0,0,8
BRDA:41,1,0,5
BRDA:43,2,0,5
BRDA:43,2,1,0
BRDA:44,3,0,5
BRDA:44,3,1,0
BRDA:45,4,0,2
BRDA:45,4,1,3
BRDA:46,5,0,2
BRDA:46,5,1,3
BRDA:47,6,0,2
BRDA:47,6,1,3
BRDA:48,7,0,2
BRDA:48,7,1,3
BRDA:129,8,0,13
BRF:15
BRH:13
end_of_record
TN:
SF:src/components/CryptoPrice/index.tsx
FN:14,(anonymous_2)
FNF:1
FNH:1
FNDA:5,(anonymous_2)
DA:1,2
DA:2,2
DA:3,2
DA:4,2
DA:5,2
DA:6,2
DA:7,2
DA:14,2
DA:15,5
DA:16,5
DA:50,5
LF:11
LH:11
BRDA:29,0,0,5
BRDA:29,0,1,0
BRDA:29,1,0,5
BRDA:29,1,1,0
BRDA:29,2,0,5
BRDA:29,2,1,0
BRDA:42,3,0,5
BRDA:42,3,1,0
BRF:8
BRH:4
end_of_record
TN:
SF:src/components/Date/index.tsx
FN:16,(anonymous_2)
FNF:1
FNH:1
FNDA:1,(anonymous_2)
DA:1,1
DA:2,1
DA:3,1
DA:16,1
DA:17,1
DA:31,1
LF:6
LH:6
BRF:0
BRH:0
end_of_record
TN:
SF:src/components/DeploymentStatus/index.tsx
FN:21,(anonymous_2)
FN:40,(anonymous_3)
FNF:2
FNH:2
FNDA:10,(anonymous_2)
FNDA:10,(anonymous_3)
DA:1,3
DA:2,3
DA:3,3
DA:4,3
DA:5,3
DA:6,3
DA:7,3
DA:8,3
DA:11,3
DA:13,3
DA:21,3
DA:26,10
DA:27,10
DA:40,3
DA:41,10
DA:46,10
DA:48,10
DA:49,10
DA:50,10
DA:51,10
DA:95,7
LF:21
LH:21
BRDA:29,0,0,10
BRDA:29,0,1,4
BRDA:71,1,0,1
BRDA:71,1,1,9
BRDA:72,2,0,1
BRDA:72,2,1,9
BRDA:84,3,0,1
BRDA:84,3,1,9
BRF:8
BRH:8
end_of_record
TN:
SF:src/components/Dialog/index.tsx
FN:47,(anonymous_2)
FN:66,(anonymous_3)
FN:68,(anonymous_4)
FN:72,(anonymous_5)
FNF:4
FNH:4
FNDA:17,(anonymous_2)
FNDA:14,(anonymous_3)
FNDA:1,(anonymous_4)
FNDA:1,(anonymous_5)
DA:1,3
DA:2,3
DA:3,3
DA:47,3
DA:60,17
DA:62,17
DA:66,17
DA:67,14
DA:68,1
DA:69,1
DA:71,1
DA:72,1
DA:125,17
LF:13
LH:13
BRDA:55,0,0,9
BRDA:56,1,0,11
BRDA:57,2,0,17
BRDA:67,3,0,13
BRDA:67,4,0,14
BRDA:67,4,1,11
BRDA:69,5,0,1
BRDA:97,6,0,8
BRDA:97,6,1,9
BRDA:99,7,0,1
BRDA:99,7,1,16
BRDA:104,8,0,14
BRDA:104,8,1,3
BRDA:105,9,0,7
BRDA:105,9,1,10
BRDA:106,10,0,8
BRDA:106,10,1,9
BRDA:107,11,0,0
BRDA:107,11,1,17
BRF:19
BRH:18
end_of_record
TN:
SF:src/components/Dock/index.tsx
FN:15,(anonymous_2)
FN:19,(anonymous_3)
FN:25,(anonymous_4)
FNF:3
FNH:2
FNDA:6,(anonymous_2)
FNDA:0,(anonymous_3)
FNDA:30,(anonymous_4)
DA:1,3
DA:2,3
DA:3,3
DA:4,3
DA:5,3
DA:6,3
DA:7,3
DA:8,3
DA:9,3
DA:15,3
DA:16,6
DA:17,6
DA:18,6
DA:19,6
DA:26,30
DA:29,30
DA:31,30
DA:34,30
DA:35,30
DA:72,6
LF:20
LH:20
BRDA:29,0,0,30
BRDA:29,0,1,0
BRDA:31,1,0,0
BRDA:31,1,1,30
BRDA:34,2,0,24
BRDA:34,2,1,6
BRDA:45,3,0,6
BRDA:45,3,1,24
BRDA:45,4,0,30
BRDA:45,4,1,24
BRDA:49,5,0,30
BRDA:49,5,1,30
BRF:12
BRH:10
end_of_record
TN:
SF:src/components/Dock/Icon/index.tsx
FN:19,(anonymous_2)
FNF:1
FNH:1
FNDA:31,(anonymous_2)
DA:1,4
DA:2,4
DA:19,4
DA:34,31
LF:4
LH:4
BRF:0
BRH:0
end_of_record
TN:
SF:src/components/ErrorBoundary/index.tsx
FN:11,(anonymous_2)
FN:18,(anonymous_3)
FN:31,(anonymous_4)
FN:35,(anonymous_5)
FNF:4
FNH:4
FNDA:6,(anonymous_2)
FNDA:4,(anonymous_3)
FNDA:2,(anonymous_4)
FNDA:9,(anonymous_5)
DA:1,1
DA:2,1
DA:3,1
DA:4,1
DA:5,1
DA:6,1
DA:7,1
DA:8,1
DA:12,6
DA:13,5
DA:19,4
DA:32,2
DA:36,9
DA:70,5
DA:74,3
LF:15
LH:15
BRDA:36,0,0,4
BRF:1
BRH:1
end_of_record
TN:
SF:src/components/GoogleAdsense/index.tsx
FN:26,(anonymous_4)
FNF:1
FNH:1
FNDA:3,(anonymous_4)
DA:1,1
DA:2,1
DA:13,1
DA:26,1
DA:27,3
DA:29,3
DA:56,3
LF:7
LH:7
BRDA:26,0,0,2
BRDA:29,1,0,3
BRF:2
BRH:2
end_of_record
TN:
SF:src/components/GridLayoutControl/index.tsx
FN:15,(anonymous_2)
FNF:1
FNH:1
FNDA:2,(anonymous_2)
DA:1,1
DA:2,1
DA:15,1
DA:24,2
LF:4
LH:4
BRDA:15,0,0,1
BRF:1
BRH:1
end_of_record
TN:
SF:src/components/Heating/index.tsx
FN:12,(anonymous_2)
FNF:1
FNH:1
FNDA:7,(anonymous_2)
DA:1,3
DA:2,3
DA:3,3
DA:4,3
DA:5,3
DA:6,3
DA:12,3
DA:13,7
DA:14,7
DA:46,6
LF:10
LH:10
BRF:0
BRH:0
end_of_record
TN:
SF:src/components/IconWithName/index.tsx
FN:28,(anonymous_2)
FNF:1
FNH:1
FNDA:1,(anonymous_2)
DA:1,1
DA:2,1
DA:3,1
DA:28,1
DA:29,1
DA:45,1
DA:65,1
LF:7
LH:7
BRDA:29,0,0,0
BRDA:29,0,1,1
BRDA:45,1,0,1
BRF:3
BRH:2
end_of_record
TN:
SF:src/components/IndexedCounter/index.tsx
FN:14,(anonymous_2)
FNF:1
FNH:1
FNDA:7,(anonymous_2)
DA:1,3
DA:2,3
DA:3,3
DA:4,3
DA:5,3
DA:6,3
DA:7,3
DA:14,3
DA:15,7
DA:16,7
DA:38,6
LF:11
LH:11
BRDA:29,0,0,7
BRDA:29,0,1,0
BRDA:33,1,0,7
BRDA:33,1,1,0
BRF:4
BRH:2
end_of_record
TN:
SF:src/components/LangSelect/index.tsx
FN:13,(anonymous_2)
FN:17,(anonymous_3)
FN:25,(anonymous_4)
FN:44,(anonymous_5)
FNF:4
FNH:2
FNDA:1,(anonymous_2)
FNDA:0,(anonymous_3)
FNDA:0,(anonymous_4)
FNDA:3,(anonymous_5)
DA:1,1
DA:2,1
DA:3,1
DA:4,1
DA:5,1
DA:13,1
DA:14,1
DA:15,1
DA:17,1
DA:19,0
DA:24,1
DA:26,0
DA:45,3
DA:56,1
LF:14
LH:12
BRF:0
BRH:0
end_of_record
TN:
SF:src/components/Layout/index.tsx
FN:23,(anonymous_2)
FN:36,Page
FNF:2
FNH:2
FNDA:5,(anonymous_2)
FNDA:5,Page
DA:2,2
DA:3,2
DA:4,2
DA:5,2
DA:6,2
DA:23,2
DA:36,5
LF:7
LH:7
BRF:0
BRH:0
end_of_record
TN:
SF:src/components/Layout/Footer/index.tsx
FN:4,(anonymous_2)
FNF:1
FNH:1
FNDA:5,(anonymous_2)
DA:1,2
DA:2,2
DA:4,2
DA:12,5
LF:4
LH:4
BRF:0
BRH:0
end_of_record
TN:
SF:src/components/Layout/Header/index.tsx
FN:16,(anonymous_5)
FN:16,(anonymous_6)
FN:26,(anonymous_8)
FN:36,(anonymous_9)
FN:40,(anonymous_10)
FN:41,(anonymous_11)
FN:44,(anonymous_12)
FN:63,(anonymous_13)
FN:73,(anonymous_14)
FN:85,(anonymous_15)
FN:92,(anonymous_16)
FN:122,(anonymous_17)
FNF:12
FNH:9
FNDA:2,(anonymous_5)
FNDA:2,(anonymous_6)
FNDA:5,(anonymous_8)
FNDA:0,(anonymous_9)
FNDA:3,(anonymous_10)
FNDA:0,(anonymous_11)
FNDA:3,(anonymous_12)
FNDA:0,(anonymous_13)
FNDA:5,(anonymous_14)
FNDA:5,(anonymous_15)
FNDA:40,(anonymous_16)
FNDA:5,(anonymous_17)
DA:1,2
DA:2,2
DA:3,2
DA:4,2
DA:5,2
DA:6,2
DA:7,2
DA:8,2
DA:9,2
DA:10,2
DA:11,2
DA:12,2
DA:13,2
DA:14,2
DA:16,4
DA:26,2
DA:27,5
DA:28,5
DA:29,5
DA:30,5
DA:31,5
DA:32,5
DA:33,5
DA:34,5
DA:36,5
DA:37,0
DA:40,5
DA:41,3
DA:42,0
DA:44,3
DA:63,0
DA:73,2
DA:74,5
DA:75,5
DA:76,5
DA:85,2
DA:86,5
DA:93,40
DA:122,2
DA:123,5
DA:144,5
LF:41
LH:38
BRDA:26,0,0,5
BRDA:60,1,0,5
BRDA:60,1,1,5
BRF:3
BRH:3
end_of_record
TN:
SF:src/components/NavigationArrows/index.tsx
FN:23,(anonymous_2)
FNF:1
FNH:1
FNDA:3,(anonymous_2)
DA:1,1
DA:2,1
DA:23,1
DA:24,3
DA:36,3
LF:5
LH:5
BRDA:24,0,0,0
BRDA:30,1,0,1
BRDA:30,1,1,2
BRDA:31,2,0,1
BRDA:31,2,1,2
BRF:5
BRH:4
end_of_record
TN:
SF:src/components/News/index.tsx
FN:17,(anonymous_2)
FN:21,(anonymous_3)
FN:41,(anonymous_4)
FN:48,(anonymous_5)
FN:53,(anonymous_6)
FN:73,(anonymous_7)
FNF:6
FNH:5
FNDA:6,(anonymous_2)
FNDA:6,(anonymous_3)
FNDA:5,(anonymous_4)
FNDA:5,(anonymous_5)
FNDA:5,(anonymous_6)
FNDA:0,(anonymous_7)
DA:1,4
DA:2,4
DA:3,4
DA:4,4
DA:5,4
DA:6,4
DA:17,4
DA:18,6
DA:19,6
DA:20,6
DA:21,6
DA:39,6
DA:41,6
DA:42,5
DA:43,5
DA:44,5
DA:48,6
DA:49,5
DA:50,5
DA:53,6
DA:54,5
DA:55,5
DA:74,0
DA:92,7
LF:24
LH:23
BRDA:21,0,0,6
BRDA:21,0,1,0
BRDA:21,1,0,6
BRDA:21,1,1,0
BRDA:42,2,0,5
BRDA:49,3,0,0
BRDA:72,4,0,6
BRF:7
BRH:4
end_of_record
TN:
SF:src/components/Notification/index.tsx
FN:23,(anonymous_2)
FN:26,(anonymous_3)
FN:30,(anonymous_4)
FN:32,(anonymous_5)
FN:36,(anonymous_6)
FNF:5
FNH:4
FNDA:3,(anonymous_2)
FNDA:0,(anonymous_3)
FNDA:3,(anonymous_4)
FNDA:1,(anonymous_5)
FNDA:2,(anonymous_6)
DA:1,1
DA:2,1
DA:3,1
DA:4,1
DA:23,1
DA:24,3
DA:26,3
DA:27,0
DA:30,3
DA:31,3
DA:32,2
DA:33,1
DA:36,2
DA:38,1
DA:57,2
LF:15
LH:14
BRDA:23,0,0,3
BRDA:31,1,0,2
BRDA:43,2,0,2
BRDA:43,2,1,1
BRDA:46,3,0,3
BRDA:46,3,1,0
BRDA:47,4,0,2
BRDA:47,4,1,1
BRF:8
BRH:7
end_of_record
TN:
SF:src/components/QuestionBlock/index.tsx
FN:18,(anonymous_2)
FN:37,(anonymous_3)
FN:42,(anonymous_4)
FNF:3
FNH:3
FNDA:9,(anonymous_2)
FNDA:14,(anonymous_3)
FNDA:2,(anonymous_4)
DA:1,1
DA:2,1
DA:18,1
DA:19,9
DA:38,14
DA:39,14
DA:43,2
DA:64,9
LF:8
LH:8
BRDA:19,0,0,1
BRDA:44,1,0,2
BRDA:44,1,1,0
BRF:3
BRH:2
end_of_record
TN:
SF:src/components/RenderManager/index.tsx
FN:26,(anonymous_2)
FN:51,(anonymous_3)
FNF:2
FNH:2
FNDA:10,(anonymous_2)
FNDA:67,(anonymous_3)
DA:1,11
DA:2,11
DA:6,11
DA:7,11
DA:8,11
DA:9,11
DA:26,11
DA:27,10
DA:28,9
DA:29,8
DA:51,11
DA:52,67
DA:54,67
DA:64,50
DA:77,67
LF:15
LH:15
BRDA:27,0,0,1
BRDA:28,1,0,1
BRDA:54,2,0,17
BRDA:60,3,0,17
BRDA:60,3,1,10
BRDA:64,4,0,24
BRDA:70,5,0,24
BRDA:70,5,1,4
BRF:8
BRH:8
end_of_record
TN:
SF:src/components/RenderManager/Error/index.tsx
FN:4,(anonymous_2)
FNF:1
FNH:1
FNDA:18,(anonymous_2)
DA:1,12
DA:2,12
DA:4,12
DA:8,18
LF:4
LH:4
BRF:0
BRH:0
end_of_record
TN:
SF:src/components/RenderManager/Loading/index.tsx
FN:4,(anonymous_2)
FNF:1
FNH:1
FNDA:25,(anonymous_2)
DA:1,12
DA:2,12
DA:4,12
DA:8,25
LF:4
LH:4
BRF:0
BRH:0
end_of_record
TN:
SF:src/components/SEO/index.tsx
FN:32,(anonymous_2)
FNF:1
FNH:1
FNDA:8,(anonymous_2)
DA:1,3
DA:2,3
DA:3,3
DA:4,3
DA:15,3
DA:32,3
DA:33,8
DA:34,8
DA:35,8
DA:36,8
DA:61,8
LF:11
LH:11
BRDA:32,0,0,8
BRDA:35,1,0,8
BRDA:35,1,1,8
BRDA:40,2,0,1
BRDA:40,2,1,7
BRDA:50,3,0,1
BRDA:50,3,1,7
BRF:7
BRH:7
end_of_record
TN:
SF:src/components/SEO/jsonLd.ts
FN:32,(anonymous_4)
FN:72,(anonymous_5)
FN:88,(anonymous_6)
FN:91,(anonymous_7)
FNF:4
FNH:4
FNDA:6,(anonymous_4)
FNDA:3,(anonymous_5)
FNDA:2,(anonymous_6)
FNDA:1,(anonymous_7)
DA:32,6
DA:42,6
DA:72,5
DA:88,5
DA:91,1
LF:5
LH:5
BRDA:55,0,0,6
BRDA:55,0,1,5
BRDA:56,1,0,6
BRDA:56,1,1,3
BRDA:56,2,0,3
BRDA:56,2,1,2
BRF:6
BRH:6
end_of_record
TN:
SF:src/components/SEO/tags.tsx
FN:42,(anonymous_11)
FN:58,(anonymous_12)
FN:85,(anonymous_13)
FN:107,(anonymous_14)
FN:171,(anonymous_15)
FN:174,(anonymous_16)
FN:189,(anonymous_17)
FN:201,(anonymous_18)
FN:227,(anonymous_19)
FN:243,(anonymous_20)
FN:248,(anonymous_21)
FN:249,(anonymous_22)
FN:256,(anonymous_23)
FN:257,(anonymous_24)
FNF:14
FNH:12
FNDA:2,(anonymous_11)
FNDA:14,(anonymous_12)
FNDA:0,(anonymous_13)
FNDA:1,(anonymous_14)
FNDA:12,(anonymous_15)
FNDA:12,(anonymous_16)
FNDA:10,(anonymous_17)
FNDA:8,(anonymous_18)
FNDA:10,(anonymous_19)
FNDA:8,(anonymous_20)
FNDA:24,(anonymous_21)
FNDA:16,(anonymous_22)
FNDA:8,(anonymous_23)
FNDA:0,(anonymous_24)
DA:1,4
DA:2,4
DA:3,4
DA:36,4
DA:42,4
DA:43,2
DA:58,14
DA:59,14
DA:72,14
DA:73,14
DA:76,14
DA:77,14
DA:81,14
DA:82,14
DA:85,14
DA:86,14
DA:88,14
DA:107,4
DA:108,1
DA:110,1
DA:140,1
DA:141,0
DA:143,1
DA:144,1
DA:146,1
DA:147,1
DA:150,1
DA:168,4
DA:171,12
DA:172,12
DA:174,12
DA:175,1
DA:181,11
DA:189,10
DA:193,10
DA:194,10
DA:201,8
DA:202,8
DA:204,1
DA:205,1
DA:206,0
DA:208,1
DA:209,0
DA:211,1
DA:212,0
DA:214,1
DA:224,4
DA:225,4
DA:227,10
DA:228,10
DA:243,8
DA:244,8
DA:245,8
DA:248,24
DA:250,16
DA:256,8
DA:257,8
DA:258,0
LF:58
LH:53
BRDA:72,0,0,14
BRDA:72,0,1,9
BRDA:76,1,0,14
BRDA:76,1,1,14
BRDA:77,2,0,6
BRDA:77,2,1,8
BRDA:81,3,0,14
BRDA:81,3,1,14
BRDA:82,4,0,14
BRDA:82,4,1,0
BRDA:86,5,0,0
BRDA:86,5,1,14
BRDA:95,6,0,11
BRDA:95,6,1,3
BRDA:140,7,0,0
BRDA:140,8,0,1
BRDA:140,8,1,0
BRDA:143,9,0,1
BRDA:146,10,0,1
BRDA:174,11,0,1
BRDA:193,12,0,8
BRDA:193,12,1,2
BRDA:202,13,0,7
BRDA:205,14,0,0
BRDA:208,15,0,0
BRDA:211,16,0,0
BRDA:228,17,0,10
BRDA:228,17,1,0
BRDA:233,18,0,9
BRDA:233,18,1,1
BRDA:244,19,0,8
BRDA:244,19,1,0
BRDA:246,20,0,8
BRDA:246,20,1,0
BRDA:257,21,0,8
BRDA:257,21,1,8
BRF:36
BRH:26
end_of_record
TN:
SF:src/components/SearchInput/index.tsx
FN:27,(anonymous_2)
FNF:1
FNH:1
FNDA:7,(anonymous_2)
DA:1,2
DA:2,2
DA:3,2
DA:27,2
DA:28,7
DA:29,7
DA:62,7
LF:7
LH:7
BRDA:45,0,0,7
BRDA:45,0,1,6
BRDA:57,1,0,7
BRDA:57,1,1,7
BRF:4
BRH:4
end_of_record
TN:
SF:src/components/SidesShift/index.tsx
FN:26,(anonymous_2)
FNF:1
FNH:1
FNDA:1,(anonymous_2)
DA:1,1
DA:2,1
DA:3,1
DA:26,1
DA:27,1
DA:40,1
DA:58,1
LF:7
LH:7
BRDA:27,0,0,0
BRDA:27,0,1,1
BRDA:40,1,0,1
BRF:3
BRH:2
end_of_record
TN:
SF:src/components/Tooltip/index.tsx
FN:26,useTooltip
FN:67,(anonymous_6)
FN:81,(anonymous_7)
FN:91,Tooltip
FN:99,TooltipTrigger
FN:142,TooltipContent
FNF:6
FNH:6
FNDA:175,useTooltip
FNDA:164,(anonymous_6)
FNDA:343,(anonymous_7)
FNDA:175,Tooltip
FNDA:175,TooltipTrigger
FNDA:168,TooltipContent
DA:1,14
DA:15,14
DA:16,14
DA:32,175
DA:34,175
DA:35,175
DA:37,175
DA:51,175
DA:53,175
DA:58,175
DA:61,175
DA:62,175
DA:64,175
DA:66,175
DA:67,164
DA:79,14
DA:81,14
DA:82,343
DA:84,343
DA:85,0
DA:88,343
DA:94,175
DA:98,14
DA:100,175
DA:110,175
DA:113,175
DA:116,175
DA:117,0
DA:141,14
DA:143,168
DA:144,168
DA:167,14
DA:168,14
DA:170,331
LF:34
LH:32
BRDA:26,0,0,0
BRDA:27,1,0,172
BRDA:28,2,0,175
BRDA:34,3,0,175
BRDA:34,3,1,175
BRDA:35,4,0,175
BRDA:35,4,1,175
BRDA:84,5,0,0
BRDA:99,6,0,175
BRDA:110,7,0,175
BRDA:110,7,1,0
BRDA:111,8,0,175
BRDA:111,8,1,175
BRDA:116,9,0,0
BRDA:116,10,0,175
BRDA:116,10,1,0
BRDA:122,11,0,0
BRDA:122,11,1,0
BRDA:123,12,0,0
BRDA:123,12,1,0
BRDA:132,13,0,13
BRDA:132,13,1,162
BRDA:148,14,0,168
BRDA:154,15,0,13
BRDA:154,15,1,12
BRDA:155,16,0,13
BRDA:155,16,1,12
BRDA:156,17,0,12
BRDA:156,17,1,1
BRF:29
BRH:20
end_of_record
TN:
SF:src/components/VisibilityManager/index.tsx
FN:20,(anonymous_2)
FNF:1
FNH:1
FNDA:6,(anonymous_2)
DA:2,1
DA:20,1
DA:21,6
DA:22,6
DA:24,6
DA:26,6
DA:27,0
DA:33,3
LF:8
LH:7
BRDA:24,0,0,6
BRDA:24,0,1,4
BRDA:24,0,2,6
BRDA:24,0,3,4
BRDA:24,0,4,6
BRDA:24,0,5,4
BRDA:26,1,0,0
BRF:7
BRH:6
end_of_record
TN:
SF:src/components/Weather/index.tsx
FN:11,(anonymous_2)
FN:27,(anonymous_3)
FN:40,(anonymous_4)
FNF:3
FNH:3
FNDA:6,(anonymous_2)
FNDA:6,(anonymous_3)
FNDA:6,(anonymous_4)
DA:1,3
DA:2,3
DA:3,3
DA:4,3
DA:5,3
DA:6,3
DA:7,3
DA:8,3
DA:9,3
DA:11,3
DA:27,3
DA:28,6
DA:29,6
DA:41,6
DA:79,9
LF:15
LH:15
BRDA:13,0,0,1
BRDA:13,0,1,5
BRDA:33,1,0,6
BRDA:52,2,0,6
BRDA:52,2,1,0
BRDA:53,3,0,6
BRDA:57,4,0,0
BRDA:57,4,1,0
BRDA:71,5,0,6
BRF:9
BRH:6
end_of_record
TN:
SF:src/constants/devices.ts
FNF:0
FNH:0
DA:1,4
DA:2,3
DA:3,3
DA:4,4
LF:4
LH:4
BRF:0
BRH:0
end_of_record
TN:
SF:src/constants/navMenu.ts
FNF:0
FNH:0
DA:17,8
LF:1
LH:1
BRF:0
BRH:0
end_of_record
TN:
SF:src/constants/site.ts
FN:77,(anonymous_9)
FNF:1
FNH:1
FNDA:5,(anonymous_9)
DA:3,17
DA:4,42
DA:6,17
DA:7,17
DA:8,17
DA:20,17
DA:26,17
DA:77,17
DA:78,5
DA:79,5
DA:81,5
DA:82,5
DA:84,0
DA:85,0
DA:87,0
DA:88,0
DA:90,0
DA:91,0
DA:93,0
DA:94,0
DA:96,5
LF:21
LH:13
BRDA:79,0,0,5
BRDA:79,0,1,0
BRDA:79,0,2,0
BRDA:79,0,3,0
BRDA:79,0,4,0
BRF:5
BRH:1
end_of_record
TN:
SF:src/constants/survey.tsx
FN:22,(anonymous_5)
FN:74,(anonymous_7)
FN:77,(anonymous_8)
FN:124,(anonymous_10)
FN:140,(anonymous_11)
FN:143,(anonymous_12)
FNF:6
FNH:6
FNDA:29,(anonymous_5)
FNDA:5,(anonymous_7)
FNDA:9,(anonymous_8)
FNDA:18,(anonymous_10)
FNDA:180,(anonymous_11)
FNDA:540,(anonymous_12)
DA:1,2
DA:18,2
DA:20,25
DA:22,29
DA:32,2
DA:45,2
DA:53,2
DA:75,5
DA:78,9
DA:124,18
DA:125,18
DA:127,18
DA:140,180
DA:143,540
LF:14
LH:14
BRDA:22,0,0,3
BRDA:22,0,1,26
BRDA:77,1,0,5
BRDA:77,1,1,0
BRDA:145,2,0,540
BRDA:145,2,1,0
BRDA:151,3,0,1
BRF:7
BRH:5
end_of_record
TN:
SF:src/context/dialog.tsx
FN:20,(anonymous_6)
FN:48,(anonymous_7)
FN:54,(anonymous_8)
FN:60,(anonymous_9)
FNF:4
FNH:3
FNDA:5,(anonymous_6)
FNDA:18,(anonymous_7)
FNDA:19,(anonymous_8)
FNDA:0,(anonymous_9)
DA:1,5
DA:13,5
DA:18,5
DA:20,5
DA:21,5
DA:23,2
DA:28,1
DA:33,1
DA:38,1
DA:44,0
DA:48,5
DA:49,18
DA:50,18
DA:54,5
DA:55,19
DA:57,19
DA:58,2
DA:60,17
DA:61,0
DA:64,17
DA:67,19
LF:21
LH:19
BRDA:21,0,0,2
BRDA:21,0,1,1
BRDA:21,0,2,1
BRDA:21,0,3,1
BRDA:21,0,4,0
BRDA:57,1,0,2
BRF:6
BRH:5
end_of_record
TN:
SF:src/helpers/city.ts
FN:15,(anonymous_1)
FNF:1
FNH:1
FNDA:10,(anonymous_1)
DA:10,2
DA:12,2
DA:13,2
DA:15,10
DA:16,10
LF:5
LH:5
BRDA:16,0,0,10
BRDA:16,0,1,10
BRDA:16,0,2,10
BRF:3
BRH:3
end_of_record
TN:
SF:src/helpers/console.ts
FN:7,(anonymous_1)
FN:12,(anonymous_2)
FN:17,(anonymous_3)
FN:22,(anonymous_4)
FNF:4
FNH:1
FNDA:0,(anonymous_1)
FNDA:4,(anonymous_2)
FNDA:0,(anonymous_3)
FNDA:0,(anonymous_4)
DA:6,3
DA:8,0
DA:9,0
DA:13,4
DA:14,0
DA:18,0
DA:19,0
DA:23,0
DA:24,0
DA:29,4
LF:10
LH:3
BRDA:8,0,0,0
BRDA:13,1,0,0
BRDA:18,2,0,0
BRDA:23,3,0,0
BRF:4
BRH:0
end_of_record
TN:
SF:src/helpers/cors.ts
FN:4,(anonymous_1)
FN:5,(anonymous_2)
FNF:2
FNH:2
FNDA:25,(anonymous_1)
FNDA:58,(anonymous_2)
DA:4,18
DA:5,25
DA:8,58
DA:12,58
DA:13,58
DA:14,1
DA:15,57
DA:16,55
DA:20,58
DA:21,58
DA:29,58
DA:31,58
DA:32,1
DA:33,1
DA:36,57
DA:39,25
LF:16
LH:16
BRDA:8,0,0,3
BRDA:8,0,1,55
BRDA:9,1,0,3
BRDA:9,1,1,0
BRDA:13,2,0,1
BRDA:13,2,1,57
BRDA:13,3,0,58
BRDA:13,3,1,6
BRDA:15,4,0,55
BRDA:31,5,0,1
BRF:10
BRH:9
end_of_record
TN:
SF:src/helpers/createFetcher.ts
FN:29,(anonymous_4)
FN:40,(anonymous_5)
FN:56,(anonymous_6)
FN:57,(anonymous_7)
FNF:4
FNH:4
FNDA:11,(anonymous_4)
FNDA:2,(anonymous_5)
FNDA:40,(anonymous_6)
FNDA:21,(anonymous_7)
DA:2,18
DA:26,21
DA:30,11
DA:31,11
DA:32,11
DA:37,11
DA:41,2
DA:42,2
DA:43,2
DA:44,2
DA:56,18
DA:57,40
DA:58,21
DA:59,21
DA:60,1
DA:63,20
DA:64,12
DA:65,9
DA:67,3
DA:70,40
LF:20
LH:20
BRDA:41,0,0,2
BRDA:41,0,1,0
BRDA:59,1,0,1
BRDA:64,2,0,9
BRF:4
BRH:3
end_of_record
TN:
SF:src/helpers/fileReader.ts
FN:15,(anonymous_11)
FN:45,(anonymous_12)
FN:89,(anonymous_13)
FN:98,(anonymous_14)
FN:123,(anonymous_15)
FN:155,(anonymous_16)
FN:158,(anonymous_17)
FN:163,(anonymous_18)
FN:181,(anonymous_19)
FN:220,(anonymous_20)
FN:253,(anonymous_21)
FN:270,(anonymous_22)
FN:288,(anonymous_23)
FN:290,(anonymous_24)
FN:311,(anonymous_25)
FN:316,(anonymous_26)
FN:320,(anonymous_27)
FN:349,(anonymous_28)
FN:352,(anonymous_29)
FN:372,(anonymous_30)
FN:374,(anonymous_31)
FN:398,(anonymous_32)
FN:400,(anonymous_33)
FN:419,(anonymous_34)
FN:421,(anonymous_35)
FN:427,(anonymous_36)
FN:430,(anonymous_37)
FN:435,(anonymous_38)
FN:441,(anonymous_39)
FN:460,(anonymous_40)
FN:462,(anonymous_41)
FN:466,(anonymous_42)
FN:472,(anonymous_43)
FN:493,(anonymous_44)
FN:504,(anonymous_45)
FN:518,(anonymous_46)
FN:521,(anonymous_47)
FNF:37
FNH:34
FNDA:1552,(anonymous_11)
FNDA:45,(anonymous_12)
FNDA:97,(anonymous_13)
FNDA:97,(anonymous_14)
FNDA:6,(anonymous_15)
FNDA:6,(anonymous_16)
FNDA:156,(anonymous_17)
FNDA:80,(anonymous_18)
FNDA:4100,(anonymous_19)
FNDA:4100,(anonymous_20)
FNDA:6,(anonymous_21)
FNDA:91,(anonymous_22)
FNDA:91,(anonymous_23)
FNDA:4095,(anonymous_24)
FNDA:11,(anonymous_25)
FNDA:60,(anonymous_26)
FNDA:351,(anonymous_27)
FNDA:0,(anonymous_28)
FNDA:0,(anonymous_29)
FNDA:54,(anonymous_30)
FNDA:810,(anonymous_31)
FNDA:12,(anonymous_32)
FNDA:180,(anonymous_33)
FNDA:3,(anonymous_34)
FNDA:45,(anonymous_35)
FNDA:45,(anonymous_36)
FNDA:54,(anonymous_37)
FNDA:54,(anonymous_38)
FNDA:1620,(anonymous_39)
FNDA:3,(anonymous_40)
FNDA:45,(anonymous_41)
FNDA:12,(anonymous_42)
FNDA:180,(anonymous_43)
FNDA:4100,(anonymous_44)
FNDA:2991745,(anonymous_45)
FNDA:4100,(anonymous_46)
FNDA:0,(anonymous_47)
DA:1,1
DA:2,1
DA:3,1
DA:4,1
DA:5,1
DA:6,1
DA:7,1
DA:10,1
DA:15,1
DA:16,1552
DA:17,1552
DA:19,1552
DA:20,5917
DA:21,5917
DA:23,5917
DA:24,1455
DA:25,4462
DA:26,4365
DA:30,1552
DA:45,1
DA:46,45
DA:59,45
DA:60,45
DA:61,0
DA:64,45
DA:74,1
DA:75,1
DA:89,1
DA:90,97
DA:91,97
DA:92,4365
DA:93,4365
DA:95,97
DA:98,1
DA:99,97
DA:100,0
DA:103,97
DA:105,97
DA:106,96
DA:107,96
DA:108,0
DA:110,1
DA:113,1
DA:114,1
DA:123,1
DA:124,6
DA:125,6
DA:127,6
DA:128,0
DA:133,6
DA:155,1
DA:156,6
DA:158,6
DA:159,156
DA:161,6
DA:162,6
DA:163,80
DA:166,6
DA:167,1
DA:170,5
DA:181,1
DA:182,4100
DA:183,4100
DA:188,4100
DA:189,4100
DA:190,4100
DA:193,4100
DA:194,4100
DA:195,0
DA:202,4100
DA:220,1
DA:226,4100
DA:228,4100
DA:253,6
DA:254,6
DA:270,91
DA:288,7
DA:289,91
DA:290,4095
DA:311,11
DA:312,11
DA:313,11
DA:315,11
DA:316,60
DA:318,11
DA:320,351
DA:322,11
DA:349,1
DA:350,0
DA:351,0
DA:352,0
DA:372,1
DA:373,54
DA:374,810
DA:398,1
DA:399,12
DA:400,180
DA:419,1
DA:420,3
DA:421,45
DA:427,45
DA:428,3
DA:430,54
DA:436,54
DA:437,54
DA:438,54
DA:441,1620
DA:460,3
DA:461,3
DA:462,45
DA:463,3
DA:464,3
DA:467,12
DA:468,12
DA:469,12
DA:472,180
DA:491,1
DA:493,1
DA:496,4100
DA:497,4100
DA:500,4100
DA:501,20767
DA:504,2991745
DA:505,4100
DA:518,4100
DA:521,1
LF:126
LH:118
BRDA:23,0,0,1455
BRDA:23,0,1,4462
BRDA:25,1,0,4365
BRDA:60,2,0,0
BRDA:64,3,0,45
BRDA:64,3,1,0
BRDA:93,4,0,388
BRDA:99,5,0,0
BRDA:99,6,0,97
BRDA:99,6,1,96
BRDA:105,7,0,96
BRDA:105,7,1,1
BRDA:107,8,0,96
BRDA:124,9,0,0
BRDA:124,9,1,6
BRDA:125,10,0,6
BRDA:125,10,1,0
BRDA:127,11,0,0
BRDA:159,12,0,156
BRDA:159,12,1,151
BRDA:162,13,0,3
BRDA:162,13,1,3
BRDA:163,14,0,80
BRDA:163,14,1,27
BRDA:166,15,0,1
BRDA:183,16,0,0
BRDA:189,17,0,0
BRDA:194,18,0,0
BRDA:194,19,0,4100
BRDA:194,19,1,4100
BRDA:236,20,0,4100
BRDA:236,20,1,1911
BRDA:248,21,0,4100
BRDA:248,21,1,1911
BRDA:313,22,0,10
BRDA:313,22,1,1
BRDA:315,23,0,4
BRDA:315,23,1,7
BRDA:318,24,0,3
BRDA:318,24,1,8
BRDA:320,25,0,351
BRDA:320,25,1,0
BRDA:320,26,0,351
BRDA:320,26,1,0
BRDA:322,27,0,11
BRDA:322,27,1,0
BRDA:352,28,0,0
BRDA:352,28,1,0
BRDA:437,29,0,0
BRDA:468,30,0,0
BRDA:501,31,0,20767
BRDA:501,31,1,0
BRF:52
BRH:35
end_of_record
TN:
SF:src/helpers/fileWritter.ts
FN:34,(anonymous_2)
FN:53,(anonymous_3)
FN:55,(anonymous_4)
FN:58,(anonymous_5)
FN:77,(anonymous_6)
FN:78,(anonymous_7)
FN:79,(anonymous_8)
FN:80,(anonymous_9)
FN:81,(anonymous_10)
FN:94,(anonymous_11)
FN:95,(anonymous_12)
FN:96,(anonymous_13)
FN:100,(anonymous_14)
FN:101,(anonymous_15)
FNF:14
FNH:12
FNDA:22,(anonymous_2)
FNDA:8,(anonymous_3)
FNDA:22,(anonymous_4)
FNDA:6,(anonymous_5)
FNDA:24,(anonymous_6)
FNDA:24,(anonymous_7)
FNDA:0,(anonymous_8)
FNDA:16,(anonymous_9)
FNDA:0,(anonymous_10)
FNDA:96,(anonymous_11)
FNDA:64,(anonymous_12)
FNDA:8,(anonymous_13)
FNDA:16,(anonymous_14)
FNDA:16,(anonymous_15)
DA:1,1
DA:2,1
DA:3,1
DA:4,1
DA:5,1
DA:6,1
DA:8,1
DA:21,1
DA:34,22
DA:53,8
DA:54,8
DA:55,22
DA:58,8
DA:59,6
DA:74,8
DA:75,8
DA:77,24
DA:78,24
DA:79,0
DA:80,8
DA:81,16
DA:87,8
DA:94,96
DA:95,64
DA:97,8
DA:98,8
DA:100,8
DA:101,16
DA:104,8
DA:113,8
DA:114,8
DA:116,8
LF:32
LH:31
BRDA:37,0,0,3
BRDA:37,0,1,19
BRDA:55,1,0,11
BRDA:55,1,1,11
BRDA:98,2,0,8
BRDA:98,2,1,0
BRF:6
BRH:5
end_of_record
TN:
SF:src/helpers/http.ts
FN:60,(anonymous_4)
FNF:1
FNH:1
FNDA:40,(anonymous_4)
DA:21,17
DA:31,44
DA:60,40
DA:61,40
LF:4
LH:4
BRDA:60,0,0,10
BRDA:63,1,0,40
BRDA:63,1,1,40
BRF:3
BRH:3
end_of_record
TN:
SF:src/helpers/index.ts
FN:12,(anonymous_8)
FN:14,(anonymous_9)
FN:17,(anonymous_10)
FN:18,(anonymous_11)
FN:37,(anonymous_12)
FN:48,(anonymous_13)
FN:55,(anonymous_14)
FN:67,(anonymous_15)
FN:83,(anonymous_16)
FN:90,(anonymous_17)
FN:92,(anonymous_18)
FNF:11
FNH:10
FNDA:122,(anonymous_8)
FNDA:303,(anonymous_9)
FNDA:192,(anonymous_10)
FNDA:192,(anonymous_11)
FNDA:19,(anonymous_12)
FNDA:22,(anonymous_13)
FNDA:2,(anonymous_14)
FNDA:18,(anonymous_15)
FNDA:16,(anonymous_16)
FNDA:5,(anonymous_17)
FNDA:0,(anonymous_18)
DA:1,16
DA:12,122
DA:13,122
DA:15,303
DA:17,192
DA:18,192
DA:20,122
DA:21,26
DA:24,96
DA:37,19
DA:48,22
DA:55,16
DA:67,18
DA:68,18
DA:69,17
DA:71,1
DA:83,16
DA:90,16
DA:91,5
DA:92,5
DA:93,0
DA:94,0
DA:95,0
DA:96,0
DA:101,0
DA:102,0
DA:110,5
LF:27
LH:21
BRDA:15,0,0,303
BRDA:15,0,1,216
BRDA:15,0,2,213
BRDA:20,1,0,26
BRDA:48,2,0,7
BRDA:48,2,1,15
BRDA:68,3,0,17
BRDA:83,4,0,6
BRDA:83,4,1,10
BRDA:93,5,0,0
BRDA:95,6,0,0
BRDA:95,6,1,0
BRF:12
BRH:9
end_of_record
TN:
SF:src/helpers/mdx.ts
FN:45,(anonymous_4)
FN:62,(anonymous_5)
FNF:2
FNH:0
FNDA:0,(anonymous_4)
FNDA:0,(anonymous_5)
DA:1,0
DA:2,0
DA:3,0
DA:4,0
DA:24,0
DA:45,0
DA:46,0
DA:47,0
DA:49,0
DA:62,0
LF:10
LH:0
BRF:0
BRH:0
end_of_record
TN:
SF:src/helpers/mdxjs.tsx
FN:9,(anonymous_5)
FN:9,(anonymous_6)
FN:9,(anonymous_8)
FN:11,(anonymous_9)
FN:28,(anonymous_10)
FN:28,(anonymous_11)
FN:30,(anonymous_13)
FN:33,(anonymous_14)
FN:35,(anonymous_15)
FNF:9
FNH:0
FNDA:0,(anonymous_5)
FNDA:0,(anonymous_6)
FNDA:0,(anonymous_8)
FNDA:0,(anonymous_9)
FNDA:0,(anonymous_10)
FNDA:0,(anonymous_11)
FNDA:0,(anonymous_13)
FNDA:0,(anonymous_14)
FNDA:0,(anonymous_15)
DA:1,0
DA:2,0
DA:3,0
DA:4,0
DA:5,0
DA:6,0
DA:7,0
DA:9,0
DA:11,0
DA:28,0
DA:30,0
DA:33,0
DA:34,0
DA:35,0
DA:40,0
LF:15
LH:0
BRF:0
BRH:0
end_of_record
TN:
SF:src/helpers/searchConsole.ts
FN:12,(anonymous_3)
FNF:1
FNH:1
FNDA:3,(anonymous_3)
DA:1,1
DA:3,1
DA:12,3
DA:13,3
DA:14,2
DA:17,1
DA:25,1
LF:7
LH:7
BRDA:13,0,0,2
BRDA:13,1,0,3
BRDA:13,1,1,2
BRF:3
BRH:3
end_of_record
TN:
SF:src/helpers/slug.ts
FN:17,(anonymous_3)
FN:29,(anonymous_4)
FNF:2
FNH:2
FNDA:20,(anonymous_3)
FNDA:10,(anonymous_4)
DA:9,3
DA:10,3
DA:17,20
DA:18,20
DA:29,10
DA:30,10
LF:6
LH:6
BRDA:18,0,0,20
BRDA:18,0,1,16
BRDA:18,0,2,15
BRDA:18,0,3,12
BRDA:18,0,4,11
BRDA:30,1,0,10
BRDA:30,1,1,9
BRDA:30,1,2,7
BRF:8
BRH:8
end_of_record
TN:
SF:src/hooks/useAnalytics.ts
FN:28,(anonymous_2)
FN:32,(anonymous_3)
FNF:2
FNH:2
FNDA:12,(anonymous_2)
FNDA:11,(anonymous_3)
DA:1,4
DA:2,4
DA:3,4
DA:4,4
DA:5,4
DA:8,4
DA:26,4
DA:28,4
DA:29,12
DA:30,12
DA:32,12
DA:33,11
DA:34,11
DA:35,11
DA:38,12
DA:45,12
DA:52,12
LF:17
LH:17
BRDA:30,0,0,11
BRDA:30,0,1,1
BRDA:34,1,0,7
BRDA:34,1,1,4
BRDA:39,2,0,8
BRDA:39,2,1,4
BRDA:46,3,0,12
BRDA:46,3,1,0
BRF:8
BRH:7
end_of_record
TN:
SF:src/hooks/useDarkMode.ts
FN:26,(anonymous_4)
FN:29,(anonymous_5)
FN:50,(anonymous_6)
FN:60,(anonymous_7)
FN:63,(anonymous_8)
FN:69,(anonymous_9)
FN:70,(anonymous_10)
FNF:7
FNH:5
FNDA:3,(anonymous_4)
FNDA:1,(anonymous_5)
FNDA:0,(anonymous_6)
FNDA:0,(anonymous_7)
FNDA:3,(anonymous_8)
FNDA:2,(anonymous_9)
FNDA:2,(anonymous_10)
DA:1,1
DA:3,1
DA:9,1
DA:26,1
DA:27,3
DA:29,3
DA:30,1
DA:32,0
DA:36,0
DA:37,0
DA:38,0
DA:43,0
DA:44,0
DA:46,0
DA:50,0
DA:51,0
DA:52,0
DA:53,0
DA:55,0
DA:57,0
DA:59,0
DA:60,0
DA:63,3
DA:64,3
DA:65,2
DA:69,3
DA:70,2
DA:71,2
DA:72,2
DA:73,2
DA:77,2
DA:81,3
DA:84,3
LF:33
LH:18
BRDA:30,0,0,1
BRDA:30,1,0,1
BRDA:30,1,1,1
BRDA:43,2,0,0
BRDA:43,2,1,0
BRDA:43,3,0,0
BRDA:43,3,1,0
BRDA:46,4,0,0
BRDA:46,4,1,0
BRDA:57,5,0,0
BRDA:57,6,0,0
BRDA:57,6,1,0
BRDA:64,7,0,2
BRDA:64,8,0,3
BRDA:64,8,1,3
BRDA:71,9,0,1
BRDA:71,9,1,1
BRF:17
BRH:8
end_of_record
TN:
SF:src/hooks/useGithubStars.ts
FN:16,(anonymous_2)
FNF:1
FNH:1
FNDA:1,(anonymous_2)
DA:1,2
DA:2,2
DA:3,2
DA:12,2
DA:14,2
DA:16,2
DA:21,1
DA:26,1
DA:33,2
LF:9
LH:9
BRF:0
BRH:0
end_of_record
TN:
SF:src/hooks/useHeating.ts
FN:15,(anonymous_2)
FNF:1
FNH:1
FNDA:8,(anonymous_2)
DA:1,4
DA:2,4
DA:3,4
DA:6,4
DA:8,4
DA:13,4
DA:15,4
DA:20,8
DA:27,8
DA:34,8
LF:10
LH:10
BRDA:28,0,0,8
BRDA:28,0,1,0
BRF:2
BRH:1
end_of_record
TN:
SF:src/hooks/useIndexedPages.ts
FN:10,(anonymous_2)
FNF:1
FNH:1
FNDA:8,(anonymous_2)
DA:1,4
DA:2,4
DA:3,4
DA:6,4
DA:8,4
DA:10,4
DA:15,8
DA:22,8
DA:29,8
LF:9
LH:9
BRF:0
BRH:0
end_of_record
TN:
SF:src/hooks/useNews.ts
FN:9,(anonymous_2)
FN:16,(anonymous_3)
FNF:2
FNH:2
FNDA:6,(anonymous_2)
FNDA:6,(anonymous_3)
DA:1,4
DA:2,4
DA:3,4
DA:4,4
DA:7,4
DA:9,4
DA:16,6
DA:17,6
DA:18,6
DA:19,6
DA:22,6
DA:37,6
DA:44,6
LF:13
LH:13
BRF:0
BRH:0
end_of_record
TN:
SF:src/hooks/usePrefersReducedMotion.ts
FN:16,(anonymous_2)
FN:19,(anonymous_3)
FN:23,(anonymous_4)
FN:25,(anonymous_5)
FNF:4
FNH:4
FNDA:6,(anonymous_2)
FNDA:4,(anonymous_3)
FNDA:1,(anonymous_4)
FNDA:4,(anonymous_5)
DA:1,1
DA:16,1
DA:17,6
DA:19,6
DA:20,4
DA:21,4
DA:23,4
DA:24,4
DA:25,4
DA:28,6
DA:31,6
LF:11
LH:11
BRF:0
BRH:0
end_of_record
TN:
SF:src/hooks/useSideShift.ts
FN:14,(anonymous_2)
FN:25,(anonymous_3)
FN:34,(anonymous_4)
FN:48,(anonymous_5)
FN:49,(anonymous_6)
FN:53,(anonymous_7)
FN:54,(anonymous_8)
FNF:7
FNH:7
FNDA:16,(anonymous_2)
FNDA:4,(anonymous_3)
FNDA:1,(anonymous_4)
FNDA:4,(anonymous_5)
FNDA:4,(anonymous_6)
FNDA:1,(anonymous_7)
FNDA:1,(anonymous_8)
DA:1,1
DA:14,1
DA:22,16
DA:23,16
DA:25,16
DA:28,4
DA:29,4
DA:30,3
DA:31,3
DA:34,16
DA:35,1
DA:36,1
DA:37,1
DA:38,1
DA:48,16
DA:49,4
DA:50,4
DA:53,16
DA:54,1
DA:55,1
DA:58,16
DA:61,16
LF:22
LH:22
BRDA:29,0,0,1
BRDA:36,1,0,0
BRF:2
BRH:1
end_of_record
TN:
SF:src/hooks/useSurvey.ts
FN:29,(anonymous_2)
FN:55,(anonymous_3)
FN:64,(anonymous_4)
FN:77,(anonymous_5)
FN:79,(anonymous_6)
FN:83,(anonymous_7)
FN:88,(anonymous_8)
FNF:7
FNH:7
FNDA:12,(anonymous_2)
FNDA:17,(anonymous_3)
FNDA:20,(anonymous_4)
FNDA:8,(anonymous_5)
FNDA:2,(anonymous_6)
FNDA:1,(anonymous_7)
FNDA:11,(anonymous_8)
DA:1,1
DA:2,1
DA:3,1
DA:4,1
DA:22,1
DA:29,1
DA:30,12
DA:31,12
DA:32,12
DA:34,12
DA:36,0
DA:41,1
DA:46,11
DA:47,11
DA:50,11
DA:55,17
DA:58,0
DA:60,0
DA:64,1
DA:65,20
DA:69,20
DA:70,20
DA:73,20
DA:75,20
DA:77,20
DA:79,20
DA:80,2
DA:83,20
DA:84,1
DA:85,0
DA:88,20
DA:93,11
DA:95,20
DA:108,20
LF:34
LH:30
BRDA:30,0,0,11
BRDA:30,0,1,1
BRDA:34,1,0,0
BRDA:34,1,1,1
BRDA:34,1,2,11
BRDA:34,1,3,0
BRDA:46,2,0,11
BRDA:54,3,0,3
BRDA:54,3,1,8
BRDA:55,4,0,11
BRDA:55,4,1,9
BRDA:69,5,0,20
BRDA:69,5,1,20
BRDA:69,6,0,0
BRDA:69,6,1,20
BRDA:80,7,0,1
BRDA:84,8,0,0
BRDA:84,9,0,1
BRDA:84,9,1,1
BRF:19
BRH:15
end_of_record
TN:
SF:src/hooks/useWeather.ts
FN:28,(anonymous_2)
FN:35,(anonymous_3)
FNF:2
FNH:2
FNDA:7,(anonymous_2)
FNDA:6,(anonymous_3)
DA:1,4
DA:2,4
DA:3,4
DA:4,4
DA:14,4
DA:26,4
DA:28,4
DA:35,7
DA:36,6
DA:37,6
DA:38,6
DA:41,7
DA:48,7
DA:55,7
LF:14
LH:14
BRF:0
BRH:0
end_of_record
TN:
SF:src/hooks/useWindowResize.ts
FN:13,useWindowResize
FN:34,(anonymous_3)
FN:37,(anonymous_4)
FN:47,(anonymous_5)
FN:58,(anonymous_6)
FN:67,(anonymous_7)
FNF:6
FNH:5
FNDA:6,useWindowResize
FNDA:3,(anonymous_3)
FNDA:3,(anonymous_4)
FNDA:3,(anonymous_5)
FNDA:0,(anonymous_6)
FNDA:3,(anonymous_7)
DA:1,1
DA:2,1
DA:14,6
DA:34,6
DA:35,3
DA:37,3
DA:38,3
DA:39,3
DA:47,3
DA:48,3
DA:58,3
DA:59,0
DA:60,0
DA:63,3
DA:65,3
DA:67,3
DA:68,3
DA:69,3
DA:73,6
DA:82,6
LF:20
LH:18
BRDA:41,0,0,3
BRDA:41,0,1,2
BRDA:48,1,0,0
BRDA:48,1,1,3
BRDA:48,2,0,3
BRDA:48,2,1,0
BRDA:48,2,2,0
BRDA:48,2,3,0
BRDA:48,2,4,0
BRDA:59,3,0,0
BRDA:68,4,0,0
BRDA:76,5,0,6
BRDA:76,5,1,5
BRF:13
BRH:6
end_of_record
TN:
SF:src/hooks/useXRP.ts
FN:10,(anonymous_2)
FNF:1
FNH:1
FNDA:5,(anonymous_2)
DA:1,2
DA:2,2
DA:3,2
DA:6,2
DA:8,2
DA:10,2
DA:15,5
DA:25,5
DA:32,5
LF:9
LH:9
BRF:0
BRH:0
end_of_record
TN:
SF:src/pages/api/analytics.ts
FN:48,(anonymous_2)
FN:70,(anonymous_3)
FN:84,handler
FNF:3
FNH:3
FNDA:8,(anonymous_2)
FNDA:9,(anonymous_3)
FNDA:11,handler
DA:3,1
DA:4,1
DA:5,1
DA:6,1
DA:34,1
DA:36,1
DA:37,1
DA:39,1
DA:48,1
DA:49,8
DA:50,8
DA:64,1
DA:70,9
DA:84,11
DA:86,11
DA:87,1
DA:90,10
DA:93,10
DA:94,1
DA:95,1
DA:99,9
DA:104,0
DA:105,0
DA:106,0
DA:109,9
DA:110,9
DA:118,9
DA:119,7
DA:121,7
DA:125,3
DA:126,2
DA:127,2
DA:131,1
DA:132,1
DA:135,4
DA:136,4
DA:141,2
DA:142,2
DA:143,2
LF:39
LH:36
BRDA:50,0,0,7
BRDA:50,0,1,1
BRDA:74,1,0,9
BRDA:74,1,1,3
BRDA:86,2,0,1
BRDA:93,3,0,1
BRDA:93,4,0,10
BRDA:93,4,1,4
BRDA:99,5,0,0
BRDA:100,6,0,9
BRDA:100,6,1,9
BRDA:100,6,2,9
BRDA:119,7,0,7
BRDA:119,7,1,0
BRDA:121,8,0,3
BRDA:125,9,0,2
BRF:16
BRH:14
end_of_record
TN:
SF:src/pages/api/deployments.ts
FN:31,(anonymous_2)
FN:43,(anonymous_3)
FN:70,handler
FN:74,(anonymous_5)
FNF:4
FNH:4
FNDA:9,(anonymous_2)
FNDA:6,(anonymous_3)
FNDA:7,handler
FNDA:21,(anonymous_5)
DA:2,1
DA:3,1
DA:4,1
DA:5,1
DA:31,1
DA:32,9
DA:41,1
DA:43,1
DA:44,6
DA:45,6
DA:46,6
DA:47,6
DA:49,6
DA:58,6
DA:59,1
DA:62,5
DA:63,5
DA:64,0
DA:67,5
DA:70,7
DA:74,21
DA:75,7
DA:76,1
DA:77,1
DA:78,1
DA:81,6
DA:82,6
DA:88,5
DA:89,1
DA:96,4
DA:97,4
DA:98,1
DA:101,3
DA:102,3
DA:121,3
DA:122,3
DA:123,3
LF:37
LH:36
BRDA:32,0,0,9
BRDA:32,0,1,0
BRDA:58,1,0,1
BRDA:63,2,0,0
BRDA:75,3,0,1
BRDA:88,4,0,1
BRDA:96,5,0,4
BRDA:96,5,1,0
BRDA:97,6,0,1
BRDA:98,7,0,1
BRDA:98,7,1,0
BRDA:114,8,0,3
BRDA:114,8,1,1
BRF:13
BRH:9
end_of_record
TN:
SF:src/pages/api/github-stars.ts
FN:26,handler
FNF:1
FNH:1
FNDA:4,handler
DA:2,1
DA:3,1
DA:4,1
DA:6,1
DA:8,1
DA:26,4
DA:27,4
DA:30,4
DA:31,2
DA:32,2
DA:38,2
DA:39,2
DA:40,2
LF:13
LH:13
BRF:0
BRH:0
end_of_record
TN:
SF:src/pages/api/heating.ts
FN:44,handler
FN:60,(anonymous_3)
FN:92,(anonymous_4)
FN:111,(anonymous_5)
FN:112,(anonymous_6)
FNF:5
FNH:5
FNDA:12,handler
FNDA:9,(anonymous_3)
FNDA:9,(anonymous_4)
FNDA:7,(anonymous_5)
FNDA:8,(anonymous_6)
DA:2,10
DA:3,10
DA:31,10
DA:35,10
DA:44,10
DA:49,12
DA:50,12
DA:51,2
DA:52,2
DA:53,2
DA:60,10
DA:61,9
DA:73,9
DA:74,9
DA:75,9
DA:77,9
DA:78,2
DA:81,7
DA:82,7
DA:83,7
DA:92,10
DA:93,9
DA:104,9
DA:105,9
DA:106,9
DA:107,2
DA:110,7
DA:111,7
DA:112,8
DA:116,10
DA:117,10
DA:120,10
DA:121,2
DA:122,2
DA:127,1
DA:128,1
DA:131,8
DA:134,7
DA:135,7
DA:137,3
DA:138,3
DA:139,3
LF:42
LH:42
BRDA:50,0,0,2
BRDA:77,1,0,2
BRDA:77,2,0,9
BRDA:77,2,1,7
BRDA:106,3,0,2
BRDA:111,4,0,7
BRDA:111,4,1,1
BRDA:112,5,0,7
BRDA:112,5,1,6
BRDA:117,6,0,2
BRDA:117,6,1,8
BRDA:117,7,0,10
BRDA:117,7,1,2
BRDA:120,8,0,2
BRDA:120,8,1,8
BRF:15
BRH:15
end_of_record
TN:
SF:src/pages/api/indexed-pages.ts
FN:16,(anonymous_2)
FN:22,(anonymous_3)
FN:48,(anonymous_4)
FN:60,handler
FNF:4
FNH:4
FNDA:4,(anonymous_2)
FNDA:4,(anonymous_3)
FNDA:3,(anonymous_4)
FNDA:4,handler
DA:2,1
DA:3,1
DA:4,1
DA:5,1
DA:6,1
DA:7,1
DA:16,1
DA:17,4
DA:18,4
DA:19,2
DA:22,4
DA:23,2
DA:24,2
DA:26,2
DA:39,1
DA:48,1
DA:49,3
DA:50,2
DA:60,4
DA:61,4
DA:62,4
DA:63,3
DA:64,1
DA:65,1
DA:68,1
DA:71,3
DA:72,3
DA:73,3
DA:75,1
DA:76,1
LF:30
LH:30
BRDA:18,0,0,2
BRDA:39,1,0,1
BRDA:39,1,1,0
BRDA:50,2,0,2
BRDA:50,2,1,0
BRDA:63,3,0,1
BRDA:63,4,0,3
BRDA:63,4,1,1
BRF:8
BRH:6
end_of_record
TN:
SF:src/pages/api/news.ts
FN:36,(anonymous_2)
FN:70,(anonymous_3)
FN:82,(anonymous_4)
FN:95,handler
FNF:4
FNH:4
FNDA:2,(anonymous_2)
FNDA:2,(anonymous_3)
FNDA:2,(anonymous_4)
FNDA:3,handler
DA:3,1
DA:4,1
DA:5,1
DA:6,1
DA:22,1
DA:25,1
DA:36,1
DA:37,2
DA:39,2
DA:40,2
DA:41,2
DA:42,2
DA:43,2
DA:45,2
DA:49,2
DA:50,0
DA:56,2
DA:57,2
DA:58,0
DA:61,2
DA:62,2
DA:63,0
DA:65,2
DA:66,2
DA:68,2
DA:71,2
DA:72,2
DA:73,2
DA:82,2
DA:84,2
DA:95,3
DA:97,3
DA:98,0
DA:101,3
DA:102,3
DA:105,3
DA:106,0
DA:109,3
DA:110,1
DA:113,2
DA:114,2
DA:115,2
DA:116,2
DA:118,0
DA:119,0
DA:120,0
LF:46
LH:38
BRDA:49,0,0,0
BRDA:56,1,0,2
BRDA:56,1,1,2
BRDA:57,2,0,0
BRDA:62,3,0,0
BRDA:71,4,0,2
BRDA:71,4,1,1
BRDA:72,5,0,1
BRDA:72,5,1,1
BRDA:74,6,0,2
BRDA:74,6,1,0
BRDA:76,7,0,2
BRDA:76,7,1,1
BRDA:77,8,0,2
BRDA:77,8,1,0
BRDA:79,9,0,1
BRDA:79,9,1,1
BRDA:79,10,0,2
BRDA:79,10,1,1
BRDA:82,11,0,2
BRDA:82,11,1,1
BRDA:97,12,0,0
BRDA:105,13,0,0
BRDA:105,14,0,3
BRDA:105,14,1,3
BRDA:109,15,0,1
BRF:26
BRH:19
end_of_record
TN:
SF:src/pages/api/weather.ts
FN:66,(anonymous_2)
FN:81,(anonymous_3)
FN:146,handler
FN:163,(anonymous_5)
FN:174,(anonymous_6)
FN:198,(anonymous_7)
FN:200,(anonymous_8)
FN:201,(anonymous_9)
FN:204,(anonymous_10)
FNF:9
FNH:8
FNDA:0,(anonymous_2)
FNDA:7,(anonymous_3)
FNDA:5,handler
FNDA:7,(anonymous_5)
FNDA:7,(anonymous_6)
FNDA:7,(anonymous_7)
FNDA:7,(anonymous_8)
FNDA:3,(anonymous_9)
FNDA:3,(anonymous_10)
DA:3,1
DA:4,1
DA:5,1
DA:6,1
DA:7,1
DA:8,1
DA:17,1
DA:42,1
DA:66,1
DA:81,1
DA:82,7
DA:84,7
DA:85,7
DA:86,7
DA:87,7
DA:88,7
DA:90,7
DA:91,4
DA:92,0
DA:94,4
DA:95,4
DA:96,1
DA:98,3
DA:99,3
DA:100,0
DA:101,0
DA:104,3
DA:105,3
DA:106,3
DA:107,3
DA:112,3
DA:113,3
DA:114,0
DA:116,3
DA:117,3
DA:118,0
DA:120,3
DA:121,3
DA:122,0
DA:123,0
DA:126,3
DA:146,5
DA:148,5
DA:149,0
DA:152,5
DA:153,5
DA:156,5
DA:157,0
DA:161,5
DA:163,7
DA:166,5
DA:167,0
DA:170,5
DA:171,0
DA:174,7
DA:176,5
DA:177,0
DA:197,5
DA:198,7
DA:199,5
DA:200,7
DA:201,3
DA:203,5
DA:204,2
DA:205,3
DA:207,2
DA:208,2
DA:211,3
DA:212,3
DA:214,0
DA:215,0
DA:216,0
LF:72
LH:57
BRDA:82,0,0,7
BRDA:82,0,1,0
BRDA:91,1,0,0
BRDA:95,2,0,1
BRDA:99,3,0,0
BRDA:113,4,0,0
BRDA:117,5,0,0
BRDA:121,6,0,0
BRDA:128,7,0,3
BRDA:128,7,1,1
BRDA:133,8,0,2
BRDA:133,8,1,1
BRDA:148,9,0,0
BRDA:153,10,0,0
BRDA:156,11,0,0
BRDA:156,12,0,5
BRDA:156,12,1,5
BRDA:166,13,0,0
BRDA:170,14,0,0
BRDA:176,15,0,0
BRDA:203,16,0,2
BRDA:205,17,0,3
BRF:22
BRH:10
end_of_record
TN:
SF:src/pages/api/xrp.ts
FN:14,handler
FNF:1
FNH:1
FNDA:4,handler
DA:2,1
DA:3,1
DA:4,1
DA:5,1
DA:6,1
DA:14,4
DA:15,4
DA:17,4
DA:28,4
DA:29,1
DA:37,3
DA:38,3
DA:39,1
DA:42,2
DA:43,2
DA:44,2
DA:45,2
DA:47,2
DA:48,2
DA:54,2
DA:55,0
DA:57,2
DA:58,2
LF:23
LH:22
BRDA:28,0,0,1
BRDA:38,1,0,1
BRDA:44,2,0,1
BRDA:44,2,1,1
BRDA:45,3,0,1
BRDA:45,3,1,1
BRDA:54,4,0,0
BRF:7
BRH:6
end_of_record
