TN:
SF:scripts/trending/lib.js
FN:44,(anonymous_9)
FN:46,(anonymous_10)
FN:55,(anonymous_11)
FN:69,(anonymous_12)
FN:72,(anonymous_13)
FN:89,(anonymous_14)
FN:90,(anonymous_15)
FN:93,(anonymous_16)
FN:100,(anonymous_17)
FN:101,(anonymous_18)
FN:110,(anonymous_19)
FN:111,(anonymous_20)
FN:120,(anonymous_21)
FN:121,(anonymous_22)
FN:130,(anonymous_23)
FN:131,(anonymous_24)
FN:143,(anonymous_25)
FN:144,(anonymous_26)
FN:147,(anonymous_27)
FN:164,(anonymous_28)
FN:173,(anonymous_29)
FN:194,(anonymous_30)
FN:205,(anonymous_31)
FN:227,(anonymous_32)
FN:235,(anonymous_33)
FNF:25
FNH:25
FNDA:5,(anonymous_9)
FNDA:125,(anonymous_10)
FNDA:5,(anonymous_11)
FNDA:3,(anonymous_12)
FNDA:2,(anonymous_13)
FNDA:6,(anonymous_14)
FNDA:3,(anonymous_15)
FNDA:3,(anonymous_16)
FNDA:1,(anonymous_17)
FNDA:1,(anonymous_18)
FNDA:1,(anonymous_19)
FNDA:1,(anonymous_20)
FNDA:1,(anonymous_21)
FNDA:1,(anonymous_22)
FNDA:1,(anonymous_23)
FNDA:1,(anonymous_24)
FNDA:1,(anonymous_25)
FNDA:1,(anonymous_26)
FNDA:1,(anonymous_27)
FNDA:1,(anonymous_28)
FNDA:1,(anonymous_29)
FNDA:1,(anonymous_30)
FNDA:1,(anonymous_31)
FNDA:1,(anonymous_32)
FNDA:1,(anonymous_33)
DA:4,1
DA:44,2
DA:45,5
DA:46,125
DA:55,3
DA:56,5
DA:57,5
DA:58,4
DA:59,4
DA:69,3
DA:70,3
DA:71,3
DA:72,2
DA:73,2
DA:75,2
DA:76,2
DA:80,1
DA:81,1
DA:89,4
DA:90,6
DA:91,3
DA:93,6
DA:94,5
DA:95,5
DA:99,5
DA:101,1
DA:111,1
DA:121,1
DA:131,1
DA:144,1
DA:145,1
DA:146,1
DA:147,1
DA:148,1
DA:164,1
DA:165,1
DA:166,1
DA:167,3
DA:168,3
DA:170,1
DA:173,1
DA:174,1
DA:194,1
DA:195,1
DA:205,1
DA:206,1
DA:225,1
DA:226,1
DA:227,1
DA:228,1
DA:230,1
DA:233,1
DA:234,1
DA:235,1
DA:236,1
DA:238,1
DA:241,1
LF:57
LH:57
BRDA:44,0,0,5
BRDA:45,1,0,5
BRDA:45,1,1,0
BRDA:55,2,0,5
BRDA:57,3,0,1
BRDA:70,4,0,3
BRDA:70,4,1,3
BRDA:71,5,0,1
BRDA:73,6,0,1
BRDA:73,6,1,1
BRDA:90,7,0,6
BRDA:90,7,1,3
BRDA:91,8,0,1
BRDA:91,8,1,2
BRDA:91,9,0,2
BRDA:91,9,1,0
BRDA:93,10,0,1
BRDA:94,11,0,5
BRDA:94,11,1,0
BRDA:94,12,0,5
BRDA:94,12,1,1
BRDA:101,13,0,1
BRDA:101,13,1,0
BRDA:102,14,0,1
BRDA:102,14,1,0
BRDA:103,15,0,1
BRDA:103,15,1,1
BRDA:105,16,0,1
BRDA:105,16,1,0
BRDA:105,17,0,1
BRDA:105,17,1,0
BRDA:106,18,0,1
BRDA:106,18,1,0
BRDA:106,19,0,1
BRDA:106,19,1,0
BRDA:108,20,0,1
BRDA:108,20,1,1
BRDA:111,21,0,1
BRDA:111,21,1,0
BRDA:112,22,0,1
BRDA:112,22,1,0
BRDA:113,23,0,1
BRDA:113,23,1,0
BRDA:115,24,0,1
BRDA:115,24,1,0
BRDA:115,25,0,1
BRDA:115,25,1,0
BRDA:116,26,0,1
BRDA:116,26,1,0
BRDA:116,27,0,1
BRDA:116,27,1,0
BRDA:118,28,0,1
BRDA:118,28,1,0
BRDA:121,29,0,1
BRDA:121,29,1,0
BRDA:122,30,0,1
BRDA:122,30,1,0
BRDA:123,31,0,1
BRDA:123,31,1,0
BRDA:125,32,0,1
BRDA:125,32,1,0
BRDA:125,33,0,1
BRDA:125,33,1,0
BRDA:126,34,0,1
BRDA:126,34,1,0
BRDA:126,35,0,1
BRDA:126,35,1,0
BRDA:127,36,0,1
BRDA:127,36,1,0
BRDA:128,37,0,1
BRDA:128,37,1,0
BRDA:131,38,0,1
BRDA:131,38,1,0
BRDA:132,39,0,1
BRDA:132,39,1,0
BRDA:133,40,0,1
BRDA:133,40,1,0
BRDA:135,41,0,1
BRDA:135,41,1,0
BRDA:136,42,0,1
BRDA:136,42,1,0
BRDA:138,43,0,1
BRDA:138,43,1,0
BRDA:144,44,0,1
BRDA:144,44,1,0
BRDA:145,45,0,1
BRDA:145,45,1,0
BRDA:145,46,0,1
BRDA:145,46,1,0
BRDA:146,47,0,1
BRDA:146,47,1,0
BRDA:147,48,0,1
BRDA:147,48,1,0
BRDA:147,49,0,0
BRDA:147,49,1,1
BRDA:147,50,0,1
BRDA:147,50,1,0
BRDA:149,51,0,1
BRDA:149,51,1,0
BRDA:149,52,0,1
BRDA:149,52,1,0
BRDA:149,53,0,0
BRDA:149,53,1,0
BRDA:150,54,0,1
BRDA:150,54,1,0
BRDA:152,55,0,1
BRDA:152,55,1,0
BRDA:153,56,0,1
BRDA:153,56,1,0
BRDA:154,57,0,1
BRDA:154,57,1,0
BRDA:168,58,0,3
BRDA:168,59,0,3
BRDA:168,59,1,1
BRDA:194,60,0,0
BRDA:194,61,0,0
BRDA:225,62,0,1
BRDA:233,63,0,1
BRF:118
BRH:69
end_of_record
TN:
SF:src/components/Avatar/index.tsx
FN:21,(anonymous_2)
FNF:1
FNH:1
FNDA:1,(anonymous_2)
DA:1,1
DA:2,1
DA:21,1
DA:33,1
LF:4
LH:4
BRF:0
BRH:0
end_of_record
TN:
SF:src/components/BackgroundImage/index.tsx
FN:12,(anonymous_2)
FNF:1
FNH:1
FNDA:4,(anonymous_2)
DA:1,3
DA:2,3
DA:3,3
DA:4,3
DA:12,3
DA:13,4
DA:43,4
LF:7
LH:7
BRF:0
BRH:0
end_of_record
TN:
SF:src/components/Blog/ArticlePanel/index.tsx
FN:25,(anonymous_2)
FN:50,(anonymous_3)
FNF:2
FNH:2
FNDA:2,(anonymous_2)
FNDA:2,(anonymous_3)
DA:1,1
DA:2,1
DA:3,1
DA:4,1
DA:5,1
DA:6,1
DA:7,1
DA:8,1
DA:9,1
DA:10,1
DA:11,1
DA:12,1
DA:25,1
DA:26,2
DA:50,1
DA:70,2
LF:16
LH:16
BRF:0
BRH:0
end_of_record
TN:
SF:src/components/Blog/AsidePanel/index.tsx
FN:11,(anonymous_2)
FNF:1
FNH:1
FNDA:1,(anonymous_2)
DA:1,1
DA:2,1
DA:3,1
DA:11,1
DA:21,1
LF:5
LH:5
BRF:0
BRH:0
end_of_record
TN:
SF:src/components/Blog/NavList/index.tsx
FN:27,(anonymous_2)
FN:43,(anonymous_3)
FNF:2
FNH:2
FNDA:3,(anonymous_2)
FNDA:2,(anonymous_3)
DA:1,1
DA:2,1
DA:3,1
DA:27,1
DA:28,3
DA:30,2
DA:31,2
DA:52,2
DA:55,2
DA:75,3
LF:10
LH:10
BRDA:28,0,0,1
BRDA:30,1,0,0
BRDA:30,2,0,2
BRDA:30,2,1,1
BRDA:31,3,0,0
BRDA:31,4,0,2
BRDA:31,4,1,1
BRDA:52,5,0,1
BRDA:52,5,1,1
BRDA:59,6,0,1
BRDA:59,6,1,1
BRDA:60,7,0,1
BRDA:60,7,1,1
BRDA:62,8,0,1
BRDA:62,8,1,1
BRDA:63,9,0,1
BRDA:63,9,1,1
BRF:17
BRH:15
end_of_record
TN:
SF:src/components/Blog/PostByline/index.tsx
FN:25,(anonymous_2)
FN:29,(anonymous_3)
FN:67,(anonymous_5)
FNF:3
FNH:0
FNDA:0,(anonymous_2)
FNDA:0,(anonymous_3)
FNDA:0,(anonymous_5)
DA:1,0
DA:2,0
DA:3,0
DA:4,0
DA:5,0
DA:6,0
DA:25,0
DA:26,0
DA:27,0
DA:29,0
DA:52,0
DA:67,0
DA:72,0
LF:13
LH:0
BRDA:33,0,0,0
BRDA:33,0,1,0
BRDA:34,1,0,0
BRDA:34,1,1,0
BRF:4
BRH:0
end_of_record
TN:
SF:src/components/Blog/PostList/index.tsx
FN:24,(anonymous_2)
FN:33,(anonymous_3)
FNF:2
FNH:2
FNDA:3,(anonymous_2)
FNDA:2,(anonymous_3)
DA:1,1
DA:2,1
DA:24,1
DA:25,3
DA:27,2
DA:28,2
DA:43,2
DA:54,3
LF:8
LH:8
BRDA:25,0,0,1
BRDA:27,1,0,0
BRDA:27,2,0,2
BRDA:27,2,1,2
BRDA:28,3,0,0
BRDA:28,4,0,2
BRDA:28,4,1,2
BRDA:43,5,0,2
BRDA:43,5,1,0
BRF:9
BRH:6
end_of_record
TN:
SF:src/components/Blog/StarCounter/index.tsx
FN:14,(anonymous_2)
FNF:1
FNH:1
FNDA:3,(anonymous_2)
DA:1,1
DA:2,1
DA:3,1
DA:4,1
DA:5,1
DA:6,1
DA:7,1
DA:14,1
DA:15,3
DA:16,3
DA:43,3
LF:11
LH:11
BRF:0
BRH:0
end_of_record
TN:
SF:src/components/Blog/ViewCounter/index.tsx
FN:16,(anonymous_2)
FNF:1
FNH:1
FNDA:7,(anonymous_2)
DA:1,3
DA:2,3
DA:3,3
DA:4,3
DA:5,3
DA:6,3
DA:7,3
DA:8,3
DA:16,3
DA:17,7
DA:18,7
DA:73,6
LF:12
LH:12
BRDA:31,0,0,5
BRDA:31,0,1,2
BRDA:33,1,0,5
BRDA:33,1,1,2
BRDA:43,2,0,5
BRDA:43,2,1,2
BRDA:46,3,0,7
BRF:7
BRH:7
end_of_record
TN:
SF:src/components/ControlButtons/index.tsx
FN:25,(anonymous_2)
FNF:1
FNH:1
FNDA:8,(anonymous_2)
DA:1,3
DA:2,3
DA:3,3
DA:4,3
DA:25,3
DA:26,8
DA:81,8
LF:7
LH:7
BRDA:41,0,0,0
BRDA:41,0,1,8
BRDA:67,1,0,8
BRDA:67,1,1,4
BRDA:72,2,0,4
BRDA:72,2,1,4
BRF:6
BRH:5
end_of_record
TN:
SF:src/components/CookieConsent/index.tsx
FN:23,(anonymous_5)
FN:40,(anonymous_6)
FN:44,(anonymous_7)
FN:56,(anonymous_8)
FN:66,(anonymous_9)
FN:67,(anonymous_10)
FN:71,(anonymous_11)
FN:73,(anonymous_12)
FN:77,(anonymous_13)
FNF:9
FNH:9
FNDA:3,(anonymous_5)
FNDA:17,(anonymous_6)
FNDA:8,(anonymous_7)
FNDA:3,(anonymous_8)
FNDA:1,(anonymous_9)
FNDA:2,(anonymous_10)
FNDA:17,(anonymous_11)
FNDA:1,(anonymous_12)
FNDA:6,(anonymous_13)
DA:1,1
DA:2,1
DA:3,1
DA:4,1
DA:5,1
DA:6,1
DA:13,4
DA:23,3
DA:40,1
DA:41,17
DA:42,17
DA:44,17
DA:47,8
DA:48,8
DA:56,17
DA:57,3
DA:58,3
DA:62,3
DA:63,3
DA:66,17
DA:67,17
DA:71,17
DA:72,17
DA:73,6
DA:74,1
DA:76,6
DA:77,6
DA:80,17
DA:123,8
LF:29
LH:29
BRDA:72,0,0,11
BRDA:74,1,0,1
BRDA:80,2,0,11
BRF:3
BRH:3
end_of_record
TN:
SF:src/components/CountDown/index.tsx
FN:28,(anonymous_2)
FN:61,(anonymous_3)
FN:72,(anonymous_4)
FN:73,(anonymous_5)
FN:77,(anonymous_6)
FNF:5
FNH:5
FNDA:2,(anonymous_2)
FNDA:7,(anonymous_3)
FNDA:6,(anonymous_4)
FNDA:2,(anonymous_5)
FNDA:6,(anonymous_6)
DA:1,3
DA:2,3
DA:3,3
DA:4,3
DA:28,3
DA:33,2
DA:34,2
DA:35,2
DA:36,2
DA:37,2
DA:38,2
DA:39,2
DA:41,2
DA:42,1
DA:52,2
DA:61,3
DA:62,7
DA:63,7
DA:72,7
DA:73,6
DA:74,2
DA:77,6
DA:115,6
LF:23
LH:23
BRDA:31,0,0,2
BRDA:41,1,0,1
BRDA:43,2,0,1
BRDA:43,2,1,0
BRDA:44,3,0,1
BRDA:44,3,1,0
BRDA:45,4,0,1
BRDA:45,4,1,0
BRDA:46,5,0,1
BRDA:46,5,1,0
BRDA:47,6,0,1
BRDA:47,6,1,0
BRDA:48,7,0,1
BRDA:48,7,1,0
BRDA:110,8,0,7
BRF:15
BRH:9
end_of_record
TN:
SF:src/components/CryptoPrice/index.tsx
FN:14,(anonymous_2)
FNF:1
FNH:1
FNDA:3,(anonymous_2)
DA:1,2
DA:2,2
DA:3,2
DA:4,2
DA:5,2
DA:6,2
DA:7,2
DA:14,2
DA:15,3
DA:16,3
DA:50,3
LF:11
LH:11
BRDA:29,0,0,3
BRDA:29,0,1,0
BRDA:29,1,0,3
BRDA:29,1,1,0
BRDA:29,2,0,3
BRDA:29,2,1,0
BRDA:42,3,0,3
BRDA:42,3,1,0
BRF:8
BRH:4
end_of_record
TN:
SF:src/components/Date/index.tsx
FN:16,(anonymous_2)
FNF:1
FNH:1
FNDA:1,(anonymous_2)
DA:1,1
DA:2,1
DA:3,1
DA:16,1
DA:17,1
DA:31,1
LF:6
LH:6
BRF:0
BRH:0
end_of_record
TN:
SF:src/components/DeploymentStatus/index.tsx
FN:11,(anonymous_2)
FN:26,(anonymous_3)
FN:41,(anonymous_4)
FNF:3
FNH:3
FNDA:2,(anonymous_2)
FNDA:7,(anonymous_3)
FNDA:7,(anonymous_4)
DA:1,3
DA:2,3
DA:3,3
DA:4,3
DA:5,3
DA:6,3
DA:9,3
DA:11,3
DA:12,2
DA:13,2
DA:14,0
DA:16,2
DA:17,0
DA:26,3
DA:27,7
DA:28,7
DA:41,3
DA:42,7
DA:43,7
DA:45,7
DA:46,7
DA:47,7
DA:48,7
DA:74,5
LF:24
LH:22
BRDA:13,0,0,0
BRDA:30,1,0,7
BRDA:30,1,1,4
BRDA:54,2,0,1
BRDA:54,2,1,6
BRDA:65,3,0,1
BRDA:65,3,1,6
BRF:7
BRH:6
end_of_record
TN:
SF:src/components/Dialog/index.tsx
FN:41,(anonymous_2)
FNF:1
FNH:1
FNDA:6,(anonymous_2)
DA:1,3
DA:2,3
DA:3,3
DA:41,3
DA:52,6
DA:80,6
LF:6
LH:6
BRDA:49,0,0,3
BRDA:50,1,0,3
BRDA:51,2,0,6
BRDA:61,3,0,5
BRDA:61,3,1,1
BRDA:62,4,0,4
BRDA:62,4,1,2
BRDA:63,5,0,4
BRDA:63,5,1,2
BRDA:64,6,0,0
BRDA:64,6,1,6
BRF:11
BRH:10
end_of_record
TN:
SF:src/components/Dock/index.tsx
FN:15,(anonymous_2)
FN:19,(anonymous_3)
FN:25,(anonymous_4)
FNF:3
FNH:2
FNDA:4,(anonymous_2)
FNDA:0,(anonymous_3)
FNDA:20,(anonymous_4)
DA:1,3
DA:2,3
DA:3,3
DA:4,3
DA:5,3
DA:6,3
DA:7,3
DA:8,3
DA:9,3
DA:15,3
DA:16,4
DA:17,4
DA:18,4
DA:19,4
DA:26,20
DA:28,20
DA:31,20
DA:32,20
DA:61,4
LF:19
LH:19
BRDA:28,0,0,0
BRDA:28,0,1,20
BRDA:31,1,0,16
BRDA:31,1,1,4
BRDA:42,2,0,4
BRDA:42,2,1,16
BRDA:42,3,0,20
BRDA:42,3,1,16
BRDA:46,4,0,20
BRDA:46,4,1,20
BRF:10
BRH:9
end_of_record
TN:
SF:src/components/Dock/Icon/index.tsx
FN:19,(anonymous_2)
FNF:1
FNH:1
FNDA:21,(anonymous_2)
DA:1,4
DA:2,4
DA:19,4
DA:34,21
LF:4
LH:4
BRF:0
BRH:0
end_of_record
TN:
SF:src/components/ErrorBoundary/index.tsx
FN:8,(anonymous_2)
FN:15,(anonymous_3)
FN:19,(anonymous_4)
FNF:3
FNH:3
FNDA:3,(anonymous_2)
FNDA:2,(anonymous_3)
FNDA:4,(anonymous_4)
DA:1,1
DA:2,1
DA:3,1
DA:4,1
DA:5,1
DA:9,3
DA:10,2
DA:16,2
DA:20,4
DA:47,2
DA:51,1
LF:11
LH:11
BRDA:20,0,0,2
BRDA:38,1,0,2
BRDA:38,1,1,0
BRF:3
BRH:2
end_of_record
TN:
SF:src/components/GoogleAdsense/index.tsx
FN:26,(anonymous_4)
FNF:1
FNH:1
FNDA:3,(anonymous_4)
DA:1,1
DA:2,1
DA:13,1
DA:26,1
DA:27,3
DA:29,3
DA:56,3
LF:7
LH:7
BRDA:26,0,0,2
BRDA:29,1,0,3
BRF:2
BRH:2
end_of_record
TN:
SF:src/components/GridLayoutControl/index.tsx
FN:15,(anonymous_2)
FNF:1
FNH:1
FNDA:2,(anonymous_2)
DA:1,1
DA:2,1
DA:15,1
DA:24,2
LF:4
LH:4
BRDA:15,0,0,1
BRF:1
BRH:1
end_of_record
TN:
SF:src/components/Heating/index.tsx
FN:12,(anonymous_2)
FNF:1
FNH:1
FNDA:5,(anonymous_2)
DA:1,3
DA:2,3
DA:3,3
DA:4,3
DA:5,3
DA:6,3
DA:12,3
DA:13,5
DA:14,5
DA:41,4
LF:10
LH:10
BRDA:27,0,0,5
BRDA:27,0,1,0
BRDA:27,1,0,5
BRDA:27,1,1,0
BRF:4
BRH:2
end_of_record
TN:
SF:src/components/IconWithName/index.tsx
FN:28,(anonymous_2)
FNF:1
FNH:1
FNDA:1,(anonymous_2)
DA:1,1
DA:2,1
DA:3,1
DA:28,1
DA:29,1
DA:45,1
DA:65,1
LF:7
LH:7
BRDA:29,0,0,0
BRDA:29,0,1,1
BRDA:45,1,0,1
BRF:3
BRH:2
end_of_record
TN:
SF:src/components/IndexedCounter/index.tsx
FN:14,(anonymous_2)
FNF:1
FNH:1
FNDA:5,(anonymous_2)
DA:1,3
DA:2,3
DA:3,3
DA:4,3
DA:5,3
DA:6,3
DA:7,3
DA:14,3
DA:15,5
DA:16,5
DA:38,4
LF:11
LH:11
BRDA:29,0,0,5
BRDA:29,0,1,0
BRDA:33,1,0,5
BRDA:33,1,1,0
BRF:4
BRH:2
end_of_record
TN:
SF:src/components/LangSelect/index.tsx
FN:13,(anonymous_2)
FN:17,(anonymous_3)
FN:25,(anonymous_4)
FN:44,(anonymous_5)
FNF:4
FNH:2
FNDA:1,(anonymous_2)
FNDA:0,(anonymous_3)
FNDA:0,(anonymous_4)
FNDA:3,(anonymous_5)
DA:1,1
DA:2,1
DA:3,1
DA:4,1
DA:5,1
DA:13,1
DA:14,1
DA:15,1
DA:17,1
DA:19,0
DA:24,1
DA:26,0
DA:45,3
DA:56,1
LF:14
LH:12
BRF:0
BRH:0
end_of_record
TN:
SF:src/components/Layout/index.tsx
FN:23,(anonymous_2)
FN:36,Page
FNF:2
FNH:2
FNDA:3,(anonymous_2)
FNDA:3,Page
DA:2,2
DA:3,2
DA:4,2
DA:5,2
DA:6,2
DA:23,2
DA:36,3
LF:7
LH:7
BRF:0
BRH:0
end_of_record
TN:
SF:src/components/Layout/Footer/index.tsx
FN:4,(anonymous_2)
FNF:1
FNH:1
FNDA:3,(anonymous_2)
DA:1,2
DA:2,2
DA:4,2
DA:12,3
LF:4
LH:4
BRF:0
BRH:0
end_of_record
TN:
SF:src/components/Layout/Header/index.tsx
FN:16,(anonymous_5)
FN:16,(anonymous_6)
FN:26,(anonymous_8)
FN:36,(anonymous_9)
FN:40,(anonymous_10)
FN:41,(anonymous_11)
FN:44,(anonymous_12)
FN:63,(anonymous_13)
FN:73,(anonymous_14)
FN:85,(anonymous_15)
FN:92,(anonymous_16)
FN:122,(anonymous_17)
FNF:12
FNH:9
FNDA:2,(anonymous_5)
FNDA:2,(anonymous_6)
FNDA:3,(anonymous_8)
FNDA:0,(anonymous_9)
FNDA:2,(anonymous_10)
FNDA:0,(anonymous_11)
FNDA:2,(anonymous_12)
FNDA:0,(anonymous_13)
FNDA:3,(anonymous_14)
FNDA:3,(anonymous_15)
FNDA:24,(anonymous_16)
FNDA:3,(anonymous_17)
DA:1,2
DA:2,2
DA:3,2
DA:4,2
DA:5,2
DA:6,2
DA:7,2
DA:8,2
DA:9,2
DA:10,2
DA:11,2
DA:12,2
DA:13,2
DA:14,2
DA:16,4
DA:26,2
DA:27,3
DA:28,3
DA:29,3
DA:30,3
DA:31,3
DA:32,3
DA:33,3
DA:34,3
DA:36,3
DA:37,0
DA:40,3
DA:41,2
DA:42,0
DA:44,2
DA:63,0
DA:73,2
DA:74,3
DA:75,3
DA:76,3
DA:85,2
DA:86,3
DA:93,24
DA:122,2
DA:123,3
DA:144,3
LF:41
LH:38
BRDA:26,0,0,3
BRDA:60,1,0,3
BRDA:60,1,1,3
BRF:3
BRH:3
end_of_record
TN:
SF:src/components/NavigationArrows/index.tsx
FN:23,(anonymous_2)
FNF:1
FNH:1
FNDA:3,(anonymous_2)
DA:1,1
DA:2,1
DA:23,1
DA:24,3
DA:36,3
LF:5
LH:5
BRDA:24,0,0,0
BRDA:30,1,0,1
BRDA:30,1,1,2
BRDA:31,2,0,1
BRDA:31,2,1,2
BRF:5
BRH:4
end_of_record
TN:
SF:src/components/News/index.tsx
FN:17,(anonymous_2)
FN:23,(anonymous_3)
FN:25,(anonymous_4)
FN:28,(anonymous_5)
FN:32,(anonymous_6)
FN:36,(anonymous_7)
FN:54,(anonymous_8)
FNF:7
FNH:4
FNDA:4,(anonymous_2)
FNDA:4,(anonymous_3)
FNDA:4,(anonymous_4)
FNDA:0,(anonymous_5)
FNDA:0,(anonymous_6)
FNDA:4,(anonymous_7)
FNDA:0,(anonymous_8)
DA:1,4
DA:2,4
DA:3,4
DA:4,4
DA:5,4
DA:6,4
DA:17,4
DA:18,4
DA:19,4
DA:20,4
DA:21,4
DA:22,4
DA:23,4
DA:25,4
DA:26,4
DA:28,4
DA:29,0
DA:32,4
DA:33,0
DA:36,4
DA:55,0
DA:73,5
LF:22
LH:19
BRDA:23,0,0,4
BRDA:23,0,1,0
BRDA:23,1,0,4
BRDA:23,1,1,0
BRDA:50,2,0,4
BRDA:50,2,1,4
BRDA:51,3,0,4
BRDA:51,3,1,4
BRDA:53,4,0,4
BRF:9
BRH:7
end_of_record
TN:
SF:src/components/Notification/index.tsx
FN:23,(anonymous_2)
FN:26,(anonymous_3)
FN:30,(anonymous_4)
FN:32,(anonymous_5)
FN:36,(anonymous_6)
FNF:5
FNH:4
FNDA:3,(anonymous_2)
FNDA:0,(anonymous_3)
FNDA:3,(anonymous_4)
FNDA:1,(anonymous_5)
FNDA:2,(anonymous_6)
DA:1,1
DA:2,1
DA:3,1
DA:4,1
DA:23,1
DA:24,3
DA:26,3
DA:27,0
DA:30,3
DA:31,3
DA:32,2
DA:33,1
DA:36,2
DA:38,1
DA:57,2
LF:15
LH:14
BRDA:23,0,0,3
BRDA:31,1,0,2
BRDA:43,2,0,2
BRDA:43,2,1,1
BRDA:46,3,0,3
BRDA:46,3,1,0
BRDA:47,4,0,2
BRDA:47,4,1,1
BRF:8
BRH:7
end_of_record
TN:
SF:src/components/QuestionBlock/index.tsx
FN:18,(anonymous_2)
FN:24,(anonymous_3)
FN:27,(anonymous_4)
FNF:3
FNH:3
FNDA:4,(anonymous_2)
FNDA:4,(anonymous_3)
FNDA:1,(anonymous_4)
DA:1,1
DA:2,1
DA:18,1
DA:19,4
DA:25,4
DA:28,1
DA:48,4
LF:7
LH:7
BRDA:19,0,0,1
BRDA:29,1,0,1
BRDA:29,1,1,0
BRF:3
BRH:2
end_of_record
TN:
SF:src/components/RenderManager/index.tsx
FN:25,(anonymous_2)
FNF:1
FNH:1
FNDA:46,(anonymous_2)
DA:1,11
DA:2,11
DA:3,11
DA:4,11
DA:5,11
DA:25,11
DA:26,46
DA:28,46
DA:38,36
DA:51,46
LF:10
LH:10
BRDA:28,0,0,10
BRDA:34,1,0,10
BRDA:34,1,1,4
BRDA:38,2,0,18
BRDA:44,3,0,18
BRDA:44,3,1,4
BRF:6
BRH:6
end_of_record
TN:
SF:src/components/RenderManager/Error/index.tsx
FN:4,(anonymous_2)
FNF:1
FNH:1
FNDA:11,(anonymous_2)
DA:1,12
DA:2,12
DA:4,12
DA:8,12
LF:4
LH:4
BRF:0
BRH:0
end_of_record
TN:
SF:src/components/RenderManager/Loading/index.tsx
FN:4,(anonymous_2)
FNF:1
FNH:1
FNDA:19,(anonymous_2)
DA:1,12
DA:2,12
DA:4,12
DA:8,19
LF:4
LH:4
BRF:0
BRH:0
end_of_record
TN:
SF:src/components/SEO/index.tsx
FN:32,(anonymous_2)
FNF:1
FNH:1
FNDA:5,(anonymous_2)
DA:1,3
DA:2,3
DA:3,3
DA:4,3
DA:15,3
DA:32,3
DA:33,5
DA:34,5
DA:35,5
DA:36,5
DA:61,5
LF:11
LH:11
BRDA:32,0,0,5
BRDA:35,1,0,5
BRDA:35,1,1,5
BRDA:40,2,0,1
BRDA:40,2,1,4
BRDA:50,3,0,1
BRDA:50,3,1,4
BRF:7
BRH:7
end_of_record
TN:
SF:src/components/SEO/jsonLd.ts
FN:32,(anonymous_4)
FN:72,(anonymous_5)
FN:88,(anonymous_6)
FN:91,(anonymous_7)
FNF:4
FNH:4
FNDA:6,(anonymous_4)
FNDA:3,(anonymous_5)
FNDA:2,(anonymous_6)
FNDA:1,(anonymous_7)
DA:32,6
DA:42,6
DA:72,5
DA:88,5
DA:91,1
LF:5
LH:5
BRDA:55,0,0,6
BRDA:55,0,1,5
BRDA:56,1,0,6
BRDA:56,1,1,3
BRDA:56,2,0,3
BRDA:56,2,1,2
BRF:6
BRH:6
end_of_record
TN:
SF:src/components/SEO/tags.tsx
FN:42,(anonymous_11)
FN:58,(anonymous_12)
FN:85,(anonymous_13)
FN:107,(anonymous_14)
FN:154,(anonymous_15)
FN:164,(anonymous_16)
FN:176,(anonymous_17)
FN:202,(anonymous_18)
FN:218,(anonymous_19)
FN:223,(anonymous_20)
FN:224,(anonymous_21)
FN:231,(anonymous_22)
FN:232,(anonymous_23)
FNF:13
FNH:11
FNDA:2,(anonymous_11)
FNDA:11,(anonymous_12)
FNDA:0,(anonymous_13)
FNDA:1,(anonymous_14)
FNDA:7,(anonymous_15)
FNDA:7,(anonymous_16)
FNDA:5,(anonymous_17)
FNDA:7,(anonymous_18)
FNDA:5,(anonymous_19)
FNDA:15,(anonymous_20)
FNDA:10,(anonymous_21)
FNDA:5,(anonymous_22)
FNDA:0,(anonymous_23)
DA:1,4
DA:2,4
DA:3,4
DA:36,4
DA:42,4
DA:43,2
DA:58,11
DA:59,11
DA:72,11
DA:73,11
DA:76,11
DA:77,11
DA:81,11
DA:82,11
DA:85,11
DA:86,11
DA:88,11
DA:107,4
DA:108,1
DA:110,1
DA:140,1
DA:141,0
DA:143,1
DA:144,0
DA:146,1
DA:147,0
DA:150,1
DA:154,7
DA:155,7
DA:156,7
DA:164,7
DA:168,7
DA:169,7
DA:176,5
DA:177,5
DA:179,1
DA:180,1
DA:181,0
DA:183,1
DA:184,0
DA:186,1
DA:187,0
DA:189,1
DA:199,4
DA:200,4
DA:202,7
DA:203,7
DA:218,5
DA:219,5
DA:220,5
DA:223,15
DA:225,10
DA:231,5
DA:232,5
DA:233,0
LF:55
LH:48
BRDA:72,0,0,11
BRDA:72,0,1,6
BRDA:76,1,0,11
BRDA:76,1,1,11
BRDA:77,2,0,6
BRDA:77,2,1,5
BRDA:81,3,0,11
BRDA:81,3,1,11
BRDA:82,4,0,11
BRDA:82,4,1,0
BRDA:86,5,0,0
BRDA:86,5,1,11
BRDA:95,6,0,3
BRDA:95,6,1,8
BRDA:140,7,0,0
BRDA:140,8,0,1
BRDA:140,8,1,0
BRDA:143,9,0,0
BRDA:146,10,0,0
BRDA:168,11,0,5
BRDA:168,11,1,2
BRDA:177,12,0,4
BRDA:180,13,0,0
BRDA:183,14,0,0
BRDA:186,15,0,0
BRDA:203,16,0,7
BRDA:203,16,1,0
BRDA:208,17,0,6
BRDA:208,17,1,1
BRDA:219,18,0,5
BRDA:219,18,1,5
BRDA:221,19,0,5
BRDA:221,19,1,0
BRDA:232,20,0,5
BRDA:232,20,1,5
BRF:35
BRH:24
end_of_record
TN:
SF:src/components/SearchInput/index.tsx
FN:22,(anonymous_2)
FNF:1
FNH:1
FNDA:3,(anonymous_2)
DA:1,2
DA:22,2
DA:36,3
LF:3
LH:3
BRDA:22,0,0,3
BRF:1
BRH:1
end_of_record
TN:
SF:src/components/SidesShift/index.tsx
FN:26,(anonymous_2)
FNF:1
FNH:1
FNDA:1,(anonymous_2)
DA:1,1
DA:2,1
DA:3,1
DA:26,1
DA:27,1
DA:40,1
DA:58,1
LF:7
LH:7
BRDA:27,0,0,0
BRDA:27,0,1,1
BRDA:40,1,0,1
BRF:3
BRH:2
end_of_record
TN:
SF:src/components/Tooltip/index.tsx
FN:26,useTooltip
FN:67,(anonymous_6)
FN:81,(anonymous_7)
FN:91,Tooltip
FN:99,TooltipTrigger
FN:131,TooltipContent
FNF:6
FNH:6
FNDA:128,useTooltip
FNDA:119,(anonymous_6)
FNDA:249,(anonymous_7)
FNDA:128,Tooltip
FNDA:128,TooltipTrigger
FNDA:121,TooltipContent
DA:1,14
DA:15,14
DA:16,14
DA:32,128
DA:34,128
DA:35,128
DA:37,128
DA:51,128
DA:53,128
DA:58,128
DA:61,128
DA:62,128
DA:64,128
DA:66,128
DA:67,119
DA:79,14
DA:81,14
DA:82,249
DA:84,249
DA:85,0
DA:88,249
DA:94,128
DA:98,14
DA:100,128
DA:102,128
DA:103,128
DA:106,128
DA:107,0
DA:131,14
DA:135,121
DA:136,121
DA:158,14
DA:159,14
DA:161,230
LF:34
LH:32
BRDA:26,0,0,0
BRDA:27,1,0,125
BRDA:28,2,0,128
BRDA:34,3,0,128
BRDA:34,3,1,128
BRDA:35,4,0,128
BRDA:35,4,1,128
BRDA:84,5,0,0
BRDA:99,6,0,128
BRDA:106,7,0,0
BRDA:106,8,0,128
BRDA:106,8,1,0
BRDA:112,9,0,0
BRDA:112,9,1,0
BRDA:113,10,0,0
BRDA:113,10,1,0
BRDA:122,11,0,6
BRDA:122,11,1,122
BRDA:140,12,0,121
BRDA:146,13,0,6
BRDA:146,13,1,5
BRDA:147,14,0,6
BRDA:147,14,1,5
BRDA:148,15,0,5
BRDA:148,15,1,1
BRF:25
BRH:17
end_of_record
TN:
SF:src/components/VisibilityManager/index.tsx
FN:20,(anonymous_2)
FNF:1
FNH:1
FNDA:6,(anonymous_2)
DA:2,1
DA:20,1
DA:21,6
DA:22,6
DA:24,6
DA:26,6
DA:27,0
DA:33,3
LF:8
LH:7
BRDA:24,0,0,6
BRDA:24,0,1,4
BRDA:24,0,2,6
BRDA:24,0,3,4
BRDA:24,0,4,6
BRDA:24,0,5,4
BRDA:26,1,0,0
BRF:7
BRH:6
end_of_record
TN:
SF:src/components/Weather/index.tsx
FN:11,(anonymous_2)
FN:27,(anonymous_3)
FN:40,(anonymous_4)
FNF:3
FNH:3
FNDA:4,(anonymous_2)
FNDA:4,(anonymous_3)
FNDA:4,(anonymous_4)
DA:1,3
DA:2,3
DA:3,3
DA:4,3
DA:5,3
DA:6,3
DA:7,3
DA:8,3
DA:9,3
DA:11,3
DA:27,3
DA:28,4
DA:29,4
DA:41,4
DA:68,5
LF:15
LH:15
BRDA:13,0,0,1
BRDA:13,0,1,3
BRDA:33,1,0,4
BRDA:45,2,0,4
BRDA:60,3,0,4
BRF:5
BRH:5
end_of_record
TN:
SF:src/constants/devices.ts
FNF:0
FNH:0
DA:1,4
DA:2,3
DA:3,3
DA:4,4
LF:4
LH:4
BRF:0
BRH:0
end_of_record
TN:
SF:src/constants/navMenu.ts
FNF:0
FNH:0
DA:8,6
LF:1
LH:1
BRF:0
BRH:0
end_of_record
TN:
SF:src/constants/site.ts
FN:77,(anonymous_9)
FNF:1
FNH:1
FNDA:3,(anonymous_9)
DA:3,19
DA:4,19
DA:6,19
DA:7,19
DA:8,19
DA:20,19
DA:26,19
DA:77,19
DA:78,3
DA:79,3
DA:81,3
DA:82,3
DA:84,0
DA:85,0
DA:87,0
DA:88,0
DA:90,0
DA:91,0
DA:93,0
DA:94,0
DA:96,3
LF:21
LH:13
BRDA:79,0,0,3
BRDA:79,0,1,0
BRDA:79,0,2,0
BRDA:79,0,3,0
BRDA:79,0,4,0
BRF:5
BRH:1
end_of_record
TN:
SF:src/constants/survey.tsx
FN:21,(anonymous_5)
FN:41,(anonymous_7)
FN:44,(anonymous_8)
FN:91,(anonymous_10)
FNF:4
FNH:4
FNDA:29,(anonymous_5)
FNDA:5,(anonymous_7)
FNDA:9,(anonymous_8)
FNDA:11,(anonymous_10)
DA:1,2
DA:17,2
DA:19,5
DA:21,29
DA:23,2
DA:42,5
DA:45,9
DA:91,11
DA:92,11
DA:94,11
LF:10
LH:10
BRDA:21,0,0,23
BRDA:21,0,1,6
BRDA:205,1,0,1
BRF:3
BRH:3
end_of_record
TN:
SF:src/context/dialog.tsx
FN:20,(anonymous_6)
FN:48,(anonymous_7)
FN:54,(anonymous_8)
FN:60,(anonymous_9)
FNF:4
FNH:3
FNDA:5,(anonymous_6)
FNDA:15,(anonymous_7)
FNDA:16,(anonymous_8)
FNDA:0,(anonymous_9)
DA:1,5
DA:13,5
DA:18,5
DA:20,5
DA:21,5
DA:23,2
DA:28,1
DA:33,1
DA:38,1
DA:44,0
DA:48,5
DA:49,15
DA:50,15
DA:54,5
DA:55,16
DA:57,16
DA:58,2
DA:60,14
DA:61,0
DA:64,14
DA:67,16
LF:21
LH:19
BRDA:21,0,0,2
BRDA:21,0,1,1
BRDA:21,0,2,1
BRDA:21,0,3,1
BRDA:21,0,4,0
BRDA:57,1,0,2
BRF:6
BRH:5
end_of_record
TN:
SF:src/helpers/city.ts
FN:15,(anonymous_1)
FNF:1
FNH:1
FNDA:5,(anonymous_1)
DA:10,2
DA:12,2
DA:13,2
DA:15,5
DA:16,5
LF:5
LH:5
BRDA:16,0,0,5
BRDA:16,0,1,5
BRDA:16,0,2,5
BRF:3
BRH:3
end_of_record
TN:
SF:src/helpers/console.ts
FN:7,(anonymous_1)
FN:12,(anonymous_2)
FN:17,(anonymous_3)
FN:22,(anonymous_4)
FNF:4
FNH:1
FNDA:0,(anonymous_1)
FNDA:1,(anonymous_2)
FNDA:0,(anonymous_3)
FNDA:0,(anonymous_4)
DA:6,3
DA:8,0
DA:9,0
DA:13,1
DA:14,0
DA:18,0
DA:19,0
DA:23,0
DA:24,0
DA:29,3
LF:10
LH:3
BRDA:8,0,0,0
BRDA:13,1,0,0
BRDA:18,2,0,0
BRDA:23,3,0,0
BRF:4
BRH:0
end_of_record
TN:
SF:src/helpers/cors.ts
FN:4,(anonymous_1)
FN:5,(anonymous_2)
FNF:2
FNH:2
FNDA:25,(anonymous_1)
FNDA:51,(anonymous_2)
DA:4,18
DA:5,25
DA:8,51
DA:12,51
DA:13,51
DA:14,1
DA:15,50
DA:16,48
DA:20,51
DA:21,51
DA:29,51
DA:31,51
DA:32,1
DA:33,1
DA:36,50
DA:39,25
LF:16
LH:16
BRDA:8,0,0,3
BRDA:8,0,1,48
BRDA:9,1,0,3
BRDA:9,1,1,0
BRDA:13,2,0,1
BRDA:13,2,1,50
BRDA:13,3,0,51
BRDA:13,3,1,6
BRDA:15,4,0,48
BRDA:31,5,0,1
BRF:10
BRH:9
end_of_record
TN:
SF:src/helpers/fileReader.ts
FN:13,(anonymous_10)
FN:43,(anonymous_11)
FN:57,(anonymous_12)
FN:71,(anonymous_13)
FN:103,(anonymous_14)
FN:106,(anonymous_15)
FN:111,(anonymous_16)
FN:129,(anonymous_17)
FN:168,(anonymous_18)
FN:192,(anonymous_19)
FN:209,(anonymous_20)
FN:227,(anonymous_21)
FN:229,(anonymous_22)
FN:250,(anonymous_23)
FN:255,(anonymous_24)
FN:259,(anonymous_25)
FN:280,(anonymous_26)
FN:283,(anonymous_27)
FN:303,(anonymous_28)
FN:305,(anonymous_29)
FN:324,(anonymous_30)
FN:326,(anonymous_31)
FN:345,(anonymous_32)
FN:347,(anonymous_33)
FN:353,(anonymous_34)
FN:355,(anonymous_35)
FN:356,(anonymous_36)
FN:360,(anonymous_37)
FN:377,(anonymous_38)
FN:379,(anonymous_39)
FN:382,(anonymous_40)
FN:386,(anonymous_41)
FN:404,(anonymous_42)
FN:415,(anonymous_43)
FN:429,(anonymous_44)
FNF:35
FNH:33
FNDA:1504,(anonymous_10)
FNDA:4230,(anonymous_11)
FNDA:94,(anonymous_12)
FNDA:6,(anonymous_13)
FNDA:6,(anonymous_14)
FNDA:156,(anonymous_15)
FNDA:80,(anonymous_16)
FNDA:3965,(anonymous_17)
FNDA:3965,(anonymous_18)
FNDA:6,(anonymous_19)
FNDA:88,(anonymous_20)
FNDA:88,(anonymous_21)
FNDA:3960,(anonymous_22)
FNDA:11,(anonymous_23)
FNDA:60,(anonymous_24)
FNDA:351,(anonymous_25)
FNDA:0,(anonymous_26)
FNDA:0,(anonymous_27)
FNDA:54,(anonymous_28)
FNDA:810,(anonymous_29)
FNDA:12,(anonymous_30)
FNDA:180,(anonymous_31)
FNDA:3,(anonymous_32)
FNDA:45,(anonymous_33)
FNDA:45,(anonymous_34)
FNDA:54,(anonymous_35)
FNDA:54,(anonymous_36)
FNDA:1620,(anonymous_37)
FNDA:3,(anonymous_38)
FNDA:45,(anonymous_39)
FNDA:12,(anonymous_40)
FNDA:180,(anonymous_41)
FNDA:7930,(anonymous_42)
FNDA:5786576,(anonymous_43)
FNDA:3965,(anonymous_44)
DA:1,1
DA:2,1
DA:3,1
DA:4,1
DA:5,1
DA:8,1
DA:13,1
DA:14,1504
DA:15,1504
DA:17,1504
DA:18,5734
DA:19,5734
DA:21,5734
DA:22,1410
DA:23,4324
DA:24,4230
DA:28,1504
DA:43,1
DA:44,4230
DA:45,4230
DA:55,1
DA:57,1
DA:58,94
DA:59,0
DA:61,94
DA:62,94
DA:71,1
DA:72,6
DA:73,6
DA:75,6
DA:76,0
DA:81,6
DA:103,1
DA:104,6
DA:106,6
DA:107,156
DA:109,6
DA:110,6
DA:111,80
DA:114,6
DA:115,1
DA:118,5
DA:129,1
DA:130,3965
DA:131,3965
DA:136,3965
DA:137,3965
DA:138,3965
DA:141,3965
DA:142,3965
DA:143,0
DA:150,3965
DA:168,3965
DA:192,6
DA:193,6
DA:209,88
DA:227,4
DA:228,88
DA:229,3960
DA:250,11
DA:251,11
DA:252,11
DA:254,11
DA:255,60
DA:257,11
DA:259,351
DA:261,11
DA:280,1
DA:281,0
DA:282,0
DA:283,0
DA:303,1
DA:304,54
DA:305,810
DA:324,1
DA:325,12
DA:326,180
DA:345,1
DA:346,3
DA:347,45
DA:353,45
DA:354,3
DA:355,54
DA:357,54
DA:358,54
DA:360,1620
DA:377,3
DA:378,3
DA:379,45
DA:380,3
DA:381,3
DA:383,12
DA:384,12
DA:386,180
DA:404,1
DA:407,7930
DA:408,7930
DA:411,7930
DA:412,40166
DA:415,5786576
DA:416,7930
DA:429,1
DA:430,3965
DA:431,3965
DA:432,3965
LF:105
LH:99
BRDA:21,0,0,1410
BRDA:21,0,1,4324
BRDA:23,1,0,4230
BRDA:45,2,0,4230
BRDA:45,2,1,0
BRDA:58,3,0,0
BRDA:58,4,0,94
BRDA:58,4,1,93
BRDA:72,5,0,0
BRDA:72,5,1,6
BRDA:73,6,0,6
BRDA:73,6,1,0
BRDA:75,7,0,0
BRDA:107,8,0,156
BRDA:107,8,1,151
BRDA:110,9,0,3
BRDA:110,9,1,3
BRDA:111,10,0,80
BRDA:111,10,1,27
BRDA:114,11,0,1
BRDA:131,12,0,0
BRDA:137,13,0,0
BRDA:142,14,0,0
BRDA:142,15,0,3965
BRDA:142,15,1,3965
BRDA:176,16,0,3965
BRDA:176,16,1,1848
BRDA:188,17,0,3965
BRDA:188,17,1,1848
BRDA:252,18,0,10
BRDA:252,18,1,1
BRDA:254,19,0,4
BRDA:254,19,1,7
BRDA:257,20,0,3
BRDA:257,20,1,8
BRDA:259,21,0,351
BRDA:259,21,1,0
BRDA:259,22,0,351
BRDA:259,22,1,0
BRDA:261,23,0,11
BRDA:261,23,1,0
BRDA:283,24,0,0
BRDA:283,24,1,0
BRDA:412,25,0,40166
BRDA:412,25,1,0
BRF:45
BRH:31
end_of_record
TN:
SF:src/helpers/fileWritter.ts
FN:34,(anonymous_2)
FN:53,(anonymous_3)
FN:55,(anonymous_4)
FN:58,(anonymous_5)
FN:77,(anonymous_6)
FN:78,(anonymous_7)
FN:79,(anonymous_8)
FN:80,(anonymous_9)
FN:81,(anonymous_10)
FN:89,(anonymous_11)
FN:90,(anonymous_12)
FN:94,(anonymous_13)
FN:95,(anonymous_14)
FNF:13
FNH:0
FNDA:0,(anonymous_2)
FNDA:0,(anonymous_3)
FNDA:0,(anonymous_4)
FNDA:0,(anonymous_5)
FNDA:0,(anonymous_6)
FNDA:0,(anonymous_7)
FNDA:0,(anonymous_8)
FNDA:0,(anonymous_9)
FNDA:0,(anonymous_10)
FNDA:0,(anonymous_11)
FNDA:0,(anonymous_12)
FNDA:0,(anonymous_13)
FNDA:0,(anonymous_14)
DA:1,0
DA:2,0
DA:3,0
DA:4,0
DA:5,0
DA:6,0
DA:8,0
DA:21,0
DA:34,0
DA:53,0
DA:54,0
DA:55,0
DA:58,0
DA:59,0
DA:74,0
DA:75,0
DA:77,0
DA:78,0
DA:79,0
DA:80,0
DA:81,0
DA:87,0
DA:89,0
DA:91,0
DA:92,0
DA:94,0
DA:95,0
DA:98,0
DA:104,0
DA:105,0
DA:107,0
LF:31
LH:0
BRDA:37,0,0,0
BRDA:37,0,1,0
BRDA:55,1,0,0
BRDA:55,1,1,0
BRDA:92,2,0,0
BRDA:92,2,1,0
BRF:6
BRH:0
end_of_record
TN:
SF:src/helpers/http.ts
FN:60,(anonymous_4)
FNF:1
FNH:1
FNDA:31,(anonymous_4)
DA:21,17
DA:31,38
DA:60,31
DA:61,31
LF:4
LH:4
BRDA:60,0,0,4
BRDA:63,1,0,31
BRDA:63,1,1,31
BRF:3
BRH:3
end_of_record
TN:
SF:src/helpers/index.ts
FN:12,(anonymous_9)
FN:14,(anonymous_10)
FN:17,(anonymous_11)
FN:18,(anonymous_12)
FN:37,(anonymous_13)
FN:48,(anonymous_14)
FN:55,(anonymous_15)
FN:67,(anonymous_16)
FN:83,(anonymous_17)
FN:90,(anonymous_18)
FN:92,(anonymous_19)
FN:120,(anonymous_20)
FN:121,(anonymous_21)
FNF:13
FNH:12
FNDA:87,(anonymous_9)
FNDA:196,(anonymous_10)
FNDA:135,(anonymous_11)
FNDA:135,(anonymous_12)
FNDA:16,(anonymous_13)
FNDA:14,(anonymous_14)
FNDA:2,(anonymous_15)
FNDA:2,(anonymous_16)
FNDA:13,(anonymous_17)
FNDA:4,(anonymous_18)
FNDA:0,(anonymous_19)
FNDA:3,(anonymous_20)
FNDA:3,(anonymous_21)
DA:1,18
DA:12,87
DA:13,87
DA:15,196
DA:17,135
DA:18,135
DA:20,87
DA:21,18
DA:24,69
DA:37,18
DA:48,18
DA:55,18
DA:67,18
DA:68,2
DA:69,1
DA:71,1
DA:83,18
DA:90,18
DA:91,4
DA:92,4
DA:93,0
DA:94,0
DA:95,0
DA:96,0
DA:101,0
DA:102,0
DA:110,4
DA:120,18
DA:121,3
DA:122,3
DA:123,2
DA:125,1
LF:32
LH:26
BRDA:15,0,0,196
BRDA:15,0,1,148
BRDA:15,0,2,145
BRDA:20,1,0,18
BRDA:48,2,0,5
BRDA:48,2,1,9
BRDA:68,3,0,1
BRDA:83,4,0,11
BRDA:83,4,1,2
BRDA:93,5,0,0
BRDA:95,6,0,0
BRDA:95,6,1,0
BRDA:122,7,0,2
BRF:13
BRH:10
end_of_record
TN:
SF:src/helpers/mdx.ts
FN:19,(anonymous_4)
FN:50,(anonymous_5)
FNF:2
FNH:0
FNDA:0,(anonymous_4)
FNDA:0,(anonymous_5)
DA:1,0
DA:2,0
DA:3,0
DA:4,0
DA:5,0
DA:6,0
DA:19,0
DA:20,0
DA:21,0
DA:23,0
DA:50,0
DA:51,0
LF:12
LH:0
BRF:0
BRH:0
end_of_record
TN:
SF:src/helpers/mdxjs.tsx
FN:9,(anonymous_5)
FN:9,(anonymous_6)
FN:9,(anonymous_8)
FN:11,(anonymous_9)
FN:28,(anonymous_10)
FN:28,(anonymous_11)
FN:30,(anonymous_13)
FN:33,(anonymous_14)
FN:35,(anonymous_15)
FNF:9
FNH:0
FNDA:0,(anonymous_5)
FNDA:0,(anonymous_6)
FNDA:0,(anonymous_8)
FNDA:0,(anonymous_9)
FNDA:0,(anonymous_10)
FNDA:0,(anonymous_11)
FNDA:0,(anonymous_13)
FNDA:0,(anonymous_14)
FNDA:0,(anonymous_15)
DA:1,0
DA:2,0
DA:3,0
DA:4,0
DA:5,0
DA:6,0
DA:7,0
DA:9,0
DA:11,0
DA:28,0
DA:30,0
DA:33,0
DA:34,0
DA:35,0
DA:40,0
LF:15
LH:0
BRF:0
BRH:0
end_of_record
TN:
SF:src/helpers/searchConsole.ts
FN:12,(anonymous_3)
FNF:1
FNH:0
FNDA:0,(anonymous_3)
DA:1,0
DA:3,0
DA:12,0
DA:13,0
DA:14,0
DA:17,0
DA:25,0
LF:7
LH:0
BRDA:13,0,0,0
BRDA:13,1,0,0
BRDA:13,1,1,0
BRF:3
BRH:0
end_of_record
TN:
SF:src/helpers/slug.ts
FN:17,(anonymous_3)
FN:29,(anonymous_4)
FNF:2
FNH:2
FNDA:20,(anonymous_3)
FNDA:10,(anonymous_4)
DA:9,3
DA:10,3
DA:17,20
DA:18,20
DA:29,10
DA:30,10
LF:6
LH:6
BRDA:18,0,0,20
BRDA:18,0,1,16
BRDA:18,0,2,15
BRDA:18,0,3,12
BRDA:18,0,4,11
BRDA:30,1,0,10
BRDA:30,1,1,9
BRDA:30,1,2,7
BRF:8
BRH:8
end_of_record
TN:
SF:src/hooks/useAnalytics.ts
FN:17,(anonymous_2)
FN:26,(anonymous_3)
FN:30,(anonymous_4)
FNF:3
FNH:3
FNDA:1,(anonymous_2)
FNDA:8,(anonymous_3)
FNDA:7,(anonymous_4)
DA:1,4
DA:2,4
DA:3,4
DA:6,4
DA:17,4
DA:18,1
DA:19,1
DA:20,0
DA:22,1
DA:23,0
DA:26,4
DA:27,8
DA:28,8
DA:30,8
DA:31,7
DA:32,7
DA:33,7
DA:36,8
DA:43,8
DA:50,8
LF:20
LH:18
BRDA:19,0,0,0
BRDA:28,1,0,0
BRDA:28,1,1,8
BRDA:32,2,0,4
BRDA:32,2,1,3
BRDA:37,3,0,5
BRDA:37,3,1,3
BRDA:44,4,0,8
BRDA:44,4,1,0
BRF:9
BRH:6
end_of_record
TN:
SF:src/hooks/useDarkMode.ts
FN:8,(anonymous_2)
FN:11,(anonymous_3)
FN:14,(anonymous_4)
FN:18,(anonymous_5)
FN:22,(anonymous_6)
FN:28,(anonymous_7)
FNF:6
FNH:4
FNDA:3,(anonymous_2)
FNDA:1,(anonymous_3)
FNDA:0,(anonymous_4)
FNDA:0,(anonymous_5)
FNDA:3,(anonymous_6)
FNDA:2,(anonymous_7)
DA:1,1
DA:3,1
DA:8,1
DA:9,3
DA:11,3
DA:12,1
DA:13,0
DA:14,0
DA:15,0
DA:17,0
DA:18,0
DA:22,3
DA:23,3
DA:24,2
DA:28,3
DA:29,2
DA:32,3
DA:35,3
LF:18
LH:13
BRDA:12,0,0,0
BRDA:12,1,0,1
BRDA:12,1,1,1
BRDA:15,2,0,0
BRDA:15,2,1,0
BRDA:23,3,0,2
BRDA:23,4,0,3
BRDA:23,4,1,3
BRDA:29,5,0,1
BRDA:29,5,1,1
BRF:10
BRH:7
end_of_record
TN:
SF:src/hooks/useGithubStars.ts
FN:6,(anonymous_2)
FNF:1
FNH:1
FNDA:1,(anonymous_2)
DA:1,2
DA:2,2
DA:4,2
DA:6,2
DA:7,1
DA:12,1
DA:19,2
LF:7
LH:7
BRF:0
BRH:0
end_of_record
TN:
SF:src/hooks/useHeating.ts
FN:11,(anonymous_2)
FN:20,(anonymous_3)
FNF:2
FNH:2
FNDA:1,(anonymous_2)
FNDA:6,(anonymous_3)
DA:1,4
DA:4,4
DA:6,4
DA:11,4
DA:12,1
DA:13,1
DA:14,0
DA:16,1
DA:17,0
DA:20,4
DA:25,6
DA:32,6
DA:39,6
LF:13
LH:11
BRDA:13,0,0,0
BRDA:33,1,0,6
BRDA:33,1,1,0
BRF:3
BRH:1
end_of_record
TN:
SF:src/hooks/useIndexedPages.ts
FN:6,(anonymous_2)
FN:15,(anonymous_3)
FNF:2
FNH:2
FNDA:1,(anonymous_2)
FNDA:6,(anonymous_3)
DA:1,4
DA:4,4
DA:6,4
DA:7,1
DA:8,1
DA:9,0
DA:11,1
DA:12,0
DA:15,4
DA:16,6
DA:23,6
DA:30,6
LF:12
LH:10
BRDA:8,0,0,0
BRF:1
BRH:0
end_of_record
TN:
SF:src/hooks/useNews.ts
FN:5,(anonymous_2)
FN:14,(anonymous_3)
FN:15,(anonymous_4)
FNF:3
FNH:3
FNDA:1,(anonymous_2)
FNDA:4,(anonymous_3)
FNDA:4,(anonymous_4)
DA:1,4
DA:2,4
DA:5,4
DA:6,1
DA:7,1
DA:8,0
DA:10,1
DA:11,0
DA:14,4
DA:15,4
DA:16,4
DA:17,4
DA:18,4
DA:21,4
DA:36,4
DA:43,4
LF:16
LH:14
BRDA:7,0,0,0
BRF:1
BRH:0
end_of_record
TN:
SF:src/hooks/useSideShift.ts
FN:14,(anonymous_2)
FN:25,(anonymous_3)
FN:34,(anonymous_4)
FN:48,(anonymous_5)
FN:49,(anonymous_6)
FN:53,(anonymous_7)
FN:54,(anonymous_8)
FNF:7
FNH:0
FNDA:0,(anonymous_2)
FNDA:0,(anonymous_3)
FNDA:0,(anonymous_4)
FNDA:0,(anonymous_5)
FNDA:0,(anonymous_6)
FNDA:0,(anonymous_7)
FNDA:0,(anonymous_8)
DA:1,0
DA:14,0
DA:22,0
DA:23,0
DA:25,0
DA:28,0
DA:29,0
DA:30,0
DA:31,0
DA:34,0
DA:35,0
DA:36,0
DA:37,0
DA:38,0
DA:48,0
DA:49,0
DA:50,0
DA:53,0
DA:54,0
DA:55,0
DA:58,0
DA:61,0
LF:22
LH:0
BRDA:29,0,0,0
BRDA:36,1,0,0
BRF:2
BRH:0
end_of_record
TN:
SF:src/hooks/useSurvey.ts
FN:28,(anonymous_1)
FN:54,(anonymous_2)
FN:63,(anonymous_3)
FN:70,(anonymous_4)
FN:72,(anonymous_5)
FN:76,(anonymous_6)
FN:81,(anonymous_7)
FNF:7
FNH:7
FNDA:12,(anonymous_1)
FNDA:17,(anonymous_2)
FNDA:20,(anonymous_3)
FNDA:8,(anonymous_4)
FNDA:2,(anonymous_5)
FNDA:1,(anonymous_6)
FNDA:11,(anonymous_7)
DA:1,1
DA:2,1
DA:3,1
DA:21,1
DA:28,1
DA:29,12
DA:30,12
DA:31,12
DA:33,12
DA:35,0
DA:40,1
DA:45,11
DA:46,11
DA:49,11
DA:54,17
DA:57,0
DA:59,0
DA:63,1
DA:64,20
DA:65,20
DA:66,20
DA:68,20
DA:70,20
DA:72,20
DA:73,2
DA:76,20
DA:77,1
DA:78,0
DA:81,20
DA:86,11
DA:88,20
DA:101,20
LF:32
LH:28
BRDA:29,0,0,11
BRDA:29,0,1,1
BRDA:33,1,0,0
BRDA:33,1,1,1
BRDA:33,1,2,11
BRDA:33,1,3,0
BRDA:45,2,0,11
BRDA:53,3,0,3
BRDA:53,3,1,8
BRDA:54,4,0,11
BRDA:54,4,1,9
BRDA:65,5,0,0
BRDA:65,5,1,20
BRDA:65,6,0,20
BRDA:65,6,1,0
BRDA:73,7,0,1
BRDA:77,8,0,0
BRDA:77,9,0,1
BRDA:77,9,1,1
BRF:19
BRH:14
end_of_record
TN:
SF:src/hooks/useWeather.ts
FN:26,(anonymous_2)
FN:27,(anonymous_3)
FNF:2
FNH:2
FNDA:5,(anonymous_2)
FNDA:4,(anonymous_3)
DA:1,4
DA:2,4
DA:3,4
DA:15,4
DA:26,4
DA:27,5
DA:28,4
DA:29,4
DA:30,4
DA:33,5
DA:40,5
DA:47,5
LF:12
LH:12
BRF:0
BRH:0
end_of_record
TN:
SF:src/hooks/useWindowResize.ts
FN:13,useWindowResize
FN:22,(anonymous_3)
FN:23,(anonymous_4)
FN:36,(anonymous_5)
FNF:4
FNH:4
FNDA:6,useWindowResize
FNDA:3,(anonymous_3)
FNDA:3,(anonymous_4)
FNDA:3,(anonymous_5)
DA:1,1
DA:2,1
DA:14,6
DA:22,6
DA:23,3
DA:24,3
DA:32,3
DA:34,3
DA:36,3
DA:37,3
DA:41,6
DA:50,6
LF:12
LH:12
BRDA:26,0,0,3
BRDA:26,0,1,2
BRDA:44,1,0,6
BRDA:44,1,1,5
BRF:4
BRH:4
end_of_record
TN:
SF:src/hooks/useXRP.ts
FN:6,(anonymous_2)
FN:15,(anonymous_3)
FNF:2
FNH:1
FNDA:0,(anonymous_2)
FNDA:3,(anonymous_3)
DA:1,2
DA:4,2
DA:6,2
DA:7,0
DA:8,0
DA:9,0
DA:11,0
DA:12,0
DA:15,2
DA:16,3
DA:26,3
DA:33,3
LF:12
LH:7
BRDA:8,0,0,0
BRF:1
BRH:0
end_of_record
TN:
SF:src/pages/api/analytics.ts
FN:52,(anonymous_2)
FN:66,handler
FNF:2
FNH:2
FNDA:8,(anonymous_2)
FNDA:10,handler
DA:3,1
DA:4,1
DA:5,1
DA:6,1
DA:28,1
DA:30,1
DA:31,1
DA:33,1
DA:46,1
DA:52,8
DA:66,10
DA:68,10
DA:69,1
DA:72,9
DA:75,9
DA:76,1
DA:77,1
DA:81,8
DA:86,0
DA:87,0
DA:88,0
DA:91,8
DA:92,8
DA:100,8
DA:101,6
DA:103,6
DA:107,3
DA:108,2
DA:109,2
DA:113,1
DA:114,1
DA:117,3
DA:118,3
DA:123,2
DA:124,2
DA:125,2
LF:36
LH:33
BRDA:56,0,0,8
BRDA:56,0,1,3
BRDA:68,1,0,1
BRDA:75,2,0,1
BRDA:75,3,0,9
BRDA:75,3,1,4
BRDA:81,4,0,0
BRDA:82,5,0,8
BRDA:82,5,1,8
BRDA:82,5,2,8
BRDA:101,6,0,6
BRDA:101,6,1,0
BRDA:103,7,0,3
BRDA:107,8,0,2
BRDA:119,9,0,3
BRDA:119,9,1,0
BRDA:120,10,0,3
BRDA:120,10,1,0
BRF:18
BRH:14
end_of_record
TN:
SF:src/pages/api/deployments.ts
FN:28,(anonymous_2)
FN:43,handler
FN:47,(anonymous_4)
FNF:3
FNH:3
FNDA:3,(anonymous_2)
FNDA:4,handler
FNDA:12,(anonymous_4)
DA:2,1
DA:3,1
DA:26,1
DA:28,1
DA:29,3
DA:30,3
DA:31,3
DA:32,3
DA:34,3
DA:39,3
DA:40,3
DA:43,4
DA:47,12
DA:48,4
DA:49,1
DA:50,1
DA:51,1
DA:54,3
DA:55,3
DA:61,3
DA:62,1
DA:65,2
DA:66,2
DA:83,1
DA:84,1
DA:85,1
LF:26
LH:26
BRDA:48,0,0,1
BRDA:61,1,0,1
BRF:2
BRH:2
end_of_record
TN:
SF:src/pages/api/github-stars.ts
FN:26,handler
FNF:1
FNH:1
FNDA:4,handler
DA:2,1
DA:3,1
DA:4,1
DA:6,1
DA:8,1
DA:26,4
DA:27,4
DA:30,4
DA:31,2
DA:32,2
DA:38,2
DA:39,2
DA:40,2
LF:13
LH:13
BRF:0
BRH:0
end_of_record
TN:
SF:src/pages/api/heating.ts
FN:44,handler
FN:60,(anonymous_3)
FN:92,(anonymous_4)
FN:111,(anonymous_5)
FN:112,(anonymous_6)
FNF:5
FNH:5
FNDA:12,handler
FNDA:9,(anonymous_3)
FNDA:9,(anonymous_4)
FNDA:7,(anonymous_5)
FNDA:8,(anonymous_6)
DA:2,10
DA:3,10
DA:31,10
DA:35,10
DA:44,10
DA:49,12
DA:50,12
DA:51,2
DA:52,2
DA:53,2
DA:60,10
DA:61,9
DA:73,9
DA:74,9
DA:75,9
DA:77,9
DA:78,2
DA:81,7
DA:82,7
DA:83,7
DA:92,10
DA:93,9
DA:104,9
DA:105,9
DA:106,9
DA:107,2
DA:110,7
DA:111,7
DA:112,8
DA:116,10
DA:117,10
DA:120,10
DA:121,2
DA:122,2
DA:127,1
DA:128,1
DA:131,8
DA:134,7
DA:135,7
DA:137,3
DA:138,3
DA:139,3
LF:42
LH:42
BRDA:50,0,0,2
BRDA:77,1,0,2
BRDA:77,2,0,9
BRDA:77,2,1,7
BRDA:106,3,0,2
BRDA:111,4,0,7
BRDA:111,4,1,1
BRDA:112,5,0,7
BRDA:112,5,1,6
BRDA:117,6,0,2
BRDA:117,6,1,8
BRDA:117,7,0,10
BRDA:117,7,1,2
BRDA:120,8,0,2
BRDA:120,8,1,8
BRF:15
BRH:15
end_of_record
TN:
SF:src/pages/api/indexed-pages.ts
FN:16,(anonymous_2)
FN:22,(anonymous_3)
FN:48,(anonymous_4)
FN:60,handler
FNF:4
FNH:4
FNDA:4,(anonymous_2)
FNDA:4,(anonymous_3)
FNDA:3,(anonymous_4)
FNDA:4,handler
DA:2,1
DA:3,1
DA:4,1
DA:5,1
DA:6,1
DA:7,1
DA:16,1
DA:17,4
DA:18,4
DA:19,2
DA:22,4
DA:23,2
DA:24,2
DA:26,2
DA:39,1
DA:48,1
DA:49,3
DA:50,2
DA:60,4
DA:61,4
DA:62,4
DA:63,3
DA:64,1
DA:65,1
DA:68,1
DA:71,3
DA:72,3
DA:73,3
DA:75,1
DA:76,1
LF:30
LH:30
BRDA:18,0,0,2
BRDA:39,1,0,1
BRDA:39,1,1,0
BRDA:50,2,0,2
BRDA:50,2,1,0
BRDA:63,3,0,1
BRDA:63,4,0,3
BRDA:63,4,1,1
BRF:8
BRH:6
end_of_record
TN:
SF:src/pages/api/news.ts
FN:36,(anonymous_2)
FN:70,(anonymous_3)
FN:82,(anonymous_4)
FN:95,handler
FNF:4
FNH:4
FNDA:2,(anonymous_2)
FNDA:2,(anonymous_3)
FNDA:2,(anonymous_4)
FNDA:3,handler
DA:3,1
DA:4,1
DA:5,1
DA:6,1
DA:22,1
DA:25,1
DA:36,1
DA:37,2
DA:39,2
DA:40,2
DA:41,2
DA:42,2
DA:43,2
DA:45,2
DA:49,2
DA:50,0
DA:56,2
DA:57,2
DA:58,0
DA:61,2
DA:62,2
DA:63,0
DA:65,2
DA:66,2
DA:68,2
DA:71,2
DA:72,2
DA:73,2
DA:82,2
DA:84,2
DA:95,3
DA:97,3
DA:98,0
DA:101,3
DA:102,3
DA:105,3
DA:106,0
DA:109,3
DA:110,1
DA:113,2
DA:114,2
DA:115,2
DA:116,2
DA:118,0
DA:119,0
DA:120,0
LF:46
LH:38
BRDA:49,0,0,0
BRDA:56,1,0,2
BRDA:56,1,1,2
BRDA:57,2,0,0
BRDA:62,3,0,0
BRDA:71,4,0,2
BRDA:71,4,1,1
BRDA:72,5,0,1
BRDA:72,5,1,1
BRDA:74,6,0,2
BRDA:74,6,1,0
BRDA:76,7,0,2
BRDA:76,7,1,1
BRDA:77,8,0,2
BRDA:77,8,1,0
BRDA:79,9,0,1
BRDA:79,9,1,1
BRDA:79,10,0,2
BRDA:79,10,1,1
BRDA:82,11,0,2
BRDA:82,11,1,1
BRDA:97,12,0,0
BRDA:105,13,0,0
BRDA:105,14,0,3
BRDA:105,14,1,3
BRDA:109,15,0,1
BRF:26
BRH:19
end_of_record
TN:
SF:src/pages/api/weather.ts
FN:84,(anonymous_2)
FN:99,(anonymous_3)
FN:158,handler
FN:175,(anonymous_5)
FN:186,(anonymous_6)
FN:193,(anonymous_7)
FN:194,(anonymous_8)
FN:196,(anonymous_9)
FN:197,(anonymous_10)
FN:201,(anonymous_11)
FNF:10
FNH:8
FNDA:0,(anonymous_2)
FNDA:2,(anonymous_3)
FNDA:2,handler
FNDA:2,(anonymous_5)
FNDA:2,(anonymous_6)
FNDA:2,(anonymous_7)
FNDA:2,(anonymous_8)
FNDA:2,(anonymous_9)
FNDA:2,(anonymous_10)
FNDA:0,(anonymous_11)
DA:3,1
DA:4,1
DA:5,1
DA:6,1
DA:35,1
DA:60,1
DA:84,1
DA:99,1
DA:100,2
DA:102,2
DA:103,2
DA:104,2
DA:105,2
DA:106,2
DA:108,2
DA:109,2
DA:110,0
DA:112,2
DA:113,2
DA:114,2
DA:115,0
DA:116,0
DA:119,2
DA:120,2
DA:121,2
DA:122,2
DA:127,2
DA:128,2
DA:129,0
DA:131,2
DA:132,2
DA:133,2
DA:134,0
DA:135,0
DA:138,2
DA:158,2
DA:160,2
DA:161,0
DA:164,2
DA:165,2
DA:168,2
DA:169,0
DA:173,2
DA:175,2
DA:178,2
DA:179,0
DA:182,2
DA:183,0
DA:186,2
DA:188,2
DA:189,0
DA:192,2
DA:193,2
DA:195,2
DA:196,2
DA:197,2
DA:198,2
DA:199,2
DA:201,0
DA:203,0
DA:204,0
LF:61
LH:47
BRDA:109,0,0,0
BRDA:114,1,0,0
BRDA:128,2,0,0
BRDA:133,3,0,0
BRDA:140,4,0,2
BRDA:140,4,1,1
BRDA:145,5,0,1
BRDA:145,5,1,1
BRDA:160,6,0,0
BRDA:165,7,0,0
BRDA:168,8,0,0
BRDA:168,9,0,2
BRDA:168,9,1,2
BRDA:178,10,0,0
BRDA:182,11,0,0
BRDA:188,12,0,0
BRDA:203,13,0,0
BRF:17
BRH:6
end_of_record
TN:
SF:src/pages/api/xrp.ts
FN:12,handler
FNF:1
FNH:1
FNDA:4,handler
DA:2,1
DA:3,1
DA:4,1
DA:12,4
DA:13,4
DA:15,4
DA:26,4
DA:27,1
DA:30,3
DA:32,3
DA:33,1
DA:36,2
DA:37,2
DA:38,2
DA:39,2
DA:41,2
DA:42,2
DA:48,2
DA:49,0
DA:51,2
DA:52,2
LF:21
LH:20
BRDA:26,0,0,1
BRDA:32,1,0,1
BRDA:38,2,0,1
BRDA:38,2,1,1
BRDA:39,3,0,1
BRDA:39,3,1,1
BRDA:48,4,0,0
BRF:7
BRH:6
end_of_record
